TN:
SF:app.js
FN:33,(anonymous_0)
FN:46,createImageFolder
FN:47,(anonymous_2)
FN:48,(anonymous_3)
FN:62,createNewUser
FN:63,(anonymous_5)
FN:67,(anonymous_6)
FN:68,(anonymous_7)
FN:72,(anonymous_8)
FN:76,(anonymous_9)
FN:85,createEmptyToeEntery
FN:92,(anonymous_11)
FN:93,(anonymous_12)
FN:104,createSignedToken
FN:105,(anonymous_14)
FN:107,(anonymous_15)
FN:120,(anonymous_16)
FN:125,(anonymous_17)
FN:127,(anonymous_18)
FN:159,checkInput
FN:173,validateEmail
FN:187,(anonymous_21)
FN:199,(anonymous_22)
FN:209,(anonymous_23)
FN:210,(anonymous_24)
FN:231,(anonymous_25)
FN:259,(anonymous_26)
FN:288,(anonymous_27)
FN:311,(anonymous_28)
FN:318,(anonymous_29)
FN:334,(anonymous_30)
FNF:31
FNH:30
FNDA:9,(anonymous_0)
FNDA:1,createImageFolder
FNDA:1,(anonymous_2)
FNDA:1,(anonymous_3)
FNDA:1,createNewUser
FNDA:1,(anonymous_5)
FNDA:1,(anonymous_6)
FNDA:1,(anonymous_7)
FNDA:1,(anonymous_8)
FNDA:0,(anonymous_9)
FNDA:1,createEmptyToeEntery
FNDA:1,(anonymous_11)
FNDA:1,(anonymous_12)
FNDA:2,createSignedToken
FNDA:2,(anonymous_14)
FNDA:2,(anonymous_15)
FNDA:4,(anonymous_16)
FNDA:3,(anonymous_17)
FNDA:2,(anonymous_18)
FNDA:9,checkInput
FNDA:3,validateEmail
FNDA:9,(anonymous_21)
FNDA:2,(anonymous_22)
FNDA:1,(anonymous_23)
FNDA:1,(anonymous_24)
FNDA:3,(anonymous_25)
FNDA:8,(anonymous_26)
FNDA:2,(anonymous_27)
FNDA:3,(anonymous_28)
FNDA:2,(anonymous_29)
FNDA:2,(anonymous_30)
DA:1,9
DA:2,9
DA:3,9
DA:4,9
DA:5,9
DA:6,9
DA:7,9
DA:8,9
DA:9,9
DA:10,9
DA:11,9
DA:12,9
DA:13,9
DA:14,9
DA:15,9
DA:17,9
DA:18,9
DA:19,9
DA:20,9
DA:21,9
DA:23,9
DA:29,9
DA:30,9
DA:33,9
DA:34,9
DA:35,9
DA:37,0
DA:47,1
DA:48,1
DA:49,1
DA:63,1
DA:65,1
DA:67,1
DA:68,1
DA:69,1
DA:71,1
DA:72,1
DA:73,1
DA:74,1
DA:76,0
DA:86,1
DA:87,1
DA:92,1
DA:93,1
DA:94,1
DA:105,2
DA:106,2
DA:108,2
DA:120,9
DA:121,4
DA:122,4
DA:124,3
DA:125,3
DA:126,3
DA:127,2
DA:128,2
DA:129,2
DA:134,2
DA:135,2
DA:141,0
DA:147,1
DA:152,0
DA:161,9
DA:162,5
DA:165,4
DA:166,1
DA:169,3
DA:174,3
DA:175,3
DA:187,9
DA:189,9
DA:190,9
DA:191,9
DA:192,6
DA:194,3
DA:195,1
DA:198,2
DA:199,2
DA:201,2
DA:202,1
DA:205,1
DA:207,1
DA:209,1
DA:210,1
DA:211,1
DA:216,0
DA:222,0
DA:231,9
DA:232,3
DA:234,3
DA:235,2
DA:236,2
DA:237,2
DA:238,2
DA:240,1
DA:241,0
DA:243,1
DA:247,1
DA:259,9
DA:260,8
DA:261,8
DA:262,7
DA:263,7
DA:265,7
DA:266,1
DA:269,6
DA:270,6
DA:271,6
DA:272,6
DA:275,6
DA:276,6
DA:277,6
DA:278,6
DA:280,4
DA:284,0
DA:288,2
DA:291,2
DA:292,2
DA:293,2
DA:294,2
DA:297,2
DA:298,2
DA:300,2
DA:303,1
DA:311,9
DA:313,3
DA:314,3
DA:315,2
DA:318,2
DA:319,2
DA:320,1
DA:322,1
DA:327,1
DA:334,9
DA:335,2
DA:336,2
DA:337,2
DA:338,1
DA:341,1
DA:348,9
DA:349,9
DA:350,9
DA:351,9
DA:353,9
LF:144
LH:136
BRDA:69,0,0,0
BRDA:69,0,1,1
BRDA:122,1,0,1
BRDA:122,1,1,3
BRDA:122,2,0,4
BRDA:122,2,1,3
BRDA:126,3,0,2
BRDA:126,3,1,1
BRDA:128,4,0,2
BRDA:128,4,1,0
BRDA:161,5,0,5
BRDA:161,5,1,4
BRDA:161,6,0,9
BRDA:161,6,1,7
BRDA:161,6,2,6
BRDA:161,6,3,5
BRDA:165,7,0,1
BRDA:165,7,1,3
BRDA:165,8,0,4
BRDA:165,8,1,3
BRDA:165,8,2,3
BRDA:165,8,3,3
BRDA:191,9,0,6
BRDA:191,9,1,3
BRDA:194,10,0,1
BRDA:194,10,1,2
BRDA:201,11,0,1
BRDA:201,11,1,1
BRDA:238,12,0,1
BRDA:238,12,1,1
BRDA:240,13,0,0
BRDA:240,13,1,1
BRDA:265,14,0,1
BRDA:265,14,1,6
BRDA:265,15,0,7
BRDA:265,15,1,6
BRDA:265,15,2,6
BRDA:265,15,3,6
BRDA:276,16,0,6
BRDA:276,16,1,0
BRDA:292,17,0,2
BRDA:292,17,1,0
BRDA:319,18,0,1
BRDA:319,18,1,1
BRF:44
BRH:39
end_of_record
TN:
SF:config.js
FNF:0
FNH:0
DA:1,10
DA:3,10
DA:9,10
LF:3
LH:3
BRF:0
BRH:0
end_of_record
TN:
SF:utils.js
FN:18,getUserByUserId
FN:19,(anonymous_1)
FN:20,(anonymous_2)
FN:38,getUserIdFromToken
FN:53,loadUserObject
FN:69,getToeData
FN:70,(anonymous_6)
FN:71,(anonymous_7)
FN:85,runCommand
FN:86,(anonymous_9)
FN:87,(anonymous_10)
FNF:11
FNH:11
FNDA:8,getUserByUserId
FNDA:8,(anonymous_1)
FNDA:8,(anonymous_2)
FNDA:17,getUserIdFromToken
FNDA:17,loadUserObject
FNDA:2,getToeData
FNDA:2,(anonymous_6)
FNDA:1,(anonymous_7)
FNDA:2,runCommand
FNDA:2,(anonymous_9)
FNDA:1,(anonymous_10)
DA:5,10
DA:6,10
DA:7,10
DA:8,10
DA:9,10
DA:19,8
DA:20,8
DA:21,8
DA:22,8
DA:25,0
DA:26,0
DA:39,17
DA:41,8
DA:42,0
DA:44,8
DA:54,17
DA:55,17
DA:56,8
DA:58,8
DA:70,2
DA:71,2
DA:72,1
DA:73,1
DA:75,0
DA:86,2
DA:87,2
DA:88,1
DA:89,0
DA:90,0
DA:93,1
DA:100,10
DA:122,10
DA:123,10
DA:124,10
DA:125,10
LF:35
LH:29
BRDA:21,0,0,8
BRDA:21,0,1,0
BRDA:41,1,0,0
BRDA:41,1,1,8
BRDA:72,2,0,1
BRDA:72,2,1,0
BRDA:88,3,0,0
BRDA:88,3,1,1
BRF:8
BRH:4
end_of_record
TN:
SF:database\toe-dataSchema.js
FNF:0
FNH:0
DA:1,10
DA:2,10
DA:3,10
DA:5,10
DA:86,10
DA:141,10
LF:6
LH:6
BRF:0
BRH:0
end_of_record
TN:
SF:database\userSchema.js
FNF:0
FNH:0
DA:1,10
DA:2,10
DA:4,10
DA:7,10
DA:43,10
LF:5
LH:5
BRF:0
BRH:0
end_of_record
TN:
SF:routes\ImageValidation.js
FN:16,PrintImageValidationError
FN:26,GetAndSendValidationOutput
FN:41,(anonymous_2)
FN:72,(anonymous_3)
FNF:4
FNH:4
FNDA:1,PrintImageValidationError
FNDA:3,GetAndSendValidationOutput
FNDA:4,(anonymous_2)
FNDA:2,(anonymous_3)
DA:5,9
DA:6,9
DA:7,9
DA:17,1
DA:18,1
DA:28,3
DA:29,3
DA:41,9
DA:42,4
DA:44,4
DA:45,3
DA:46,3
DA:49,3
DA:50,3
DA:51,2
DA:52,2
DA:53,2
DA:54,2
DA:57,2
DA:60,1
DA:61,1
DA:72,9
DA:73,2
DA:74,2
DA:75,1
DA:76,1
DA:78,1
DA:79,1
DA:82,0
DA:86,9
LF:30
LH:29
BRDA:50,0,0,1
BRDA:50,0,1,2
BRDA:74,1,0,1
BRDA:74,1,1,1
BRF:4
BRH:4
end_of_record
TN:
SF:routes\diagnose.js
FN:17,PrintImageDiagnosisError
FN:27,GetAndSendDiagnosisOutput
FN:41,(anonymous_2)
FN:71,(anonymous_3)
FNF:4
FNH:4
FNDA:1,PrintImageDiagnosisError
FNDA:3,GetAndSendDiagnosisOutput
FNDA:4,(anonymous_2)
FNDA:2,(anonymous_3)
DA:5,9
DA:6,9
DA:7,9
DA:18,1
DA:19,1
DA:29,3
DA:30,3
DA:41,9
DA:42,4
DA:44,4
DA:45,3
DA:46,3
DA:48,3
DA:49,3
DA:50,2
DA:52,2
DA:55,2
DA:58,1
DA:59,1
DA:71,9
DA:73,2
DA:74,2
DA:75,1
DA:76,1
DA:78,1
DA:79,1
DA:82,0
DA:86,9
LF:28
LH:27
BRDA:49,0,0,1
BRDA:49,0,1,2
BRDA:74,1,0,1
BRDA:74,1,1,1
BRF:4
BRH:4
end_of_record
TN:
SF:routes\uploadImage.js
FN:19,SaveToeData
FN:22,(anonymous_1)
FN:44,PrintImageMovementError
FN:56,moveImageToUserImages
FN:57,(anonymous_4)
FN:59,(anonymous_5)
FN:82,moveImageToTempFolder
FN:83,(anonymous_7)
FN:89,(anonymous_8)
FN:110,GetImageExtension
FN:126,(anonymous_10)
FN:155,(anonymous_11)
FN:157,(anonymous_12)
FN:174,(anonymous_13)
FN:185,(anonymous_14)
FN:187,(anonymous_15)
FNF:16
FNH:8
FNDA:1,SaveToeData
FNDA:0,(anonymous_1)
FNDA:1,PrintImageMovementError
FNDA:1,moveImageToUserImages
FNDA:1,(anonymous_4)
FNDA:1,(anonymous_5)
FNDA:0,moveImageToTempFolder
FNDA:0,(anonymous_7)
FNDA:0,(anonymous_8)
FNDA:2,GetImageExtension
FNDA:5,(anonymous_10)
FNDA:0,(anonymous_11)
FNDA:1,(anonymous_12)
FNDA:0,(anonymous_13)
FNDA:0,(anonymous_14)
FNDA:0,(anonymous_15)
DA:1,9
DA:2,9
DA:3,9
DA:4,9
DA:5,9
DA:6,9
DA:22,1
DA:23,0
DA:24,0
DA:30,0
DA:33,0
DA:34,0
DA:45,1
DA:46,1
DA:57,1
DA:58,1
DA:59,1
DA:60,1
DA:61,1
DA:62,1
DA:65,0
DA:70,0
DA:83,0
DA:84,0
DA:86,0
DA:87,0
DA:89,0
DA:90,0
DA:91,0
DA:92,0
DA:95,0
DA:100,0
DA:111,2
DA:112,2
DA:113,2
DA:126,9
DA:127,5
DA:128,5
DA:129,3
DA:130,3
DA:131,2
DA:132,2
DA:133,2
DA:138,2
DA:141,2
DA:142,2
DA:145,2
DA:146,2
DA:147,1
DA:148,1
DA:149,1
DA:152,1
DA:155,1
DA:156,0
DA:157,1
DA:160,3
DA:174,9
DA:176,0
DA:178,0
DA:179,0
DA:182,0
DA:185,0
DA:186,0
DA:187,0
DA:191,9
LF:65
LH:40
BRDA:19,0,0,0
BRDA:23,1,0,0
BRDA:23,1,1,0
BRDA:33,2,0,0
BRDA:33,2,1,0
BRDA:60,3,0,1
BRDA:60,3,1,0
BRDA:86,4,0,0
BRDA:86,4,1,0
BRDA:90,5,0,0
BRDA:90,5,1,0
BRDA:128,6,0,0
BRDA:128,6,1,3
BRDA:146,7,0,1
BRDA:146,7,1,1
BRDA:146,8,0,2
BRDA:146,8,1,1
BRF:17
BRH:6
end_of_record
TN:
SF:routes\user.js
FN:22,hashPassword
FN:23,(anonymous_1)
FN:24,(anonymous_2)
FN:25,(anonymous_3)
FN:45,(anonymous_4)
FN:65,(anonymous_5)
FN:87,(anonymous_6)
FN:95,(anonymous_7)
FN:103,(anonymous_8)
FN:105,(anonymous_9)
FN:128,(anonymous_10)
FN:130,(anonymous_11)
FN:134,(anonymous_12)
FNF:13
FNH:4
FNDA:0,hashPassword
FNDA:0,(anonymous_1)
FNDA:0,(anonymous_2)
FNDA:0,(anonymous_3)
FNDA:3,(anonymous_4)
FNDA:3,(anonymous_5)
FNDA:6,(anonymous_6)
FNDA:2,(anonymous_7)
FNDA:0,(anonymous_8)
FNDA:0,(anonymous_9)
FNDA:0,(anonymous_10)
FNDA:0,(anonymous_11)
FNDA:0,(anonymous_12)
DA:5,9
DA:6,9
DA:7,9
DA:8,9
DA:9,9
DA:10,9
DA:11,9
DA:12,9
DA:13,9
DA:23,0
DA:24,0
DA:25,0
DA:26,0
DA:27,0
DA:30,0
DA:45,9
DA:46,3
DA:48,3
DA:51,2
DA:54,1
DA:65,9
DA:66,3
DA:68,3
DA:71,2
DA:74,1
DA:87,9
DA:88,6
DA:89,6
DA:90,6
DA:92,3
DA:93,2
DA:94,2
DA:95,2
DA:96,2
DA:97,1
DA:99,0
DA:100,0
DA:103,0
DA:104,0
DA:105,0
DA:108,1
DA:112,1
DA:118,0
DA:122,1
DA:128,9
DA:129,0
DA:130,0
DA:131,0
DA:132,0
DA:134,0
DA:135,0
DA:136,0
DA:139,0
DA:140,0
DA:141,0
DA:142,0
DA:143,0
DA:149,9
LF:58
LH:34
BRDA:26,0,0,0
BRDA:26,0,1,0
BRDA:90,1,0,3
BRDA:90,1,1,3
BRDA:90,2,0,6
BRDA:90,2,1,5
BRDA:90,2,2,4
BRDA:94,3,0,2
BRDA:94,3,1,0
BRDA:96,4,0,1
BRDA:96,4,1,1
BRDA:97,5,0,0
BRDA:97,5,1,1
BRDA:131,6,0,0
BRDA:131,6,1,0
BRDA:135,7,0,0
BRDA:135,7,1,0
BRDA:140,8,0,0
BRDA:140,8,1,0
BRF:19
BRH:9
end_of_record
TN:
SF:tests\jest.config.js
FNF:0
FNH:0
DA:1,9
LF:1
LH:1
BRF:0
BRH:0
end_of_record
TN:
SF:tests\mongodb-config.js
FNF:0
FNH:0
DA:1,1
LF:1
LH:1
BRF:0
BRH:0
end_of_record
