<?xml version="1.0" encoding="UTF-8"?>
<coverage generated="1612713843305" clover="3.2.0">
  <project timestamp="1612713843305" name="All files">
    <metrics statements="393" coveredstatements="379" conditionals="268" coveredconditionals="245" methods="119" coveredmethods="112" elements="780" coveredelements="736" complexity="0" loc="393" ncloc="393" packages="2" files="12" classes="12"/>
    <package name="components">
      <metrics statements="81" coveredstatements="81" conditionals="71" coveredconditionals="70" methods="21" coveredmethods="21"/>
      <file name="Component404.js" path="C:\Users\Behdad\Documents\4th year\capstone(working on test)\ToeFX\toefx-client\src\components\Component404.js">
        <metrics statements="1" coveredstatements="1" conditionals="0" coveredconditionals="0" methods="1" coveredmethods="1"/>
        <line num="15" count="1" type="stmt"/>
      </file>
      <file name="FirstPage.js" path="C:\Users\Behdad\Documents\4th year\capstone(working on test)\ToeFX\toefx-client\src\components\FirstPage.js">
        <metrics statements="1" coveredstatements="1" conditionals="0" coveredconditionals="0" methods="1" coveredmethods="1"/>
        <line num="17" count="1" type="stmt"/>
      </file>
      <file name="Login.js" path="C:\Users\Behdad\Documents\4th year\capstone(working on test)\ToeFX\toefx-client\src\components\Login.js">
        <metrics statements="29" coveredstatements="29" conditionals="10" coveredconditionals="10" methods="5" coveredmethods="5"/>
        <line num="24" count="20" type="stmt"/>
        <line num="25" count="20" type="stmt"/>
        <line num="37" count="20" type="stmt"/>
        <line num="38" count="13" type="stmt"/>
        <line num="41" count="13" type="cond" truecount="2" falsecount="0"/>
        <line num="42" count="5" type="stmt"/>
        <line num="43" count="5" type="stmt"/>
        <line num="45" count="8" type="cond" truecount="2" falsecount="0"/>
        <line num="46" count="1" type="stmt"/>
        <line num="47" count="1" type="stmt"/>
        <line num="51" count="7" type="stmt"/>
        <line num="52" count="7" type="stmt"/>
        <line num="57" count="1" type="stmt"/>
        <line num="60" count="1" type="stmt"/>
        <line num="63" count="6" type="cond" truecount="4" falsecount="0"/>
        <line num="64" count="3" type="stmt"/>
        <line num="66" count="3" type="stmt"/>
        <line num="67" count="3" type="stmt"/>
        <line num="69" count="3" type="stmt"/>
        <line num="71" count="3" type="stmt"/>
        <line num="74" count="3" type="stmt"/>
        <line num="77" count="3" type="stmt"/>
        <line num="80" count="3" type="stmt"/>
        <line num="83" count="3" type="stmt"/>
        <line num="85" count="3" type="stmt"/>
        <line num="95" count="56" type="cond" truecount="2" falsecount="0"/>
        <line num="98" count="56" type="stmt"/>
        <line num="126" count="4" type="stmt"/>
        <line num="138" count="4" type="stmt"/>
      </file>
      <file name="NavigationBar.js" path="C:\Users\Behdad\Documents\4th year\capstone(working on test)\ToeFX\toefx-client\src\components\NavigationBar.js">
        <metrics statements="17" coveredstatements="17" conditionals="17" coveredconditionals="16" methods="3" coveredmethods="3"/>
        <line num="19" count="10" type="stmt"/>
        <line num="22" count="10" type="cond" truecount="2" falsecount="0"/>
        <line num="23" count="7" type="stmt"/>
        <line num="25" count="1" type="stmt"/>
        <line num="35" count="3" type="cond" truecount="4" falsecount="0"/>
        <line num="37" count="1" type="stmt"/>
        <line num="43" count="2" type="cond" truecount="2" falsecount="0"/>
        <line num="45" count="1" type="stmt"/>
        <line num="49" count="1" type="cond" truecount="1" falsecount="1"/>
        <line num="51" count="1" type="stmt"/>
        <line num="57" count="10" type="stmt"/>
        <line num="58" count="10" type="stmt"/>
        <line num="59" count="10" type="cond" truecount="2" falsecount="0"/>
        <line num="61" count="9" type="stmt"/>
        <line num="67" count="9" type="stmt"/>
        <line num="74" count="10" type="stmt"/>
        <line num="99" count="10" type="stmt"/>
      </file>
      <file name="Signup.js" path="C:\Users\Behdad\Documents\4th year\capstone(working on test)\ToeFX\toefx-client\src\components\Signup.js">
        <metrics statements="33" coveredstatements="33" conditionals="44" coveredconditionals="44" methods="11" coveredmethods="11"/>
        <line num="19" count="22" type="stmt"/>
        <line num="20" count="22" type="stmt"/>
        <line num="38" count="12" type="cond" truecount="5" falsecount="0"/>
        <line num="50" count="10" type="stmt"/>
        <line num="57" count="22" type="stmt"/>
        <line num="58" count="8" type="stmt"/>
        <line num="60" count="8" type="cond" truecount="2" falsecount="0"/>
        <line num="62" count="1" type="stmt"/>
        <line num="63" count="1" type="stmt"/>
        <line num="66" count="7" type="cond" truecount="2" falsecount="0"/>
        <line num="68" count="1" type="stmt"/>
        <line num="69" count="1" type="stmt"/>
        <line num="72" count="6" type="cond" truecount="2" falsecount="0"/>
        <line num="73" count="2" type="stmt"/>
        <line num="74" count="2" type="stmt"/>
        <line num="77" count="4" type="cond" truecount="2" falsecount="0"/>
        <line num="78" count="1" type="stmt"/>
        <line num="79" count="1" type="stmt"/>
        <line num="83" count="3" type="stmt"/>
        <line num="84" count="3" type="stmt"/>
        <line num="91" count="1" type="stmt"/>
        <line num="92" count="1" type="stmt"/>
        <line num="96" count="2" type="cond" truecount="2" falsecount="0"/>
        <line num="99" count="1" type="stmt"/>
        <line num="102" count="1" type="stmt"/>
        <line num="111" count="66" type="cond" truecount="2" falsecount="0"/>
        <line num="124" count="62" type="stmt"/>
        <line num="126" count="62" type="stmt"/>
        <line num="148" count="4" type="stmt"/>
        <line num="166" count="4" type="stmt"/>
        <line num="181" count="4" type="stmt"/>
        <line num="196" count="4" type="stmt"/>
        <line num="210" count="4" type="stmt"/>
      </file>
    </package>
    <package name="components.user">
      <metrics statements="312" coveredstatements="298" conditionals="197" coveredconditionals="175" methods="98" coveredmethods="91"/>
      <file name="ApexChart.js" path="C:\Users\Behdad\Documents\4th year\capstone(working on test)\ToeFX\toefx-client\src\components\user\ApexChart.js">
        <metrics statements="70" coveredstatements="68" conditionals="50" coveredconditionals="43" methods="19" coveredmethods="18"/>
        <line num="20" count="2" type="stmt"/>
        <line num="28" count="23" type="stmt"/>
        <line num="31" count="23" type="stmt"/>
        <line num="45" count="0" type="cond" truecount="0" falsecount="2"/>
        <line num="46" count="0" type="stmt"/>
        <line num="84" count="23" type="stmt"/>
        <line num="92" count="2" type="stmt"/>
        <line num="94" count="2" type="stmt"/>
        <line num="105" count="2" type="cond" truecount="1" falsecount="1"/>
        <line num="113" count="28" type="stmt"/>
        <line num="114" count="28" type="cond" truecount="1" falsecount="1"/>
        <line num="115" count="28" type="cond" truecount="1" falsecount="1"/>
        <line num="117" count="28" type="stmt"/>
        <line num="118" count="140" type="cond" truecount="4" falsecount="0"/>
        <line num="119" count="52" type="stmt"/>
        <line num="123" count="88" type="stmt"/>
        <line num="127" count="28" type="stmt"/>
        <line num="144" count="3" type="stmt"/>
        <line num="146" count="3" type="cond" truecount="2" falsecount="0"/>
        <line num="147" count="1" type="stmt"/>
        <line num="149" count="2" type="stmt"/>
        <line num="151" count="2" type="cond" truecount="1" falsecount="1"/>
        <line num="152" count="4" type="stmt"/>
        <line num="154" count="2" type="stmt"/>
        <line num="168" count="2" type="stmt"/>
        <line num="169" count="2" type="stmt"/>
        <line num="171" count="2" type="stmt"/>
        <line num="172" count="6" type="cond" truecount="2" falsecount="0"/>
        <line num="173" count="1" type="stmt"/>
        <line num="174" count="1" type="stmt"/>
        <line num="178" count="2" type="cond" truecount="2" falsecount="0"/>
        <line num="179" count="1" type="stmt"/>
        <line num="181" count="2" type="stmt"/>
        <line num="195" count="10" type="stmt"/>
        <line num="203" count="602" type="stmt"/>
        <line num="204" count="602" type="stmt"/>
        <line num="205" count="602" type="stmt"/>
        <line num="207" count="602" type="cond" truecount="2" falsecount="0"/>
        <line num="208" count="1" type="stmt"/>
        <line num="209" count="601" type="stmt"/>
        <line num="220" count="120" type="stmt"/>
        <line num="221" count="120" type="stmt"/>
        <line num="222" count="120" type="stmt"/>
        <line num="223" count="120" type="stmt"/>
        <line num="224" count="600" type="stmt"/>
        <line num="226" count="120" type="cond" truecount="2" falsecount="0"/>
        <line num="227" count="116" type="stmt"/>
        <line num="229" count="120" type="stmt"/>
        <line num="246" count="600" type="stmt"/>
        <line num="256" count="12" type="stmt"/>
        <line num="258" count="12" type="stmt"/>
        <line num="259" count="60" type="stmt"/>
        <line num="261" count="12" type="cond" truecount="2" falsecount="0"/>
        <line num="262" count="6" type="stmt"/>
        <line num="264" count="36" type="stmt"/>
        <line num="265" count="23" type="stmt"/>
        <line num="266" count="12" type="stmt"/>
        <line num="268" count="12" type="stmt"/>
        <line num="290" count="2" type="cond" truecount="2" falsecount="0"/>
        <line num="291" count="2" type="cond" truecount="2" falsecount="0"/>
        <line num="292" count="2" type="stmt"/>
        <line num="293" count="2" type="cond" truecount="2" falsecount="0"/>
        <line num="295" count="2" type="stmt"/>
        <line num="311" count="10" type="stmt"/>
        <line num="324" count="118" type="stmt"/>
        <line num="325" count="118" type="stmt"/>
        <line num="327" count="118" type="cond" truecount="2" falsecount="0"/>
        <line num="328" count="1" type="stmt"/>
        <line num="331" count="117" type="stmt"/>
        <line num="337" count="118" type="stmt"/>
      </file>
      <file name="MyAccount.js" path="C:\Users\Behdad\Documents\4th year\capstone(working on test)\ToeFX\toefx-client\src\components\user\MyAccount.js">
        <metrics statements="28" coveredstatements="27" conditionals="22" coveredconditionals="14" methods="11" coveredmethods="10"/>
        <line num="26" count="10" type="stmt"/>
        <line num="28" count="10" type="stmt"/>
        <line num="43" count="10" type="cond" truecount="2" falsecount="0"/>
        <line num="44" count="1" type="stmt"/>
        <line num="47" count="10" type="cond" truecount="4" falsecount="0"/>
        <line num="48" count="1" type="stmt"/>
        <line num="49" count="1" type="stmt"/>
        <line num="52" count="10" type="stmt"/>
        <line num="54" count="1" type="stmt"/>
        <line num="66" count="1" type="stmt"/>
        <line num="74" count="1" type="stmt"/>
        <line num="87" count="4" type="stmt"/>
        <line num="88" count="4" type="cond" truecount="2" falsecount="2"/>
        <line num="89" count="4" type="cond" truecount="4" falsecount="0"/>
        <line num="91" count="2" type="stmt"/>
        <line num="93" count="1" type="stmt"/>
        <line num="98" count="1" type="stmt"/>
        <line num="110" count="2" type="stmt"/>
        <line num="112" count="2" type="stmt"/>
        <line num="128" count="14" type="stmt"/>
        <line num="129" count="14" type="stmt"/>
        <line num="130" count="14" type="stmt"/>
        <line num="131" count="14" type="cond" truecount="1" falsecount="1"/>
        <line num="135" count="14" type="stmt"/>
        <line num="145" count="14" type="cond" truecount="1" falsecount="1"/>
        <line num="174" count="0" type="stmt"/>
        <line num="181" count="14" type="stmt"/>
        <line num="204" count="10" type="stmt"/>
      </file>
      <file name="ResetPassword.js" path="C:\Users\Behdad\Documents\4th year\capstone(working on test)\ToeFX\toefx-client\src\components\user\ResetPassword.js">
        <metrics statements="22" coveredstatements="21" conditionals="32" coveredconditionals="32" methods="10" coveredmethods="9"/>
        <line num="19" count="19" type="stmt"/>
        <line num="21" count="19" type="stmt"/>
        <line num="36" count="7" type="cond" truecount="3" falsecount="0"/>
        <line num="46" count="7" type="stmt"/>
        <line num="54" count="5" type="stmt"/>
        <line num="57" count="5" type="cond" truecount="2" falsecount="0"/>
        <line num="59" count="1" type="stmt"/>
        <line num="61" count="4" type="cond" truecount="2" falsecount="0"/>
        <line num="64" count="1" type="stmt"/>
        <line num="70" count="3" type="cond" truecount="2" falsecount="0"/>
        <line num="72" count="1" type="stmt"/>
        <line num="81" count="2" type="stmt"/>
        <line num="85" count="0" type="stmt"/>
        <line num="87" count="2" type="cond" truecount="2" falsecount="0"/>
        <line num="88" count="1" type="stmt"/>
        <line num="92" count="1" type="stmt"/>
        <line num="107" count="45" type="cond" truecount="2" falsecount="0"/>
        <line num="120" count="41" type="stmt"/>
        <line num="121" count="41" type="stmt"/>
        <line num="141" count="2" type="stmt"/>
        <line num="154" count="2" type="stmt"/>
        <line num="167" count="2" type="stmt"/>
      </file>
      <file name="Schedule.js" path="C:\Users\Behdad\Documents\4th year\capstone(working on test)\ToeFX\toefx-client\src\components\user\Schedule.js">
        <metrics statements="15" coveredstatements="15" conditionals="6" coveredconditionals="5" methods="6" coveredmethods="6"/>
        <line num="20" count="7" type="stmt"/>
        <line num="22" count="7" type="stmt"/>
        <line num="34" count="7" type="cond" truecount="2" falsecount="0"/>
        <line num="35" count="3" type="stmt"/>
        <line num="36" count="1" type="stmt"/>
        <line num="38" count="4" type="stmt"/>
        <line num="40" count="4" type="stmt"/>
        <line num="42" count="3" type="stmt"/>
        <line num="47" count="1" type="stmt"/>
        <line num="57" count="5" type="stmt"/>
        <line num="71" count="12" type="cond" truecount="2" falsecount="0"/>
        <line num="73" count="8" type="stmt"/>
        <line num="85" count="4" type="stmt"/>
        <line num="107" count="4" type="stmt"/>
        <line num="119" count="7" type="stmt"/>
      </file>
      <file name="Sidebar.js" path="C:\Users\Behdad\Documents\4th year\capstone(working on test)\ToeFX\toefx-client\src\components\user\Sidebar.js">
        <metrics statements="21" coveredstatements="21" conditionals="8" coveredconditionals="8" methods="11" coveredmethods="11"/>
        <line num="22" count="331" type="stmt"/>
        <line num="23" count="331" type="stmt"/>
        <line num="24" count="331" type="stmt"/>
        <line num="25" count="331" type="stmt"/>
        <line num="27" count="331" type="cond" truecount="2" falsecount="0"/>
        <line num="28" count="10" type="stmt"/>
        <line num="32" count="1" type="stmt"/>
        <line num="33" count="1" type="stmt"/>
        <line num="39" count="1" type="stmt"/>
        <line num="40" count="1" type="stmt"/>
        <line num="42" count="1" type="stmt"/>
        <line num="43" count="1" type="stmt"/>
        <line num="51" count="321" type="stmt"/>
        <line num="57" count="1" type="stmt"/>
        <line num="58" count="1" type="stmt"/>
        <line num="67" count="1" type="stmt"/>
        <line num="75" count="1" type="stmt"/>
        <line num="83" count="1" type="stmt"/>
        <line num="92" count="1" type="stmt"/>
        <line num="93" count="1" type="stmt"/>
        <line num="106" count="331" type="stmt"/>
      </file>
      <file name="Upload.js" path="C:\Users\Behdad\Documents\4th year\capstone(working on test)\ToeFX\toefx-client\src\components\user\Upload.js">
        <metrics statements="99" coveredstatements="91" conditionals="54" coveredconditionals="51" methods="32" coveredmethods="28"/>
        <line num="14" count="1" type="stmt"/>
        <line num="27" count="30" type="stmt"/>
        <line num="29" count="30" type="stmt"/>
        <line num="44" count="30" type="stmt"/>
        <line num="61" count="1" type="stmt"/>
        <line num="62" count="1" type="stmt"/>
        <line num="69" count="30" type="stmt"/>
        <line num="77" count="6" type="cond" truecount="2" falsecount="0"/>
        <line num="78" count="1" type="stmt"/>
        <line num="81" count="5" type="stmt"/>
        <line num="82" count="5" type="stmt"/>
        <line num="83" count="5" type="stmt"/>
        <line num="84" count="5" type="stmt"/>
        <line num="85" count="5" type="stmt"/>
        <line num="87" count="5" type="cond" truecount="2" falsecount="0"/>
        <line num="88" count="4" type="stmt"/>
        <line num="90" count="1" type="stmt"/>
        <line num="93" count="5" type="stmt"/>
        <line num="94" count="3" type="stmt"/>
        <line num="95" count="3" type="stmt"/>
        <line num="103" count="5" type="stmt"/>
        <line num="104" count="5" type="stmt"/>
        <line num="112" count="7" type="stmt"/>
        <line num="114" count="7" type="cond" truecount="2" falsecount="0"/>
        <line num="115" count="4" type="stmt"/>
        <line num="116" count="1" type="stmt"/>
        <line num="117" count="2" type="stmt"/>
        <line num="120" count="3" type="stmt"/>
        <line num="121" count="1" type="stmt"/>
        <line num="122" count="2" type="stmt"/>
        <line num="131" count="3" type="cond" truecount="4" falsecount="0"/>
        <line num="132" count="2" type="stmt"/>
        <line num="133" count="1" type="stmt"/>
        <line num="134" count="1" type="stmt"/>
        <line num="142" count="2" type="stmt"/>
        <line num="144" count="4" type="cond" truecount="1" falsecount="1"/>
        <line num="146" count="0" type="stmt"/>
        <line num="147" count="0" type="stmt"/>
        <line num="151" count="2" type="stmt"/>
        <line num="154" count="2" type="stmt"/>
        <line num="163" count="2" type="stmt"/>
        <line num="164" count="2" type="stmt"/>
        <line num="165" count="2" type="stmt"/>
        <line num="166" count="2" type="stmt"/>
        <line num="167" count="2" type="stmt"/>
        <line num="168" count="2" type="cond" truecount="2" falsecount="0"/>
        <line num="169" count="1" type="stmt"/>
        <line num="170" count="0" type="stmt"/>
        <line num="172" count="1" type="stmt"/>
        <line num="173" count="1" type="stmt"/>
        <line num="179" count="1" type="stmt"/>
        <line num="180" count="0" type="stmt"/>
        <line num="182" count="1" type="stmt"/>
        <line num="183" count="1" type="stmt"/>
        <line num="195" count="30" type="stmt"/>
        <line num="196" count="4" type="stmt"/>
        <line num="199" count="4" type="cond" truecount="2" falsecount="0"/>
        <line num="200" count="2" type="cond" truecount="4" falsecount="0"/>
        <line num="201" count="1" type="stmt"/>
        <line num="203" count="1" type="stmt"/>
        <line num="204" count="1" type="stmt"/>
        <line num="205" count="1" type="stmt"/>
        <line num="209" count="2" type="stmt"/>
        <line num="210" count="2" type="cond" truecount="2" falsecount="0"/>
        <line num="211" count="1" type="stmt"/>
        <line num="212" count="1" type="stmt"/>
        <line num="213" count="1" type="stmt"/>
        <line num="216" count="2" type="stmt"/>
        <line num="229" count="186" type="cond" truecount="2" falsecount="0"/>
        <line num="236" count="2" type="cond" truecount="4" falsecount="0"/>
        <line num="237" count="1" type="stmt"/>
        <line num="244" count="2" type="cond" truecount="4" falsecount="0"/>
        <line num="245" count="1" type="stmt"/>
        <line num="256" count="316" type="stmt"/>
        <line num="257" count="316" type="stmt"/>
        <line num="259" count="316" type="stmt"/>
        <line num="271" count="63" type="stmt"/>
        <line num="272" count="63" type="stmt"/>
        <line num="273" count="315" type="stmt"/>
        <line num="275" count="63" type="cond" truecount="2" falsecount="0"/>
        <line num="276" count="1" type="stmt"/>
        <line num="278" count="63" type="stmt"/>
        <line num="281" count="315" type="stmt"/>
        <line num="292" count="61" type="stmt"/>
        <line num="293" count="61" type="stmt"/>
        <line num="294" count="61" type="stmt"/>
        <line num="295" count="61" type="cond" truecount="2" falsecount="0"/>
        <line num="297" count="61" type="cond" truecount="2" falsecount="0"/>
        <line num="299" count="60" type="stmt"/>
        <line num="301" count="60" type="cond" truecount="1" falsecount="1"/>
        <line num="302" count="0" type="stmt"/>
        <line num="304" count="1" type="cond" truecount="1" falsecount="1"/>
        <line num="305" count="0" type="stmt"/>
        <line num="307" count="61" type="stmt"/>
        <line num="351" count="0" type="stmt"/>
        <line num="353" count="0" type="stmt"/>
        <line num="372" count="15" type="stmt"/>
        <line num="404" count="1" type="stmt"/>
        <line num="421" count="30" type="stmt"/>
      </file>
      <file name="User.js" path="C:\Users\Behdad\Documents\4th year\capstone(working on test)\ToeFX\toefx-client\src\components\user\User.js">
        <metrics statements="57" coveredstatements="55" conditionals="25" coveredconditionals="22" methods="9" coveredmethods="9"/>
        <line num="28" count="19" type="stmt"/>
        <line num="30" count="19" type="stmt"/>
        <line num="49" count="19" type="stmt"/>
        <line num="51" count="19" type="cond" truecount="2" falsecount="0"/>
        <line num="52" count="2" type="stmt"/>
        <line num="53" count="2" type="stmt"/>
        <line num="56" count="17" type="cond" truecount="2" falsecount="0"/>
        <line num="57" count="16" type="stmt"/>
        <line num="58" count="16" type="stmt"/>
        <line num="59" count="16" type="stmt"/>
        <line num="61" count="0" type="stmt"/>
        <line num="66" count="17" type="stmt"/>
        <line num="73" count="0" type="stmt"/>
        <line num="87" count="12" type="stmt"/>
        <line num="88" count="12" type="stmt"/>
        <line num="89" count="12" type="stmt"/>
        <line num="91" count="12" type="cond" truecount="4" falsecount="0"/>
        <line num="92" count="10" type="stmt"/>
        <line num="93" count="50" type="stmt"/>
        <line num="95" count="50" type="stmt"/>
        <line num="97" count="28" type="cond" truecount="1" falsecount="1"/>
        <line num="98" count="28" type="stmt"/>
        <line num="100" count="28" type="stmt"/>
        <line num="102" count="28" type="stmt"/>
        <line num="103" count="28" type="stmt"/>
        <line num="104" count="28" type="stmt"/>
        <line num="111" count="28" type="stmt"/>
        <line num="112" count="60" type="stmt"/>
        <line num="117" count="12" type="stmt"/>
        <line num="129" count="22" type="cond" truecount="5" falsecount="0"/>
        <line num="131" count="3" type="stmt"/>
        <line num="132" count="3" type="stmt"/>
        <line num="135" count="3" type="stmt"/>
        <line num="136" count="3" type="stmt"/>
        <line num="138" count="3" type="stmt"/>
        <line num="139" count="15" type="stmt"/>
        <line num="146" count="15" type="stmt"/>
        <line num="154" count="3" type="stmt"/>
        <line num="172" count="263" type="stmt"/>
        <line num="174" count="263" type="cond" truecount="2" falsecount="0"/>
        <line num="175" count="157" type="stmt"/>
        <line num="179" count="106" type="stmt"/>
        <line num="180" count="56" type="stmt"/>
        <line num="182" count="106" type="stmt"/>
        <line num="185" count="263" type="stmt"/>
        <line num="197" count="324" type="stmt"/>
        <line num="198" count="324" type="cond" truecount="1" falsecount="1"/>
        <line num="199" count="324" type="cond" truecount="1" falsecount="1"/>
        <line num="202" count="324" type="stmt"/>
        <line num="203" count="324" type="cond" truecount="2" falsecount="0"/>
        <line num="204" count="272" type="stmt"/>
        <line num="206" count="52" type="stmt"/>
        <line num="208" count="324" type="cond" truecount="2" falsecount="0"/>
        <line num="209" count="52" type="stmt"/>
        <line num="241" count="624" type="stmt"/>
        <line num="252" count="272" type="stmt"/>
        <line num="270" count="291" type="stmt"/>
      </file>
    </package>
  </project>
</coverage>
