{"C:\\Users\\Behdad\\Documents\\4th year\\capstone(working on test)\\ToeFX\\toefx-client\\src\\components\\Component404.js": {"path":"C:\\Users\\Behdad\\Documents\\4th year\\capstone(working on test)\\ToeFX\\toefx-client\\src\\components\\Component404.js","statementMap":{"0":{"start":{"line":15,"column":8},"end":{"line":20,"column":9}}},"fnMap":{"0":{"name":"(anonymous_0)","decl":{"start":{"line":14,"column":4},"end":{"line":14,"column":5}},"loc":{"start":{"line":14,"column":13},"end":{"line":21,"column":5}},"line":14}},"branchMap":{},"s":{"0":1},"f":{"0":1},"b":{},"_coverageSchema":"43e27e138ebf9cfc5966b082cf9a028302ed4184","hash":"95fbaf00765fc004a0dba50fb65ef8bab2e8fd7a"}
,"C:\\Users\\Behdad\\Documents\\4th year\\capstone(working on test)\\ToeFX\\toefx-client\\src\\components\\FirstPage.js": {"path":"C:\\Users\\Behdad\\Documents\\4th year\\capstone(working on test)\\ToeFX\\toefx-client\\src\\components\\FirstPage.js","statementMap":{"0":{"start":{"line":17,"column":8},"end":{"line":71,"column":10}}},"fnMap":{"0":{"name":"(anonymous_0)","decl":{"start":{"line":16,"column":4},"end":{"line":16,"column":5}},"loc":{"start":{"line":16,"column":13},"end":{"line":72,"column":5}},"line":16}},"branchMap":{},"s":{"0":1},"f":{"0":1},"b":{},"_coverageSchema":"43e27e138ebf9cfc5966b082cf9a028302ed4184","hash":"08f2170768b55501cb119019ba702925c06a9582"}
,"C:\\Users\\Behdad\\Documents\\4th year\\capstone(working on test)\\ToeFX\\toefx-client\\src\\components\\Login.js": {"path":"C:\\Users\\Behdad\\Documents\\4th year\\capstone(working on test)\\ToeFX\\toefx-client\\src\\components\\Login.js","statementMap":{"0":{"start":{"line":24,"column":8},"end":{"line":24,"column":21}},"1":{"start":{"line":25,"column":8},"end":{"line":30,"column":10}},"2":{"start":{"line":37,"column":25},"end":{"line":89,"column":5}},"3":{"start":{"line":38,"column":8},"end":{"line":38,"column":27}},"4":{"start":{"line":41,"column":8},"end":{"line":44,"column":9}},"5":{"start":{"line":42,"column":12},"end":{"line":42,"column":78}},"6":{"start":{"line":43,"column":12},"end":{"line":43,"column":18}},"7":{"start":{"line":45,"column":8},"end":{"line":48,"column":9}},"8":{"start":{"line":46,"column":12},"end":{"line":46,"column":75}},"9":{"start":{"line":47,"column":12},"end":{"line":47,"column":18}},"10":{"start":{"line":51,"column":8},"end":{"line":61,"column":9}},"11":{"start":{"line":52,"column":12},"end":{"line":55,"column":14}},"12":{"start":{"line":57,"column":12},"end":{"line":59,"column":15}},"13":{"start":{"line":60,"column":12},"end":{"line":60,"column":18}},"14":{"start":{"line":63,"column":8},"end":{"line":88,"column":9}},"15":{"start":{"line":64,"column":23},"end":{"line":64,"column":36}},"16":{"start":{"line":66,"column":28},"end":{"line":66,"column":32}},"17":{"start":{"line":67,"column":12},"end":{"line":67,"column":47}},"18":{"start":{"line":69,"column":12},"end":{"line":69,"column":33}},"19":{"start":{"line":71,"column":12},"end":{"line":71,"column":62}},"20":{"start":{"line":74,"column":12},"end":{"line":74,"column":47}},"21":{"start":{"line":77,"column":12},"end":{"line":77,"column":48}},"22":{"start":{"line":80,"column":12},"end":{"line":80,"column":45}},"23":{"start":{"line":83,"column":12},"end":{"line":83,"column":37}},"24":{"start":{"line":85,"column":12},"end":{"line":87,"column":15}},"25":{"start":{"line":95,"column":25},"end":{"line":96,"column":54}},"26":{"start":{"line":98,"column":8},"end":{"line":153,"column":10}},"27":{"start":{"line":126,"column":44},"end":{"line":126,"column":89}},"28":{"start":{"line":138,"column":40},"end":{"line":138,"column":88}}},"fnMap":{"0":{"name":"(anonymous_0)","decl":{"start":{"line":23,"column":4},"end":{"line":23,"column":5}},"loc":{"start":{"line":23,"column":23},"end":{"line":31,"column":5}},"line":23},"1":{"name":"(anonymous_1)","decl":{"start":{"line":37,"column":25},"end":{"line":37,"column":26}},"loc":{"start":{"line":37,"column":38},"end":{"line":89,"column":5}},"line":37},"2":{"name":"(anonymous_2)","decl":{"start":{"line":94,"column":4},"end":{"line":94,"column":5}},"loc":{"start":{"line":94,"column":13},"end":{"line":154,"column":5}},"line":94},"3":{"name":"(anonymous_3)","decl":{"start":{"line":124,"column":46},"end":{"line":124,"column":47}},"loc":{"start":{"line":125,"column":40},"end":{"line":127,"column":41}},"line":125},"4":{"name":"(anonymous_4)","decl":{"start":{"line":137,"column":46},"end":{"line":137,"column":47}},"loc":{"start":{"line":138,"column":40},"end":{"line":138,"column":88}},"line":138}},"branchMap":{"0":{"loc":{"start":{"line":41,"column":8},"end":{"line":44,"column":9}},"type":"if","locations":[{"start":{"line":41,"column":8},"end":{"line":44,"column":9}},{"start":{"line":41,"column":8},"end":{"line":44,"column":9}}],"line":41},"1":{"loc":{"start":{"line":45,"column":8},"end":{"line":48,"column":9}},"type":"if","locations":[{"start":{"line":45,"column":8},"end":{"line":48,"column":9}},{"start":{"line":45,"column":8},"end":{"line":48,"column":9}}],"line":45},"2":{"loc":{"start":{"line":63,"column":8},"end":{"line":88,"column":9}},"type":"if","locations":[{"start":{"line":63,"column":8},"end":{"line":88,"column":9}},{"start":{"line":63,"column":8},"end":{"line":88,"column":9}}],"line":63},"3":{"loc":{"start":{"line":63,"column":12},"end":{"line":63,"column":52}},"type":"binary-expr","locations":[{"start":{"line":63,"column":12},"end":{"line":63,"column":35}},{"start":{"line":63,"column":39},"end":{"line":63,"column":52}}],"line":63},"4":{"loc":{"start":{"line":95,"column":25},"end":{"line":96,"column":54}},"type":"cond-expr","locations":[{"start":{"line":96,"column":16},"end":{"line":96,"column":49}},{"start":{"line":96,"column":52},"end":{"line":96,"column":54}}],"line":95}},"s":{"0":20,"1":20,"2":20,"3":13,"4":13,"5":5,"6":5,"7":8,"8":1,"9":1,"10":7,"11":7,"12":1,"13":1,"14":6,"15":3,"16":3,"17":3,"18":3,"19":3,"20":3,"21":3,"22":3,"23":3,"24":3,"25":56,"26":56,"27":4,"28":4},"f":{"0":20,"1":13,"2":56,"3":4,"4":4},"b":{"0":[5,8],"1":[1,7],"2":[3,3],"3":[6,4],"4":[4,52]},"_coverageSchema":"43e27e138ebf9cfc5966b082cf9a028302ed4184","hash":"67a95d20dc9310ec988c6bbf3566464774fc4c37"}
,"C:\\Users\\Behdad\\Documents\\4th year\\capstone(working on test)\\ToeFX\\toefx-client\\src\\components\\NavigationBar.js": {"path":"C:\\Users\\Behdad\\Documents\\4th year\\capstone(working on test)\\ToeFX\\toefx-client\\src\\components\\NavigationBar.js","statementMap":{"0":{"start":{"line":19,"column":30},"end":{"line":19,"column":67}},"1":{"start":{"line":22,"column":8},"end":{"line":55,"column":9}},"2":{"start":{"line":23,"column":12},"end":{"line":32,"column":18}},"3":{"start":{"line":25,"column":59},"end":{"line":25,"column":88}},"4":{"start":{"line":25,"column":89},"end":{"line":25,"column":116}},"5":{"start":{"line":35,"column":12},"end":{"line":54,"column":13}},"6":{"start":{"line":37,"column":16},"end":{"line":41,"column":23}},"7":{"start":{"line":43,"column":17},"end":{"line":54,"column":13}},"8":{"start":{"line":45,"column":16},"end":{"line":47,"column":23}},"9":{"start":{"line":49,"column":17},"end":{"line":54,"column":13}},"10":{"start":{"line":51,"column":16},"end":{"line":53,"column":23}},"11":{"start":{"line":57,"column":8},"end":{"line":57,"column":18}},"12":{"start":{"line":58,"column":8},"end":{"line":58,"column":25}},"13":{"start":{"line":59,"column":8},"end":{"line":72,"column":9}},"14":{"start":{"line":61,"column":12},"end":{"line":64,"column":28}},"15":{"start":{"line":67,"column":12},"end":{"line":71,"column":19}},"16":{"start":{"line":74,"column":8},"end":{"line":95,"column":10}},"17":{"start":{"line":99,"column":24},"end":{"line":101,"column":2}},"18":{"start":{"line":99,"column":36},"end":{"line":101,"column":1}}},"fnMap":{"0":{"name":"(anonymous_0)","decl":{"start":{"line":17,"column":4},"end":{"line":17,"column":5}},"loc":{"start":{"line":17,"column":13},"end":{"line":96,"column":5}},"line":17},"1":{"name":"(anonymous_1)","decl":{"start":{"line":25,"column":52},"end":{"line":25,"column":53}},"loc":{"start":{"line":25,"column":58},"end":{"line":25,"column":117}},"line":25},"2":{"name":"(anonymous_2)","decl":{"start":{"line":99,"column":24},"end":{"line":99,"column":25}},"loc":{"start":{"line":99,"column":36},"end":{"line":101,"column":1}},"line":99}},"branchMap":{"0":{"loc":{"start":{"line":22,"column":8},"end":{"line":55,"column":9}},"type":"if","locations":[{"start":{"line":22,"column":8},"end":{"line":55,"column":9}},{"start":{"line":22,"column":8},"end":{"line":55,"column":9}}],"line":22},"1":{"loc":{"start":{"line":28,"column":17},"end":{"line":31,"column":27}},"type":"binary-expr","locations":[{"start":{"line":28,"column":18},"end":{"line":28,"column":54}},{"start":{"line":28,"column":58},"end":{"line":28,"column":95}},{"start":{"line":29,"column":16},"end":{"line":31,"column":27}}],"line":28},"2":{"loc":{"start":{"line":35,"column":12},"end":{"line":54,"column":13}},"type":"if","locations":[{"start":{"line":35,"column":12},"end":{"line":54,"column":13}},{"start":{"line":35,"column":12},"end":{"line":54,"column":13}}],"line":35},"3":{"loc":{"start":{"line":35,"column":16},"end":{"line":35,"column":95}},"type":"binary-expr","locations":[{"start":{"line":35,"column":16},"end":{"line":35,"column":53}},{"start":{"line":35,"column":57},"end":{"line":35,"column":95}}],"line":35},"4":{"loc":{"start":{"line":43,"column":17},"end":{"line":54,"column":13}},"type":"if","locations":[{"start":{"line":43,"column":17},"end":{"line":54,"column":13}},{"start":{"line":43,"column":17},"end":{"line":54,"column":13}}],"line":43},"5":{"loc":{"start":{"line":49,"column":17},"end":{"line":54,"column":13}},"type":"if","locations":[{"start":{"line":49,"column":17},"end":{"line":54,"column":13}},{"start":{"line":49,"column":17},"end":{"line":54,"column":13}}],"line":49},"6":{"loc":{"start":{"line":59,"column":8},"end":{"line":72,"column":9}},"type":"if","locations":[{"start":{"line":59,"column":8},"end":{"line":72,"column":9}},{"start":{"line":59,"column":8},"end":{"line":72,"column":9}}],"line":59},"7":{"loc":{"start":{"line":77,"column":20},"end":{"line":92,"column":24}},"type":"cond-expr","locations":[{"start":{"line":78,"column":24},"end":{"line":91,"column":33}},{"start":{"line":92,"column":22},"end":{"line":92,"column":24}}],"line":77}},"s":{"0":10,"1":10,"2":7,"3":1,"4":1,"5":3,"6":1,"7":2,"8":1,"9":1,"10":1,"11":10,"12":10,"13":10,"14":9,"15":9,"16":10,"17":1,"18":10},"f":{"0":10,"1":1,"2":10},"b":{"0":[7,3],"1":[7,6,4],"2":[1,2],"3":[3,2],"4":[1,1],"5":[1,0],"6":[9,1],"7":[9,1]},"_coverageSchema":"43e27e138ebf9cfc5966b082cf9a028302ed4184","hash":"5d0d57fa8b640d08aa8555f637753d538982937f"}
,"C:\\Users\\Behdad\\Documents\\4th year\\capstone(working on test)\\ToeFX\\toefx-client\\src\\components\\Signup.js": {"path":"C:\\Users\\Behdad\\Documents\\4th year\\capstone(working on test)\\ToeFX\\toefx-client\\src\\components\\Signup.js","statementMap":{"0":{"start":{"line":19,"column":8},"end":{"line":19,"column":21}},"1":{"start":{"line":20,"column":8},"end":{"line":30,"column":10}},"2":{"start":{"line":38,"column":8},"end":{"line":42,"column":37}},"3":{"start":{"line":50,"column":8},"end":{"line":50,"column":68}},"4":{"start":{"line":57,"column":19},"end":{"line":104,"column":5}},"5":{"start":{"line":58,"column":8},"end":{"line":58,"column":27}},"6":{"start":{"line":60,"column":8},"end":{"line":64,"column":9}},"7":{"start":{"line":62,"column":12},"end":{"line":62,"column":108}},"8":{"start":{"line":63,"column":12},"end":{"line":63,"column":19}},"9":{"start":{"line":66,"column":8},"end":{"line":70,"column":9}},"10":{"start":{"line":68,"column":12},"end":{"line":68,"column":108}},"11":{"start":{"line":69,"column":12},"end":{"line":69,"column":19}},"12":{"start":{"line":72,"column":8},"end":{"line":75,"column":9}},"13":{"start":{"line":73,"column":12},"end":{"line":73,"column":67}},"14":{"start":{"line":74,"column":12},"end":{"line":74,"column":19}},"15":{"start":{"line":77,"column":8},"end":{"line":80,"column":9}},"16":{"start":{"line":78,"column":12},"end":{"line":78,"column":61}},"17":{"start":{"line":79,"column":12},"end":{"line":79,"column":19}},"18":{"start":{"line":83,"column":8},"end":{"line":93,"column":9}},"19":{"start":{"line":84,"column":12},"end":{"line":89,"column":14}},"20":{"start":{"line":91,"column":12},"end":{"line":91,"column":108}},"21":{"start":{"line":92,"column":12},"end":{"line":92,"column":19}},"22":{"start":{"line":96,"column":8},"end":{"line":103,"column":9}},"23":{"start":{"line":99,"column":12},"end":{"line":99,"column":46}},"24":{"start":{"line":102,"column":12},"end":{"line":102,"column":108}},"25":{"start":{"line":111,"column":8},"end":{"line":117,"column":17}},"26":{"start":{"line":124,"column":26},"end":{"line":124,"column":45}},"27":{"start":{"line":126,"column":8},"end":{"line":224,"column":10}},"28":{"start":{"line":148,"column":40},"end":{"line":148,"column":78}},"29":{"start":{"line":166,"column":40},"end":{"line":166,"column":81}},"30":{"start":{"line":181,"column":40},"end":{"line":181,"column":90}},"31":{"start":{"line":196,"column":40},"end":{"line":196,"column":77}},"32":{"start":{"line":210,"column":40},"end":{"line":210,"column":76}}},"fnMap":{"0":{"name":"(anonymous_0)","decl":{"start":{"line":18,"column":4},"end":{"line":18,"column":5}},"loc":{"start":{"line":18,"column":23},"end":{"line":31,"column":5}},"line":18},"1":{"name":"(anonymous_1)","decl":{"start":{"line":37,"column":4},"end":{"line":37,"column":5}},"loc":{"start":{"line":37,"column":26},"end":{"line":43,"column":5}},"line":37},"2":{"name":"(anonymous_2)","decl":{"start":{"line":49,"column":4},"end":{"line":49,"column":5}},"loc":{"start":{"line":49,"column":23},"end":{"line":51,"column":5}},"line":49},"3":{"name":"(anonymous_3)","decl":{"start":{"line":57,"column":19},"end":{"line":57,"column":20}},"loc":{"start":{"line":57,"column":31},"end":{"line":104,"column":5}},"line":57},"4":{"name":"(anonymous_4)","decl":{"start":{"line":110,"column":4},"end":{"line":110,"column":5}},"loc":{"start":{"line":110,"column":19},"end":{"line":118,"column":5}},"line":110},"5":{"name":"(anonymous_5)","decl":{"start":{"line":123,"column":4},"end":{"line":123,"column":5}},"loc":{"start":{"line":123,"column":13},"end":{"line":225,"column":5}},"line":123},"6":{"name":"(anonymous_6)","decl":{"start":{"line":147,"column":46},"end":{"line":147,"column":47}},"loc":{"start":{"line":148,"column":40},"end":{"line":148,"column":78}},"line":148},"7":{"name":"(anonymous_7)","decl":{"start":{"line":165,"column":46},"end":{"line":165,"column":47}},"loc":{"start":{"line":166,"column":40},"end":{"line":166,"column":81}},"line":166},"8":{"name":"(anonymous_8)","decl":{"start":{"line":180,"column":46},"end":{"line":180,"column":47}},"loc":{"start":{"line":181,"column":40},"end":{"line":181,"column":90}},"line":181},"9":{"name":"(anonymous_9)","decl":{"start":{"line":195,"column":46},"end":{"line":195,"column":47}},"loc":{"start":{"line":196,"column":40},"end":{"line":196,"column":77}},"line":196},"10":{"name":"(anonymous_10)","decl":{"start":{"line":209,"column":46},"end":{"line":209,"column":47}},"loc":{"start":{"line":210,"column":40},"end":{"line":210,"column":76}},"line":210}},"branchMap":{"0":{"loc":{"start":{"line":38,"column":15},"end":{"line":42,"column":36}},"type":"binary-expr","locations":[{"start":{"line":38,"column":15},"end":{"line":38,"column":37}},{"start":{"line":39,"column":15},"end":{"line":39,"column":38}},{"start":{"line":40,"column":15},"end":{"line":40,"column":41}},{"start":{"line":41,"column":15},"end":{"line":41,"column":50}},{"start":{"line":42,"column":15},"end":{"line":42,"column":36}}],"line":38},"1":{"loc":{"start":{"line":60,"column":8},"end":{"line":64,"column":9}},"type":"if","locations":[{"start":{"line":60,"column":8},"end":{"line":64,"column":9}},{"start":{"line":60,"column":8},"end":{"line":64,"column":9}}],"line":60},"2":{"loc":{"start":{"line":66,"column":8},"end":{"line":70,"column":9}},"type":"if","locations":[{"start":{"line":66,"column":8},"end":{"line":70,"column":9}},{"start":{"line":66,"column":8},"end":{"line":70,"column":9}}],"line":66},"3":{"loc":{"start":{"line":72,"column":8},"end":{"line":75,"column":9}},"type":"if","locations":[{"start":{"line":72,"column":8},"end":{"line":75,"column":9}},{"start":{"line":72,"column":8},"end":{"line":75,"column":9}}],"line":72},"4":{"loc":{"start":{"line":77,"column":8},"end":{"line":80,"column":9}},"type":"if","locations":[{"start":{"line":77,"column":8},"end":{"line":80,"column":9}},{"start":{"line":77,"column":8},"end":{"line":80,"column":9}}],"line":77},"5":{"loc":{"start":{"line":96,"column":8},"end":{"line":103,"column":9}},"type":"if","locations":[{"start":{"line":96,"column":8},"end":{"line":103,"column":9}},{"start":{"line":96,"column":8},"end":{"line":103,"column":9}}],"line":96},"6":{"loc":{"start":{"line":111,"column":15},"end":{"line":117,"column":16}},"type":"cond-expr","locations":[{"start":{"line":112,"column":16},"end":{"line":112,"column":51}},{"start":{"line":113,"column":14},"end":{"line":117,"column":16}}],"line":111},"7":{"loc":{"start":{"line":113,"column":14},"end":{"line":117,"column":16}},"type":"cond-expr","locations":[{"start":{"line":114,"column":16},"end":{"line":114,"column":58}},{"start":{"line":115,"column":14},"end":{"line":117,"column":16}}],"line":113},"8":{"loc":{"start":{"line":115,"column":14},"end":{"line":117,"column":16}},"type":"cond-expr","locations":[{"start":{"line":116,"column":16},"end":{"line":116,"column":77}},{"start":{"line":117,"column":14},"end":{"line":117,"column":16}}],"line":115},"9":{"loc":{"start":{"line":150,"column":49},"end":{"line":151,"column":108}},"type":"cond-expr","locations":[{"start":{"line":151,"column":83},"end":{"line":151,"column":103}},{"start":{"line":151,"column":106},"end":{"line":151,"column":108}}],"line":150},"10":{"loc":{"start":{"line":150,"column":49},"end":{"line":151,"column":80}},"type":"binary-expr","locations":[{"start":{"line":150,"column":50},"end":{"line":150,"column":76}},{"start":{"line":150,"column":80},"end":{"line":150,"column":103}},{"start":{"line":151,"column":51},"end":{"line":151,"column":80}}],"line":150},"11":{"loc":{"start":{"line":168,"column":49},"end":{"line":169,"column":111}},"type":"cond-expr","locations":[{"start":{"line":169,"column":86},"end":{"line":169,"column":106}},{"start":{"line":169,"column":109},"end":{"line":169,"column":111}}],"line":168},"12":{"loc":{"start":{"line":168,"column":49},"end":{"line":169,"column":83}},"type":"binary-expr","locations":[{"start":{"line":168,"column":50},"end":{"line":168,"column":76}},{"start":{"line":168,"column":80},"end":{"line":168,"column":106}},{"start":{"line":169,"column":51},"end":{"line":169,"column":83}}],"line":168},"13":{"loc":{"start":{"line":183,"column":49},"end":{"line":184,"column":111}},"type":"cond-expr","locations":[{"start":{"line":184,"column":86},"end":{"line":184,"column":106}},{"start":{"line":184,"column":109},"end":{"line":184,"column":111}}],"line":183},"14":{"loc":{"start":{"line":183,"column":49},"end":{"line":184,"column":83}},"type":"binary-expr","locations":[{"start":{"line":183,"column":50},"end":{"line":183,"column":76}},{"start":{"line":183,"column":80},"end":{"line":183,"column":115}},{"start":{"line":184,"column":51},"end":{"line":184,"column":83}}],"line":183},"15":{"loc":{"start":{"line":198,"column":49},"end":{"line":198,"column":131}},"type":"cond-expr","locations":[{"start":{"line":198,"column":106},"end":{"line":198,"column":126}},{"start":{"line":198,"column":129},"end":{"line":198,"column":131}}],"line":198},"16":{"loc":{"start":{"line":198,"column":50},"end":{"line":198,"column":102}},"type":"binary-expr","locations":[{"start":{"line":198,"column":50},"end":{"line":198,"column":76}},{"start":{"line":198,"column":80},"end":{"line":198,"column":102}}],"line":198},"17":{"loc":{"start":{"line":212,"column":49},"end":{"line":212,"column":130}},"type":"cond-expr","locations":[{"start":{"line":212,"column":105},"end":{"line":212,"column":125}},{"start":{"line":212,"column":128},"end":{"line":212,"column":130}}],"line":212},"18":{"loc":{"start":{"line":212,"column":50},"end":{"line":212,"column":101}},"type":"binary-expr","locations":[{"start":{"line":212,"column":50},"end":{"line":212,"column":76}},{"start":{"line":212,"column":80},"end":{"line":212,"column":101}}],"line":212}},"s":{"0":22,"1":22,"2":12,"3":10,"4":22,"5":8,"6":8,"7":1,"8":1,"9":7,"10":1,"11":1,"12":6,"13":2,"14":2,"15":4,"16":1,"17":1,"18":3,"19":3,"20":1,"21":1,"22":2,"23":1,"24":1,"25":66,"26":62,"27":62,"28":4,"29":4,"30":4,"31":4,"32":4},"f":{"0":22,"1":12,"2":10,"3":8,"4":66,"5":62,"6":4,"7":4,"8":4,"9":4,"10":4},"b":{"0":[12,10,8,8,8],"1":[1,7],"2":[1,6],"3":[2,4],"4":[1,3],"5":[1,1],"6":[3,63],"7":[3,60],"8":[4,56],"9":[5,57],"10":[62,2,60],"11":[4,58],"12":[62,2,60],"13":[4,58],"14":[62,2,60],"15":[2,60],"16":[62,2],"17":[2,60],"18":[62,2]},"_coverageSchema":"43e27e138ebf9cfc5966b082cf9a028302ed4184","hash":"05967066babf24faf0a8c71c3c7e6aed1748b61c"}
,"C:\\Users\\Behdad\\Documents\\4th year\\capstone(working on test)\\ToeFX\\toefx-client\\src\\components\\user\\ApexChart.js": {"path":"C:\\Users\\Behdad\\Documents\\4th year\\capstone(working on test)\\ToeFX\\toefx-client\\src\\components\\user\\ApexChart.js","statementMap":{"0":{"start":{"line":20,"column":29},"end":{"line":20,"column":62}},"1":{"start":{"line":28,"column":8},"end":{"line":28,"column":21}},"2":{"start":{"line":31,"column":8},"end":{"line":80,"column":10}},"3":{"start":{"line":45,"column":28},"end":{"line":46,"column":110}},"4":{"start":{"line":46,"column":32},"end":{"line":46,"column":110}},"5":{"start":{"line":84,"column":8},"end":{"line":84,"column":34}},"6":{"start":{"line":92,"column":24},"end":{"line":92,"column":44}},"7":{"start":{"line":94,"column":8},"end":{"line":101,"column":10}},"8":{"start":{"line":105,"column":8},"end":{"line":105,"column":85}},"9":{"start":{"line":113,"column":22},"end":{"line":113,"column":24}},"10":{"start":{"line":114,"column":19},"end":{"line":114,"column":97}},"11":{"start":{"line":115,"column":20},"end":{"line":115,"column":100}},"12":{"start":{"line":117,"column":8},"end":{"line":125,"column":9}},"13":{"start":{"line":117,"column":21},"end":{"line":117,"column":22}},"14":{"start":{"line":118,"column":12},"end":{"line":124,"column":13}},"15":{"start":{"line":119,"column":16},"end":{"line":119,"column":38}},"16":{"start":{"line":123,"column":16},"end":{"line":123,"column":51}},"17":{"start":{"line":127,"column":8},"end":{"line":136,"column":11}},"18":{"start":{"line":144,"column":24},"end":{"line":144,"column":59}},"19":{"start":{"line":146,"column":8},"end":{"line":147,"column":18}},"20":{"start":{"line":147,"column":12},"end":{"line":147,"column":18}},"21":{"start":{"line":149,"column":8},"end":{"line":149,"column":30}},"22":{"start":{"line":151,"column":27},"end":{"line":151,"column":105}},"23":{"start":{"line":152,"column":29},"end":{"line":152,"column":88}},"24":{"start":{"line":152,"column":67},"end":{"line":152,"column":80}},"25":{"start":{"line":154,"column":8},"end":{"line":160,"column":10}},"26":{"start":{"line":168,"column":24},"end":{"line":168,"column":59}},"27":{"start":{"line":169,"column":22},"end":{"line":169,"column":27}},"28":{"start":{"line":171,"column":8},"end":{"line":176,"column":9}},"29":{"start":{"line":172,"column":12},"end":{"line":175,"column":13}},"30":{"start":{"line":173,"column":16},"end":{"line":173,"column":31}},"31":{"start":{"line":174,"column":16},"end":{"line":174,"column":22}},"32":{"start":{"line":178,"column":8},"end":{"line":179,"column":55}},"33":{"start":{"line":179,"column":12},"end":{"line":179,"column":55}},"34":{"start":{"line":181,"column":8},"end":{"line":187,"column":10}},"35":{"start":{"line":195,"column":8},"end":{"line":195,"column":90}},"36":{"start":{"line":195,"column":57},"end":{"line":195,"column":67}},"37":{"start":{"line":203,"column":36},"end":{"line":203,"column":54}},"38":{"start":{"line":204,"column":35},"end":{"line":204,"column":79}},"39":{"start":{"line":205,"column":25},"end":{"line":205,"column":101}},"40":{"start":{"line":207,"column":8},"end":{"line":208,"column":21}},"41":{"start":{"line":208,"column":12},"end":{"line":208,"column":21}},"42":{"start":{"line":209,"column":8},"end":{"line":213,"column":10}},"43":{"start":{"line":220,"column":36},"end":{"line":220,"column":54}},"44":{"start":{"line":221,"column":35},"end":{"line":221,"column":79}},"45":{"start":{"line":222,"column":23},"end":{"line":222,"column":25}},"46":{"start":{"line":223,"column":8},"end":{"line":224,"column":29}},"47":{"start":{"line":223,"column":21},"end":{"line":223,"column":22}},"48":{"start":{"line":224,"column":12},"end":{"line":224,"column":29}},"49":{"start":{"line":226,"column":8},"end":{"line":227,"column":31}},"50":{"start":{"line":227,"column":12},"end":{"line":227,"column":31}},"51":{"start":{"line":229,"column":8},"end":{"line":249,"column":10}},"52":{"start":{"line":246,"column":44},"end":{"line":246,"column":70}},"53":{"start":{"line":256,"column":23},"end":{"line":256,"column":25}},"54":{"start":{"line":258,"column":8},"end":{"line":259,"column":40}},"55":{"start":{"line":258,"column":21},"end":{"line":258,"column":22}},"56":{"start":{"line":259,"column":12},"end":{"line":259,"column":40}},"57":{"start":{"line":261,"column":8},"end":{"line":262,"column":31}},"58":{"start":{"line":262,"column":12},"end":{"line":262,"column":31}},"59":{"start":{"line":264,"column":31},"end":{"line":264,"column":100}},"60":{"start":{"line":264,"column":82},"end":{"line":264,"column":98}},"61":{"start":{"line":265,"column":25},"end":{"line":265,"column":100}},"62":{"start":{"line":265,"column":79},"end":{"line":265,"column":92}},"63":{"start":{"line":266,"column":29},"end":{"line":266,"column":66}},"64":{"start":{"line":268,"column":8},"end":{"line":282,"column":9}},"65":{"start":{"line":290,"column":23},"end":{"line":290,"column":101}},"66":{"start":{"line":291,"column":20},"end":{"line":291,"column":100}},"67":{"start":{"line":292,"column":27},"end":{"line":292,"column":59}},"68":{"start":{"line":293,"column":23},"end":{"line":293,"column":105}},"69":{"start":{"line":295,"column":8},"end":{"line":316,"column":10}},"70":{"start":{"line":311,"column":73},"end":{"line":311,"column":114}},"71":{"start":{"line":324,"column":37},"end":{"line":324,"column":56}},"72":{"start":{"line":325,"column":36},"end":{"line":325,"column":81}},"73":{"start":{"line":327,"column":8},"end":{"line":335,"column":9}},"74":{"start":{"line":328,"column":12},"end":{"line":328,"column":58}},"75":{"start":{"line":331,"column":12},"end":{"line":334,"column":22}},"76":{"start":{"line":337,"column":8},"end":{"line":367,"column":10}}},"fnMap":{"0":{"name":"(anonymous_0)","decl":{"start":{"line":27,"column":4},"end":{"line":27,"column":5}},"loc":{"start":{"line":27,"column":23},"end":{"line":81,"column":5}},"line":27},"1":{"name":"(anonymous_1)","decl":{"start":{"line":42,"column":31},"end":{"line":42,"column":32}},"loc":{"start":{"line":42,"column":64},"end":{"line":47,"column":25}},"line":42},"2":{"name":"(anonymous_2)","decl":{"start":{"line":83,"column":4},"end":{"line":83,"column":5}},"loc":{"start":{"line":83,"column":24},"end":{"line":85,"column":5}},"line":83},"3":{"name":"(anonymous_3)","decl":{"start":{"line":91,"column":4},"end":{"line":91,"column":5}},"loc":{"start":{"line":91,"column":27},"end":{"line":106,"column":5}},"line":91},"4":{"name":"(anonymous_4)","decl":{"start":{"line":112,"column":4},"end":{"line":112,"column":5}},"loc":{"start":{"line":112,"column":25},"end":{"line":137,"column":5}},"line":112},"5":{"name":"(anonymous_5)","decl":{"start":{"line":143,"column":4},"end":{"line":143,"column":5}},"loc":{"start":{"line":143,"column":17},"end":{"line":161,"column":5}},"line":143},"6":{"name":"(anonymous_6)","decl":{"start":{"line":152,"column":59},"end":{"line":152,"column":60}},"loc":{"start":{"line":152,"column":67},"end":{"line":152,"column":80}},"line":152},"7":{"name":"(anonymous_7)","decl":{"start":{"line":167,"column":4},"end":{"line":167,"column":5}},"loc":{"start":{"line":167,"column":22},"end":{"line":188,"column":5}},"line":167},"8":{"name":"(anonymous_8)","decl":{"start":{"line":194,"column":4},"end":{"line":194,"column":5}},"loc":{"start":{"line":194,"column":22},"end":{"line":196,"column":5}},"line":194},"9":{"name":"(anonymous_9)","decl":{"start":{"line":195,"column":43},"end":{"line":195,"column":44}},"loc":{"start":{"line":195,"column":57},"end":{"line":195,"column":67}},"line":195},"10":{"name":"(anonymous_10)","decl":{"start":{"line":202,"column":4},"end":{"line":202,"column":5}},"loc":{"start":{"line":202,"column":26},"end":{"line":214,"column":5}},"line":202},"11":{"name":"(anonymous_11)","decl":{"start":{"line":219,"column":4},"end":{"line":219,"column":5}},"loc":{"start":{"line":219,"column":22},"end":{"line":250,"column":5}},"line":219},"12":{"name":"(anonymous_12)","decl":{"start":{"line":246,"column":33},"end":{"line":246,"column":34}},"loc":{"start":{"line":246,"column":44},"end":{"line":246,"column":70}},"line":246},"13":{"name":"(anonymous_13)","decl":{"start":{"line":255,"column":4},"end":{"line":255,"column":5}},"loc":{"start":{"line":255,"column":47},"end":{"line":283,"column":5}},"line":255},"14":{"name":"(anonymous_14)","decl":{"start":{"line":264,"column":71},"end":{"line":264,"column":72}},"loc":{"start":{"line":264,"column":82},"end":{"line":264,"column":98}},"line":264},"15":{"name":"(anonymous_15)","decl":{"start":{"line":265,"column":71},"end":{"line":265,"column":72}},"loc":{"start":{"line":265,"column":79},"end":{"line":265,"column":92}},"line":265},"16":{"name":"(anonymous_16)","decl":{"start":{"line":289,"column":4},"end":{"line":289,"column":5}},"loc":{"start":{"line":289,"column":31},"end":{"line":317,"column":5}},"line":289},"17":{"name":"(anonymous_17)","decl":{"start":{"line":311,"column":41},"end":{"line":311,"column":42}},"loc":{"start":{"line":311,"column":73},"end":{"line":311,"column":114}},"line":311},"18":{"name":"(anonymous_18)","decl":{"start":{"line":322,"column":4},"end":{"line":322,"column":5}},"loc":{"start":{"line":322,"column":13},"end":{"line":368,"column":5}},"line":322}},"branchMap":{"0":{"loc":{"start":{"line":45,"column":28},"end":{"line":46,"column":110}},"type":"if","locations":[{"start":{"line":45,"column":28},"end":{"line":46,"column":110}},{"start":{"line":45,"column":28},"end":{"line":46,"column":110}}],"line":45},"1":{"loc":{"start":{"line":105,"column":39},"end":{"line":105,"column":82}},"type":"cond-expr","locations":[{"start":{"line":105,"column":54},"end":{"line":105,"column":66}},{"start":{"line":105,"column":69},"end":{"line":105,"column":82}}],"line":105},"2":{"loc":{"start":{"line":114,"column":19},"end":{"line":114,"column":97}},"type":"cond-expr","locations":[{"start":{"line":114,"column":47},"end":{"line":114,"column":70}},{"start":{"line":114,"column":73},"end":{"line":114,"column":97}}],"line":114},"3":{"loc":{"start":{"line":115,"column":20},"end":{"line":115,"column":100}},"type":"cond-expr","locations":[{"start":{"line":115,"column":48},"end":{"line":115,"column":72}},{"start":{"line":115,"column":75},"end":{"line":115,"column":100}}],"line":115},"4":{"loc":{"start":{"line":118,"column":12},"end":{"line":124,"column":13}},"type":"if","locations":[{"start":{"line":118,"column":12},"end":{"line":124,"column":13}},{"start":{"line":118,"column":12},"end":{"line":124,"column":13}}],"line":118},"5":{"loc":{"start":{"line":118,"column":16},"end":{"line":118,"column":50}},"type":"binary-expr","locations":[{"start":{"line":118,"column":16},"end":{"line":118,"column":39}},{"start":{"line":118,"column":43},"end":{"line":118,"column":50}}],"line":118},"6":{"loc":{"start":{"line":146,"column":8},"end":{"line":147,"column":18}},"type":"if","locations":[{"start":{"line":146,"column":8},"end":{"line":147,"column":18}},{"start":{"line":146,"column":8},"end":{"line":147,"column":18}}],"line":146},"7":{"loc":{"start":{"line":151,"column":27},"end":{"line":151,"column":105}},"type":"cond-expr","locations":[{"start":{"line":151,"column":55},"end":{"line":151,"column":78}},{"start":{"line":151,"column":81},"end":{"line":151,"column":105}}],"line":151},"8":{"loc":{"start":{"line":172,"column":12},"end":{"line":175,"column":13}},"type":"if","locations":[{"start":{"line":172,"column":12},"end":{"line":175,"column":13}},{"start":{"line":172,"column":12},"end":{"line":175,"column":13}}],"line":172},"9":{"loc":{"start":{"line":178,"column":8},"end":{"line":179,"column":55}},"type":"if","locations":[{"start":{"line":178,"column":8},"end":{"line":179,"column":55}},{"start":{"line":178,"column":8},"end":{"line":179,"column":55}}],"line":178},"10":{"loc":{"start":{"line":207,"column":8},"end":{"line":208,"column":21}},"type":"if","locations":[{"start":{"line":207,"column":8},"end":{"line":208,"column":21}},{"start":{"line":207,"column":8},"end":{"line":208,"column":21}}],"line":207},"11":{"loc":{"start":{"line":211,"column":50},"end":{"line":211,"column":96}},"type":"cond-expr","locations":[{"start":{"line":211,"column":80},"end":{"line":211,"column":91}},{"start":{"line":211,"column":94},"end":{"line":211,"column":96}}],"line":211},"12":{"loc":{"start":{"line":226,"column":8},"end":{"line":227,"column":31}},"type":"if","locations":[{"start":{"line":226,"column":8},"end":{"line":227,"column":31}},{"start":{"line":226,"column":8},"end":{"line":227,"column":31}}],"line":226},"13":{"loc":{"start":{"line":241,"column":28},"end":{"line":241,"column":96}},"type":"cond-expr","locations":[{"start":{"line":241,"column":54},"end":{"line":241,"column":73}},{"start":{"line":241,"column":76},"end":{"line":241,"column":96}}],"line":241},"14":{"loc":{"start":{"line":242,"column":26},"end":{"line":242,"column":94}},"type":"cond-expr","locations":[{"start":{"line":242,"column":52},"end":{"line":242,"column":71}},{"start":{"line":242,"column":74},"end":{"line":242,"column":94}}],"line":242},"15":{"loc":{"start":{"line":261,"column":8},"end":{"line":262,"column":31}},"type":"if","locations":[{"start":{"line":261,"column":8},"end":{"line":262,"column":31}},{"start":{"line":261,"column":8},"end":{"line":262,"column":31}}],"line":261},"16":{"loc":{"start":{"line":269,"column":12},"end":{"line":281,"column":34}},"type":"cond-expr","locations":[{"start":{"line":271,"column":16},"end":{"line":279,"column":21}},{"start":{"line":281,"column":16},"end":{"line":281,"column":34}}],"line":269},"17":{"loc":{"start":{"line":269,"column":13},"end":{"line":269,"column":53}},"type":"binary-expr","locations":[{"start":{"line":269,"column":14},"end":{"line":269,"column":32}},{"start":{"line":269,"column":37},"end":{"line":269,"column":53}}],"line":269},"18":{"loc":{"start":{"line":273,"column":34},"end":{"line":273,"column":65}},"type":"binary-expr","locations":[{"start":{"line":273,"column":34},"end":{"line":273,"column":52}},{"start":{"line":273,"column":56},"end":{"line":273,"column":65}}],"line":273},"19":{"loc":{"start":{"line":290,"column":23},"end":{"line":290,"column":101}},"type":"cond-expr","locations":[{"start":{"line":290,"column":51},"end":{"line":290,"column":74}},{"start":{"line":290,"column":77},"end":{"line":290,"column":101}}],"line":290},"20":{"loc":{"start":{"line":291,"column":20},"end":{"line":291,"column":100}},"type":"cond-expr","locations":[{"start":{"line":291,"column":48},"end":{"line":291,"column":72}},{"start":{"line":291,"column":75},"end":{"line":291,"column":100}}],"line":291},"21":{"loc":{"start":{"line":293,"column":23},"end":{"line":293,"column":105}},"type":"cond-expr","locations":[{"start":{"line":293,"column":51},"end":{"line":293,"column":76}},{"start":{"line":293,"column":79},"end":{"line":293,"column":105}}],"line":293},"22":{"loc":{"start":{"line":327,"column":8},"end":{"line":335,"column":9}},"type":"if","locations":[{"start":{"line":327,"column":8},"end":{"line":335,"column":9}},{"start":{"line":327,"column":8},"end":{"line":335,"column":9}}],"line":327},"23":{"loc":{"start":{"line":342,"column":36},"end":{"line":342,"column":108}},"type":"cond-expr","locations":[{"start":{"line":342,"column":62},"end":{"line":342,"column":83}},{"start":{"line":342,"column":86},"end":{"line":342,"column":108}}],"line":342},"24":{"loc":{"start":{"line":347,"column":36},"end":{"line":347,"column":109}},"type":"cond-expr","locations":[{"start":{"line":347,"column":63},"end":{"line":347,"column":84}},{"start":{"line":347,"column":87},"end":{"line":347,"column":109}}],"line":347}},"s":{"0":2,"1":23,"2":23,"3":0,"4":0,"5":23,"6":2,"7":2,"8":2,"9":28,"10":28,"11":28,"12":28,"13":28,"14":140,"15":52,"16":88,"17":28,"18":3,"19":3,"20":1,"21":2,"22":2,"23":2,"24":4,"25":2,"26":2,"27":2,"28":2,"29":6,"30":1,"31":1,"32":2,"33":1,"34":2,"35":2,"36":10,"37":602,"38":602,"39":602,"40":602,"41":1,"42":601,"43":120,"44":120,"45":120,"46":120,"47":120,"48":600,"49":120,"50":116,"51":120,"52":600,"53":12,"54":12,"55":12,"56":60,"57":12,"58":6,"59":12,"60":36,"61":12,"62":23,"63":12,"64":12,"65":2,"66":2,"67":2,"68":2,"69":2,"70":10,"71":118,"72":118,"73":118,"74":1,"75":117,"76":118},"f":{"0":23,"1":0,"2":23,"3":2,"4":28,"5":3,"6":4,"7":2,"8":2,"9":10,"10":602,"11":120,"12":600,"13":12,"14":36,"15":23,"16":2,"17":10,"18":118},"b":{"0":[0,0],"1":[2,0],"2":[28,0],"3":[28,0],"4":[52,88],"5":[140,56],"6":[1,2],"7":[2,0],"8":[1,5],"9":[1,1],"10":[1,601],"11":[268,333],"12":[116,4],"13":[116,4],"14":[116,4],"15":[6,6],"16":[3,9],"17":[12,4],"18":[3,0],"19":[1,1],"20":[1,1],"21":[1,1],"22":[1,117],"23":[115,3],"24":[3,115]},"_coverageSchema":"43e27e138ebf9cfc5966b082cf9a028302ed4184","hash":"0627b8ce2e5e359520e0d3f46708c58196f4f835"}
,"C:\\Users\\Behdad\\Documents\\4th year\\capstone(working on test)\\ToeFX\\toefx-client\\src\\components\\user\\MyAccount.js": {"path":"C:\\Users\\Behdad\\Documents\\4th year\\capstone(working on test)\\ToeFX\\toefx-client\\src\\components\\user\\MyAccount.js","statementMap":{"0":{"start":{"line":26,"column":8},"end":{"line":26,"column":21}},"1":{"start":{"line":28,"column":8},"end":{"line":34,"column":10}},"2":{"start":{"line":43,"column":8},"end":{"line":44,"column":46}},"3":{"start":{"line":44,"column":12},"end":{"line":44,"column":46}},"4":{"start":{"line":47,"column":8},"end":{"line":50,"column":9}},"5":{"start":{"line":48,"column":12},"end":{"line":48,"column":53}},"6":{"start":{"line":49,"column":12},"end":{"line":49,"column":54}},"7":{"start":{"line":52,"column":23},"end":{"line":52,"column":86}},"8":{"start":{"line":54,"column":8},"end":{"line":59,"column":11}},"9":{"start":{"line":66,"column":8},"end":{"line":66,"column":54}},"10":{"start":{"line":74,"column":8},"end":{"line":76,"column":11}},"11":{"start":{"line":87,"column":8},"end":{"line":99,"column":9}},"12":{"start":{"line":88,"column":8},"end":{"line":96,"column":13}},"13":{"start":{"line":89,"column":12},"end":{"line":96,"column":13}},"14":{"start":{"line":91,"column":16},"end":{"line":94,"column":22}},"15":{"start":{"line":93,"column":24},"end":{"line":93,"column":49}},"16":{"start":{"line":98,"column":12},"end":{"line":98,"column":56}},"17":{"start":{"line":110,"column":8},"end":{"line":121,"column":9}},"18":{"start":{"line":112,"column":16},"end":{"line":119,"column":21}},"19":{"start":{"line":128,"column":30},"end":{"line":128,"column":53}},"20":{"start":{"line":129,"column":37},"end":{"line":129,"column":56}},"21":{"start":{"line":130,"column":36},"end":{"line":130,"column":81}},"22":{"start":{"line":131,"column":32},"end":{"line":131,"column":65}},"23":{"start":{"line":135,"column":12},"end":{"line":141,"column":18}},"24":{"start":{"line":145,"column":31},"end":{"line":179,"column":18}},"25":{"start":{"line":174,"column":93},"end":{"line":174,"column":144}},"26":{"start":{"line":181,"column":8},"end":{"line":200,"column":9}},"27":{"start":{"line":204,"column":24},"end":{"line":207,"column":2}},"28":{"start":{"line":204,"column":36},"end":{"line":207,"column":1}}},"fnMap":{"0":{"name":"(anonymous_0)","decl":{"start":{"line":25,"column":4},"end":{"line":25,"column":5}},"loc":{"start":{"line":25,"column":23},"end":{"line":35,"column":5}},"line":25},"1":{"name":"(anonymous_1)","decl":{"start":{"line":41,"column":4},"end":{"line":41,"column":5}},"loc":{"start":{"line":41,"column":30},"end":{"line":60,"column":5}},"line":41},"2":{"name":"(anonymous_2)","decl":{"start":{"line":65,"column":4},"end":{"line":65,"column":5}},"loc":{"start":{"line":65,"column":34},"end":{"line":67,"column":5}},"line":65},"3":{"name":"(anonymous_3)","decl":{"start":{"line":73,"column":4},"end":{"line":73,"column":5}},"loc":{"start":{"line":73,"column":27},"end":{"line":77,"column":5}},"line":73},"4":{"name":"(anonymous_4)","decl":{"start":{"line":86,"column":4},"end":{"line":86,"column":5}},"loc":{"start":{"line":86,"column":68},"end":{"line":100,"column":5}},"line":86},"5":{"name":"(anonymous_5)","decl":{"start":{"line":92,"column":26},"end":{"line":92,"column":27}},"loc":{"start":{"line":92,"column":32},"end":{"line":94,"column":21}},"line":92},"6":{"name":"(anonymous_6)","decl":{"start":{"line":108,"column":4},"end":{"line":108,"column":5}},"loc":{"start":{"line":108,"column":51},"end":{"line":122,"column":5}},"line":108},"7":{"name":"(anonymous_7)","decl":{"start":{"line":111,"column":27},"end":{"line":111,"column":28}},"loc":{"start":{"line":112,"column":16},"end":{"line":119,"column":21}},"line":112},"8":{"name":"(anonymous_8)","decl":{"start":{"line":127,"column":4},"end":{"line":127,"column":5}},"loc":{"start":{"line":127,"column":13},"end":{"line":201,"column":5}},"line":127},"9":{"name":"(anonymous_9)","decl":{"start":{"line":174,"column":80},"end":{"line":174,"column":81}},"loc":{"start":{"line":174,"column":93},"end":{"line":174,"column":144}},"line":174},"10":{"name":"(anonymous_10)","decl":{"start":{"line":204,"column":24},"end":{"line":204,"column":25}},"loc":{"start":{"line":204,"column":36},"end":{"line":207,"column":1}},"line":204}},"branchMap":{"0":{"loc":{"start":{"line":43,"column":8},"end":{"line":44,"column":46}},"type":"if","locations":[{"start":{"line":43,"column":8},"end":{"line":44,"column":46}},{"start":{"line":43,"column":8},"end":{"line":44,"column":46}}],"line":43},"1":{"loc":{"start":{"line":47,"column":8},"end":{"line":50,"column":9}},"type":"if","locations":[{"start":{"line":47,"column":8},"end":{"line":50,"column":9}},{"start":{"line":47,"column":8},"end":{"line":50,"column":9}}],"line":47},"2":{"loc":{"start":{"line":47,"column":12},"end":{"line":47,"column":80}},"type":"binary-expr","locations":[{"start":{"line":47,"column":12},"end":{"line":47,"column":41}},{"start":{"line":47,"column":45},"end":{"line":47,"column":80}}],"line":47},"3":{"loc":{"start":{"line":88,"column":8},"end":{"line":96,"column":13}},"type":"if","locations":[{"start":{"line":88,"column":8},"end":{"line":96,"column":13}},{"start":{"line":88,"column":8},"end":{"line":96,"column":13}}],"line":88},"4":{"loc":{"start":{"line":88,"column":12},"end":{"line":88,"column":62}},"type":"binary-expr","locations":[{"start":{"line":88,"column":12},"end":{"line":88,"column":35}},{"start":{"line":88,"column":39},"end":{"line":88,"column":62}}],"line":88},"5":{"loc":{"start":{"line":89,"column":12},"end":{"line":96,"column":13}},"type":"if","locations":[{"start":{"line":89,"column":12},"end":{"line":96,"column":13}},{"start":{"line":89,"column":12},"end":{"line":96,"column":13}}],"line":89},"6":{"loc":{"start":{"line":89,"column":16},"end":{"line":89,"column":46}},"type":"binary-expr","locations":[{"start":{"line":89,"column":16},"end":{"line":89,"column":29}},{"start":{"line":89,"column":33},"end":{"line":89,"column":46}}],"line":89},"7":{"loc":{"start":{"line":131,"column":32},"end":{"line":131,"column":65}},"type":"cond-expr","locations":[{"start":{"line":131,"column":60},"end":{"line":131,"column":61}},{"start":{"line":131,"column":64},"end":{"line":131,"column":65}}],"line":131},"8":{"loc":{"start":{"line":145,"column":31},"end":{"line":179,"column":18}},"type":"cond-expr","locations":[{"start":{"line":145,"column":52},"end":{"line":145,"column":119}},{"start":{"line":146,"column":14},"end":{"line":179,"column":18}}],"line":145},"9":{"loc":{"start":{"line":150,"column":36},"end":{"line":150,"column":108}},"type":"cond-expr","locations":[{"start":{"line":150,"column":62},"end":{"line":150,"column":83}},{"start":{"line":150,"column":86},"end":{"line":150,"column":108}}],"line":150},"10":{"loc":{"start":{"line":155,"column":36},"end":{"line":155,"column":109}},"type":"cond-expr","locations":[{"start":{"line":155,"column":63},"end":{"line":155,"column":84}},{"start":{"line":155,"column":87},"end":{"line":155,"column":109}}],"line":155}},"s":{"0":10,"1":10,"2":10,"3":1,"4":10,"5":1,"6":1,"7":10,"8":1,"9":1,"10":1,"11":4,"12":4,"13":4,"14":2,"15":1,"16":1,"17":2,"18":2,"19":14,"20":14,"21":14,"22":14,"23":14,"24":14,"25":0,"26":14,"27":1,"28":10},"f":{"0":10,"1":10,"2":1,"3":1,"4":4,"5":1,"6":2,"7":2,"8":14,"9":0,"10":10},"b":{"0":[1,9],"1":[1,9],"2":[10,1],"3":[4,0],"4":[4,0],"5":[2,2],"6":[4,4],"7":[14,0],"8":[14,0],"9":[0,0],"10":[0,0]},"_coverageSchema":"43e27e138ebf9cfc5966b082cf9a028302ed4184","hash":"ac44f3f5076d49e0c6c6eda341888326247153fe"}
,"C:\\Users\\Behdad\\Documents\\4th year\\capstone(working on test)\\ToeFX\\toefx-client\\src\\components\\user\\ResetPassword.js": {"path":"C:\\Users\\Behdad\\Documents\\4th year\\capstone(working on test)\\ToeFX\\toefx-client\\src\\components\\user\\ResetPassword.js","statementMap":{"0":{"start":{"line":19,"column":8},"end":{"line":19,"column":21}},"1":{"start":{"line":21,"column":8},"end":{"line":29,"column":10}},"2":{"start":{"line":36,"column":8},"end":{"line":38,"column":47}},"3":{"start":{"line":46,"column":8},"end":{"line":46,"column":67}},"4":{"start":{"line":54,"column":8},"end":{"line":54,"column":27}},"5":{"start":{"line":57,"column":8},"end":{"line":99,"column":9}},"6":{"start":{"line":59,"column":12},"end":{"line":59,"column":74}},"7":{"start":{"line":61,"column":13},"end":{"line":99,"column":9}},"8":{"start":{"line":64,"column":12},"end":{"line":68,"column":15}},"9":{"start":{"line":70,"column":13},"end":{"line":99,"column":9}},"10":{"start":{"line":72,"column":12},"end":{"line":76,"column":15}},"11":{"start":{"line":81,"column":23},"end":{"line":85,"column":66}},"12":{"start":{"line":85,"column":27},"end":{"line":85,"column":65}},"13":{"start":{"line":87,"column":12},"end":{"line":97,"column":13}},"14":{"start":{"line":88,"column":16},"end":{"line":88,"column":50}},"15":{"start":{"line":92,"column":16},"end":{"line":96,"column":19}},"16":{"start":{"line":107,"column":8},"end":{"line":113,"column":17}},"17":{"start":{"line":120,"column":24},"end":{"line":120,"column":43}},"18":{"start":{"line":121,"column":8},"end":{"line":182,"column":9}},"19":{"start":{"line":141,"column":48},"end":{"line":141,"column":96}},"20":{"start":{"line":154,"column":48},"end":{"line":154,"column":93}},"21":{"start":{"line":167,"column":48},"end":{"line":167,"column":93}}},"fnMap":{"0":{"name":"(anonymous_0)","decl":{"start":{"line":18,"column":4},"end":{"line":18,"column":5}},"loc":{"start":{"line":18,"column":23},"end":{"line":30,"column":5}},"line":18},"1":{"name":"(anonymous_1)","decl":{"start":{"line":35,"column":4},"end":{"line":35,"column":5}},"loc":{"start":{"line":35,"column":26},"end":{"line":39,"column":5}},"line":35},"2":{"name":"(anonymous_2)","decl":{"start":{"line":45,"column":3},"end":{"line":45,"column":4}},"loc":{"start":{"line":45,"column":22},"end":{"line":47,"column":5}},"line":45},"3":{"name":"(anonymous_3)","decl":{"start":{"line":53,"column":4},"end":{"line":53,"column":5}},"loc":{"start":{"line":53,"column":26},"end":{"line":100,"column":5}},"line":53},"4":{"name":"(anonymous_4)","decl":{"start":{"line":85,"column":21},"end":{"line":85,"column":22}},"loc":{"start":{"line":85,"column":27},"end":{"line":85,"column":65}},"line":85},"5":{"name":"(anonymous_5)","decl":{"start":{"line":106,"column":4},"end":{"line":106,"column":5}},"loc":{"start":{"line":106,"column":19},"end":{"line":114,"column":5}},"line":106},"6":{"name":"(anonymous_6)","decl":{"start":{"line":119,"column":4},"end":{"line":119,"column":5}},"loc":{"start":{"line":119,"column":13},"end":{"line":183,"column":5}},"line":119},"7":{"name":"(anonymous_7)","decl":{"start":{"line":140,"column":56},"end":{"line":140,"column":57}},"loc":{"start":{"line":141,"column":48},"end":{"line":141,"column":96}},"line":141},"8":{"name":"(anonymous_8)","decl":{"start":{"line":153,"column":56},"end":{"line":153,"column":57}},"loc":{"start":{"line":154,"column":48},"end":{"line":154,"column":93}},"line":154},"9":{"name":"(anonymous_9)","decl":{"start":{"line":166,"column":56},"end":{"line":166,"column":57}},"loc":{"start":{"line":167,"column":48},"end":{"line":167,"column":93}},"line":167}},"branchMap":{"0":{"loc":{"start":{"line":36,"column":15},"end":{"line":38,"column":46}},"type":"binary-expr","locations":[{"start":{"line":36,"column":15},"end":{"line":36,"column":48}},{"start":{"line":37,"column":16},"end":{"line":37,"column":46}},{"start":{"line":38,"column":16},"end":{"line":38,"column":46}}],"line":36},"1":{"loc":{"start":{"line":57,"column":8},"end":{"line":99,"column":9}},"type":"if","locations":[{"start":{"line":57,"column":8},"end":{"line":99,"column":9}},{"start":{"line":57,"column":8},"end":{"line":99,"column":9}}],"line":57},"2":{"loc":{"start":{"line":61,"column":13},"end":{"line":99,"column":9}},"type":"if","locations":[{"start":{"line":61,"column":13},"end":{"line":99,"column":9}},{"start":{"line":61,"column":13},"end":{"line":99,"column":9}}],"line":61},"3":{"loc":{"start":{"line":70,"column":13},"end":{"line":99,"column":9}},"type":"if","locations":[{"start":{"line":70,"column":13},"end":{"line":99,"column":9}},{"start":{"line":70,"column":13},"end":{"line":99,"column":9}}],"line":70},"4":{"loc":{"start":{"line":87,"column":12},"end":{"line":97,"column":13}},"type":"if","locations":[{"start":{"line":87,"column":12},"end":{"line":97,"column":13}},{"start":{"line":87,"column":12},"end":{"line":97,"column":13}}],"line":87},"5":{"loc":{"start":{"line":107,"column":15},"end":{"line":113,"column":16}},"type":"cond-expr","locations":[{"start":{"line":108,"column":16},"end":{"line":108,"column":51}},{"start":{"line":109,"column":14},"end":{"line":113,"column":16}}],"line":107},"6":{"loc":{"start":{"line":109,"column":14},"end":{"line":113,"column":16}},"type":"cond-expr","locations":[{"start":{"line":110,"column":16},"end":{"line":110,"column":58}},{"start":{"line":111,"column":14},"end":{"line":113,"column":16}}],"line":109},"7":{"loc":{"start":{"line":111,"column":14},"end":{"line":113,"column":16}},"type":"cond-expr","locations":[{"start":{"line":112,"column":16},"end":{"line":112,"column":52}},{"start":{"line":113,"column":14},"end":{"line":113,"column":16}}],"line":111},"8":{"loc":{"start":{"line":143,"column":59},"end":{"line":144,"column":112}},"type":"cond-expr","locations":[{"start":{"line":144,"column":87},"end":{"line":144,"column":107}},{"start":{"line":144,"column":110},"end":{"line":144,"column":112}}],"line":143},"9":{"loc":{"start":{"line":143,"column":59},"end":{"line":144,"column":84}},"type":"binary-expr","locations":[{"start":{"line":143,"column":60},"end":{"line":143,"column":86}},{"start":{"line":143,"column":90},"end":{"line":143,"column":123}},{"start":{"line":144,"column":51},"end":{"line":144,"column":84}}],"line":143},"10":{"loc":{"start":{"line":156,"column":59},"end":{"line":157,"column":111}},"type":"cond-expr","locations":[{"start":{"line":157,"column":86},"end":{"line":157,"column":106}},{"start":{"line":157,"column":109},"end":{"line":157,"column":111}}],"line":156},"11":{"loc":{"start":{"line":156,"column":59},"end":{"line":157,"column":83}},"type":"binary-expr","locations":[{"start":{"line":156,"column":60},"end":{"line":156,"column":86}},{"start":{"line":156,"column":90},"end":{"line":156,"column":120}},{"start":{"line":157,"column":51},"end":{"line":157,"column":83}}],"line":156},"12":{"loc":{"start":{"line":169,"column":59},"end":{"line":170,"column":111}},"type":"cond-expr","locations":[{"start":{"line":170,"column":86},"end":{"line":170,"column":106}},{"start":{"line":170,"column":109},"end":{"line":170,"column":111}}],"line":169},"13":{"loc":{"start":{"line":169,"column":59},"end":{"line":170,"column":83}},"type":"binary-expr","locations":[{"start":{"line":169,"column":60},"end":{"line":169,"column":86}},{"start":{"line":169,"column":90},"end":{"line":169,"column":120}},{"start":{"line":170,"column":51},"end":{"line":170,"column":83}}],"line":169}},"s":{"0":19,"1":19,"2":7,"3":7,"4":5,"5":5,"6":1,"7":4,"8":1,"9":3,"10":1,"11":2,"12":0,"13":2,"14":1,"15":1,"16":45,"17":41,"18":41,"19":2,"20":2,"21":2},"f":{"0":19,"1":7,"2":7,"3":5,"4":0,"5":45,"6":41,"7":2,"8":2,"9":2},"b":{"0":[7,4,4],"1":[1,4],"2":[1,3],"3":[1,2],"4":[1,1],"5":[3,42],"6":[3,39],"7":[3,36],"8":[4,37],"9":[41,2,39],"10":[4,37],"11":[41,2,39],"12":[4,37],"13":[41,2,39]},"_coverageSchema":"43e27e138ebf9cfc5966b082cf9a028302ed4184","hash":"f2b7887c9aecccbe51293a811912c6013847e94e"}
,"C:\\Users\\Behdad\\Documents\\4th year\\capstone(working on test)\\ToeFX\\toefx-client\\src\\components\\user\\Schedule.js": {"path":"C:\\Users\\Behdad\\Documents\\4th year\\capstone(working on test)\\ToeFX\\toefx-client\\src\\components\\user\\Schedule.js","statementMap":{"0":{"start":{"line":20,"column":8},"end":{"line":20,"column":21}},"1":{"start":{"line":22,"column":8},"end":{"line":24,"column":9}},"2":{"start":{"line":34,"column":8},"end":{"line":37,"column":9}},"3":{"start":{"line":35,"column":12},"end":{"line":35,"column":46}},"4":{"start":{"line":36,"column":12},"end":{"line":36,"column":19}},"5":{"start":{"line":38,"column":8},"end":{"line":48,"column":9}},"6":{"start":{"line":40,"column":23},"end":{"line":40,"column":80}},"7":{"start":{"line":42,"column":8},"end":{"line":44,"column":10}},"8":{"start":{"line":47,"column":12},"end":{"line":47,"column":55}},"9":{"start":{"line":57,"column":8},"end":{"line":64,"column":10}},"10":{"start":{"line":71,"column":8},"end":{"line":83,"column":9}},"11":{"start":{"line":73,"column":12},"end":{"line":82,"column":14}},"12":{"start":{"line":85,"column":8},"end":{"line":115,"column":9}},"13":{"start":{"line":107,"column":85},"end":{"line":107,"column":112}},"14":{"start":{"line":119,"column":24},"end":{"line":121,"column":2}},"15":{"start":{"line":119,"column":36},"end":{"line":121,"column":1}}},"fnMap":{"0":{"name":"(anonymous_0)","decl":{"start":{"line":19,"column":4},"end":{"line":19,"column":5}},"loc":{"start":{"line":19,"column":22},"end":{"line":25,"column":5}},"line":19},"1":{"name":"(anonymous_1)","decl":{"start":{"line":31,"column":4},"end":{"line":31,"column":5}},"loc":{"start":{"line":31,"column":30},"end":{"line":49,"column":5}},"line":31},"2":{"name":"(anonymous_2)","decl":{"start":{"line":56,"column":4},"end":{"line":56,"column":5}},"loc":{"start":{"line":56,"column":27},"end":{"line":65,"column":5}},"line":56},"3":{"name":"(anonymous_3)","decl":{"start":{"line":70,"column":4},"end":{"line":70,"column":5}},"loc":{"start":{"line":70,"column":13},"end":{"line":116,"column":5}},"line":70},"4":{"name":"(anonymous_4)","decl":{"start":{"line":107,"column":68},"end":{"line":107,"column":69}},"loc":{"start":{"line":107,"column":85},"end":{"line":107,"column":112}},"line":107},"5":{"name":"(anonymous_5)","decl":{"start":{"line":119,"column":24},"end":{"line":119,"column":25}},"loc":{"start":{"line":119,"column":36},"end":{"line":121,"column":1}},"line":119}},"branchMap":{"0":{"loc":{"start":{"line":34,"column":8},"end":{"line":37,"column":9}},"type":"if","locations":[{"start":{"line":34,"column":8},"end":{"line":37,"column":9}},{"start":{"line":34,"column":8},"end":{"line":37,"column":9}}],"line":34},"1":{"loc":{"start":{"line":71,"column":8},"end":{"line":83,"column":9}},"type":"if","locations":[{"start":{"line":71,"column":8},"end":{"line":83,"column":9}},{"start":{"line":71,"column":8},"end":{"line":83,"column":9}}],"line":71},"2":{"loc":{"start":{"line":106,"column":36},"end":{"line":108,"column":77}},"type":"cond-expr","locations":[{"start":{"line":107,"column":40},"end":{"line":107,"column":113}},{"start":{"line":108,"column":38},"end":{"line":108,"column":77}}],"line":106}},"s":{"0":7,"1":7,"2":7,"3":3,"4":1,"5":4,"6":4,"7":3,"8":1,"9":5,"10":12,"11":8,"12":4,"13":4,"14":1,"15":7},"f":{"0":7,"1":7,"2":5,"3":12,"4":4,"5":7},"b":{"0":[3,4],"1":[8,4],"2":[4,0]},"_coverageSchema":"43e27e138ebf9cfc5966b082cf9a028302ed4184","hash":"ee0a3d41ac25ace411c948374c16f630a9097323"}
,"C:\\Users\\Behdad\\Documents\\4th year\\capstone(working on test)\\ToeFX\\toefx-client\\src\\components\\user\\Sidebar.js": {"path":"C:\\Users\\Behdad\\Documents\\4th year\\capstone(working on test)\\ToeFX\\toefx-client\\src\\components\\user\\Sidebar.js","statementMap":{"0":{"start":{"line":22,"column":24},"end":{"line":22,"column":39}},"1":{"start":{"line":23,"column":30},"end":{"line":23,"column":64}},"2":{"start":{"line":24,"column":24},"end":{"line":24,"column":38}},"3":{"start":{"line":25,"column":27},"end":{"line":25,"column":46}},"4":{"start":{"line":27,"column":8},"end":{"line":102,"column":9}},"5":{"start":{"line":28,"column":12},"end":{"line":48,"column":13}},"6":{"start":{"line":32,"column":28},"end":{"line":32,"column":61}},"7":{"start":{"line":33,"column":28},"end":{"line":33,"column":53}},"8":{"start":{"line":39,"column":88},"end":{"line":39,"column":129}},"9":{"start":{"line":40,"column":80},"end":{"line":40,"column":122}},"10":{"start":{"line":42,"column":32},"end":{"line":42,"column":61}},"11":{"start":{"line":43,"column":32},"end":{"line":43,"column":61}},"12":{"start":{"line":51,"column":12},"end":{"line":101,"column":13}},"13":{"start":{"line":57,"column":32},"end":{"line":57,"column":67}},"14":{"start":{"line":58,"column":32},"end":{"line":58,"column":57}},"15":{"start":{"line":67,"column":69},"end":{"line":67,"column":101}},"16":{"start":{"line":75,"column":77},"end":{"line":75,"column":118}},"17":{"start":{"line":83,"column":69},"end":{"line":83,"column":111}},"18":{"start":{"line":92,"column":32},"end":{"line":92,"column":61}},"19":{"start":{"line":93,"column":32},"end":{"line":93,"column":61}},"20":{"start":{"line":106,"column":24},"end":{"line":108,"column":2}},"21":{"start":{"line":106,"column":36},"end":{"line":108,"column":1}}},"fnMap":{"0":{"name":"(anonymous_0)","decl":{"start":{"line":21,"column":4},"end":{"line":21,"column":5}},"loc":{"start":{"line":21,"column":13},"end":{"line":103,"column":5}},"line":21},"1":{"name":"(anonymous_1)","decl":{"start":{"line":31,"column":33},"end":{"line":31,"column":34}},"loc":{"start":{"line":31,"column":39},"end":{"line":34,"column":25}},"line":31},"2":{"name":"(anonymous_2)","decl":{"start":{"line":39,"column":82},"end":{"line":39,"column":83}},"loc":{"start":{"line":39,"column":88},"end":{"line":39,"column":129}},"line":39},"3":{"name":"(anonymous_3)","decl":{"start":{"line":40,"column":74},"end":{"line":40,"column":75}},"loc":{"start":{"line":40,"column":80},"end":{"line":40,"column":122}},"line":40},"4":{"name":"(anonymous_4)","decl":{"start":{"line":41,"column":71},"end":{"line":41,"column":72}},"loc":{"start":{"line":41,"column":77},"end":{"line":44,"column":29}},"line":41},"5":{"name":"(anonymous_5)","decl":{"start":{"line":56,"column":37},"end":{"line":56,"column":38}},"loc":{"start":{"line":56,"column":43},"end":{"line":59,"column":29}},"line":56},"6":{"name":"(anonymous_6)","decl":{"start":{"line":67,"column":63},"end":{"line":67,"column":64}},"loc":{"start":{"line":67,"column":69},"end":{"line":67,"column":101}},"line":67},"7":{"name":"(anonymous_7)","decl":{"start":{"line":75,"column":71},"end":{"line":75,"column":72}},"loc":{"start":{"line":75,"column":77},"end":{"line":75,"column":118}},"line":75},"8":{"name":"(anonymous_8)","decl":{"start":{"line":83,"column":63},"end":{"line":83,"column":64}},"loc":{"start":{"line":83,"column":69},"end":{"line":83,"column":111}},"line":83},"9":{"name":"(anonymous_9)","decl":{"start":{"line":91,"column":60},"end":{"line":91,"column":61}},"loc":{"start":{"line":91,"column":66},"end":{"line":94,"column":29}},"line":91},"10":{"name":"(anonymous_10)","decl":{"start":{"line":106,"column":24},"end":{"line":106,"column":25}},"loc":{"start":{"line":106,"column":36},"end":{"line":108,"column":1}},"line":106}},"branchMap":{"0":{"loc":{"start":{"line":27,"column":8},"end":{"line":102,"column":9}},"type":"if","locations":[{"start":{"line":27,"column":8},"end":{"line":102,"column":9}},{"start":{"line":27,"column":8},"end":{"line":102,"column":9}}],"line":27},"1":{"loc":{"start":{"line":66,"column":63},"end":{"line":66,"column":129}},"type":"cond-expr","locations":[{"start":{"line":66,"column":102},"end":{"line":66,"column":117}},{"start":{"line":66,"column":120},"end":{"line":66,"column":129}}],"line":66},"2":{"loc":{"start":{"line":74,"column":71},"end":{"line":74,"column":146}},"type":"cond-expr","locations":[{"start":{"line":74,"column":119},"end":{"line":74,"column":134}},{"start":{"line":74,"column":137},"end":{"line":74,"column":146}}],"line":74},"3":{"loc":{"start":{"line":82,"column":63},"end":{"line":82,"column":139}},"type":"cond-expr","locations":[{"start":{"line":82,"column":112},"end":{"line":82,"column":127}},{"start":{"line":82,"column":130},"end":{"line":82,"column":139}}],"line":82}},"s":{"0":331,"1":331,"2":331,"3":331,"4":331,"5":10,"6":1,"7":1,"8":1,"9":1,"10":1,"11":1,"12":321,"13":1,"14":1,"15":1,"16":1,"17":1,"18":1,"19":1,"20":4,"21":331},"f":{"0":331,"1":1,"2":1,"3":1,"4":1,"5":1,"6":1,"7":1,"8":1,"9":1,"10":331},"b":{"0":[10,321],"1":[2,319],"2":[2,319],"3":[1,320]},"_coverageSchema":"43e27e138ebf9cfc5966b082cf9a028302ed4184","hash":"1283924b106e827d8130dd6cb6ac31bd7b2e93f0"}
,"C:\\Users\\Behdad\\Documents\\4th year\\capstone(working on test)\\ToeFX\\toefx-client\\src\\components\\user\\Upload.js": {"path":"C:\\Users\\Behdad\\Documents\\4th year\\capstone(working on test)\\ToeFX\\toefx-client\\src\\components\\user\\Upload.js","statementMap":{"0":{"start":{"line":14,"column":27},"end":{"line":14,"column":82}},"1":{"start":{"line":27,"column":8},"end":{"line":27,"column":21}},"2":{"start":{"line":29,"column":8},"end":{"line":42,"column":10}},"3":{"start":{"line":44,"column":8},"end":{"line":44,"column":59}},"4":{"start":{"line":61,"column":8},"end":{"line":61,"column":27}},"5":{"start":{"line":62,"column":8},"end":{"line":62,"column":33}},"6":{"start":{"line":69,"column":8},"end":{"line":69,"column":62}},"7":{"start":{"line":77,"column":8},"end":{"line":78,"column":18}},"8":{"start":{"line":78,"column":12},"end":{"line":78,"column":18}},"9":{"start":{"line":81,"column":32},"end":{"line":81,"column":59}},"10":{"start":{"line":82,"column":24},"end":{"line":82,"column":40}},"11":{"start":{"line":83,"column":23},"end":{"line":83,"column":31}},"12":{"start":{"line":84,"column":8},"end":{"line":84,"column":35}},"13":{"start":{"line":85,"column":8},"end":{"line":85,"column":35}},"14":{"start":{"line":87,"column":8},"end":{"line":90,"column":58}},"15":{"start":{"line":88,"column":12},"end":{"line":88,"column":36}},"16":{"start":{"line":90,"column":12},"end":{"line":90,"column":58}},"17":{"start":{"line":93,"column":8},"end":{"line":93,"column":51}},"18":{"start":{"line":94,"column":8},"end":{"line":94,"column":49}},"19":{"start":{"line":95,"column":8},"end":{"line":95,"column":42}},"20":{"start":{"line":103,"column":8},"end":{"line":103,"column":47}},"21":{"start":{"line":104,"column":8},"end":{"line":104,"column":27}},"22":{"start":{"line":112,"column":8},"end":{"line":112,"column":44}},"23":{"start":{"line":114,"column":8},"end":{"line":123,"column":9}},"24":{"start":{"line":115,"column":12},"end":{"line":117,"column":81}},"25":{"start":{"line":116,"column":29},"end":{"line":116,"column":67}},"26":{"start":{"line":117,"column":34},"end":{"line":117,"column":79}},"27":{"start":{"line":120,"column":12},"end":{"line":122,"column":81}},"28":{"start":{"line":121,"column":29},"end":{"line":121,"column":67}},"29":{"start":{"line":122,"column":34},"end":{"line":122,"column":79}},"30":{"start":{"line":131,"column":8},"end":{"line":132,"column":18}},"31":{"start":{"line":132,"column":12},"end":{"line":132,"column":18}},"32":{"start":{"line":133,"column":23},"end":{"line":133,"column":91}},"33":{"start":{"line":134,"column":8},"end":{"line":134,"column":50}},"34":{"start":{"line":142,"column":19},"end":{"line":142,"column":36}},"35":{"start":{"line":144,"column":8},"end":{"line":152,"column":9}},"36":{"start":{"line":144,"column":49},"end":{"line":144,"column":67}},"37":{"start":{"line":146,"column":12},"end":{"line":146,"column":56}},"38":{"start":{"line":147,"column":12},"end":{"line":147,"column":19}},"39":{"start":{"line":151,"column":12},"end":{"line":151,"column":57}},"40":{"start":{"line":154,"column":8},"end":{"line":161,"column":11}},"41":{"start":{"line":163,"column":25},"end":{"line":163,"column":39}},"42":{"start":{"line":164,"column":8},"end":{"line":164,"column":39}},"43":{"start":{"line":165,"column":8},"end":{"line":165,"column":51}},"44":{"start":{"line":166,"column":8},"end":{"line":166,"column":59}},"45":{"start":{"line":167,"column":8},"end":{"line":167,"column":57}},"46":{"start":{"line":168,"column":8},"end":{"line":187,"column":9}},"47":{"start":{"line":169,"column":12},"end":{"line":174,"column":15}},"48":{"start":{"line":170,"column":53},"end":{"line":170,"column":93}},"49":{"start":{"line":172,"column":16},"end":{"line":172,"column":61}},"50":{"start":{"line":173,"column":16},"end":{"line":173,"column":41}},"51":{"start":{"line":179,"column":12},"end":{"line":184,"column":15}},"52":{"start":{"line":180,"column":53},"end":{"line":180,"column":93}},"53":{"start":{"line":182,"column":16},"end":{"line":182,"column":61}},"54":{"start":{"line":183,"column":16},"end":{"line":183,"column":49}},"55":{"start":{"line":195,"column":21},"end":{"line":222,"column":5}},"56":{"start":{"line":196,"column":27},"end":{"line":196,"column":29}},"57":{"start":{"line":199,"column":8},"end":{"line":214,"column":9}},"58":{"start":{"line":200,"column":12},"end":{"line":201,"column":23}},"59":{"start":{"line":201,"column":16},"end":{"line":201,"column":23}},"60":{"start":{"line":203,"column":28},"end":{"line":203,"column":56}},"61":{"start":{"line":204,"column":12},"end":{"line":205,"column":57}},"62":{"start":{"line":205,"column":32},"end":{"line":205,"column":55}},"63":{"start":{"line":209,"column":28},"end":{"line":209,"column":51}},"64":{"start":{"line":210,"column":12},"end":{"line":211,"column":22}},"65":{"start":{"line":211,"column":16},"end":{"line":211,"column":22}},"66":{"start":{"line":212,"column":12},"end":{"line":213,"column":57}},"67":{"start":{"line":213,"column":32},"end":{"line":213,"column":55}},"68":{"start":{"line":216,"column":8},"end":{"line":221,"column":11}},"69":{"start":{"line":229,"column":8},"end":{"line":229,"column":83}},"70":{"start":{"line":236,"column":8},"end":{"line":237,"column":52}},"71":{"start":{"line":237,"column":12},"end":{"line":237,"column":52}},"72":{"start":{"line":244,"column":8},"end":{"line":245,"column":50}},"73":{"start":{"line":245,"column":12},"end":{"line":245,"column":50}},"74":{"start":{"line":256,"column":36},"end":{"line":256,"column":54}},"75":{"start":{"line":257,"column":35},"end":{"line":257,"column":79}},"76":{"start":{"line":259,"column":8},"end":{"line":264,"column":10}},"77":{"start":{"line":271,"column":24},"end":{"line":271,"column":26}},"78":{"start":{"line":272,"column":8},"end":{"line":273,"column":29}},"79":{"start":{"line":272,"column":21},"end":{"line":272,"column":22}},"80":{"start":{"line":273,"column":12},"end":{"line":273,"column":29}},"81":{"start":{"line":275,"column":8},"end":{"line":276,"column":31}},"82":{"start":{"line":276,"column":12},"end":{"line":276,"column":31}},"83":{"start":{"line":278,"column":8},"end":{"line":284,"column":10}},"84":{"start":{"line":281,"column":40},"end":{"line":281,"column":66}},"85":{"start":{"line":292,"column":37},"end":{"line":292,"column":56}},"86":{"start":{"line":293,"column":36},"end":{"line":293,"column":81}},"87":{"start":{"line":294,"column":30},"end":{"line":294,"column":63}},"88":{"start":{"line":295,"column":29},"end":{"line":295,"column":93}},"89":{"start":{"line":297,"column":8},"end":{"line":305,"column":69}},"90":{"start":{"line":299,"column":12},"end":{"line":299,"column":47}},"91":{"start":{"line":301,"column":12},"end":{"line":302,"column":76}},"92":{"start":{"line":302,"column":16},"end":{"line":302,"column":76}},"93":{"start":{"line":304,"column":13},"end":{"line":305,"column":69}},"94":{"start":{"line":305,"column":12},"end":{"line":305,"column":69}},"95":{"start":{"line":307,"column":8},"end":{"line":417,"column":10}},"96":{"start":{"line":351,"column":44},"end":{"line":351,"column":92}},"97":{"start":{"line":353,"column":44},"end":{"line":353,"column":93}},"98":{"start":{"line":372,"column":24},"end":{"line":413,"column":30}},"99":{"start":{"line":404,"column":75},"end":{"line":404,"column":90}},"100":{"start":{"line":421,"column":24},"end":{"line":423,"column":2}},"101":{"start":{"line":421,"column":36},"end":{"line":423,"column":1}}},"fnMap":{"0":{"name":"(anonymous_0)","decl":{"start":{"line":26,"column":4},"end":{"line":26,"column":5}},"loc":{"start":{"line":26,"column":23},"end":{"line":45,"column":5}},"line":26},"1":{"name":"(anonymous_1)","decl":{"start":{"line":60,"column":4},"end":{"line":60,"column":5}},"loc":{"start":{"line":60,"column":25},"end":{"line":63,"column":5}},"line":60},"2":{"name":"(anonymous_2)","decl":{"start":{"line":68,"column":4},"end":{"line":68,"column":5}},"loc":{"start":{"line":68,"column":24},"end":{"line":70,"column":5}},"line":68},"3":{"name":"(anonymous_3)","decl":{"start":{"line":76,"column":4},"end":{"line":76,"column":5}},"loc":{"start":{"line":76,"column":38},"end":{"line":96,"column":5}},"line":76},"4":{"name":"(anonymous_4)","decl":{"start":{"line":102,"column":4},"end":{"line":102,"column":5}},"loc":{"start":{"line":102,"column":45},"end":{"line":105,"column":5}},"line":102},"5":{"name":"(anonymous_5)","decl":{"start":{"line":111,"column":4},"end":{"line":111,"column":5}},"loc":{"start":{"line":111,"column":24},"end":{"line":124,"column":5}},"line":111},"6":{"name":"(anonymous_6)","decl":{"start":{"line":116,"column":22},"end":{"line":116,"column":23}},"loc":{"start":{"line":116,"column":29},"end":{"line":116,"column":67}},"line":116},"7":{"name":"(anonymous_7)","decl":{"start":{"line":117,"column":23},"end":{"line":117,"column":24}},"loc":{"start":{"line":117,"column":34},"end":{"line":117,"column":79}},"line":117},"8":{"name":"(anonymous_8)","decl":{"start":{"line":121,"column":22},"end":{"line":121,"column":23}},"loc":{"start":{"line":121,"column":29},"end":{"line":121,"column":67}},"line":121},"9":{"name":"(anonymous_9)","decl":{"start":{"line":122,"column":23},"end":{"line":122,"column":24}},"loc":{"start":{"line":122,"column":34},"end":{"line":122,"column":79}},"line":122},"10":{"name":"(anonymous_10)","decl":{"start":{"line":130,"column":4},"end":{"line":130,"column":5}},"loc":{"start":{"line":130,"column":40},"end":{"line":135,"column":5}},"line":130},"11":{"name":"(anonymous_11)","decl":{"start":{"line":141,"column":4},"end":{"line":141,"column":5}},"loc":{"start":{"line":141,"column":26},"end":{"line":189,"column":5}},"line":141},"12":{"name":"(anonymous_12)","decl":{"start":{"line":144,"column":41},"end":{"line":144,"column":42}},"loc":{"start":{"line":144,"column":49},"end":{"line":144,"column":67}},"line":144},"13":{"name":"(anonymous_13)","decl":{"start":{"line":170,"column":34},"end":{"line":170,"column":35}},"loc":{"start":{"line":170,"column":53},"end":{"line":170,"column":93}},"line":170},"14":{"name":"(anonymous_14)","decl":{"start":{"line":171,"column":20},"end":{"line":171,"column":21}},"loc":{"start":{"line":171,"column":26},"end":{"line":174,"column":13}},"line":171},"15":{"name":"(anonymous_15)","decl":{"start":{"line":180,"column":34},"end":{"line":180,"column":35}},"loc":{"start":{"line":180,"column":53},"end":{"line":180,"column":93}},"line":180},"16":{"name":"(anonymous_16)","decl":{"start":{"line":181,"column":20},"end":{"line":181,"column":21}},"loc":{"start":{"line":181,"column":29},"end":{"line":184,"column":13}},"line":181},"17":{"name":"(anonymous_17)","decl":{"start":{"line":195,"column":21},"end":{"line":195,"column":22}},"loc":{"start":{"line":195,"column":38},"end":{"line":222,"column":5}},"line":195},"18":{"name":"(anonymous_18)","decl":{"start":{"line":205,"column":22},"end":{"line":205,"column":23}},"loc":{"start":{"line":205,"column":31},"end":{"line":205,"column":56}},"line":205},"19":{"name":"(anonymous_19)","decl":{"start":{"line":213,"column":22},"end":{"line":213,"column":23}},"loc":{"start":{"line":213,"column":31},"end":{"line":213,"column":56}},"line":213},"20":{"name":"(anonymous_20)","decl":{"start":{"line":228,"column":4},"end":{"line":228,"column":5}},"loc":{"start":{"line":228,"column":20},"end":{"line":230,"column":5}},"line":228},"21":{"name":"(anonymous_21)","decl":{"start":{"line":235,"column":4},"end":{"line":235,"column":5}},"loc":{"start":{"line":235,"column":20},"end":{"line":238,"column":5}},"line":235},"22":{"name":"(anonymous_22)","decl":{"start":{"line":243,"column":4},"end":{"line":243,"column":5}},"loc":{"start":{"line":243,"column":18},"end":{"line":246,"column":5}},"line":243},"23":{"name":"(anonymous_23)","decl":{"start":{"line":255,"column":4},"end":{"line":255,"column":5}},"loc":{"start":{"line":255,"column":26},"end":{"line":265,"column":5}},"line":255},"24":{"name":"(anonymous_24)","decl":{"start":{"line":270,"column":4},"end":{"line":270,"column":5}},"loc":{"start":{"line":270,"column":22},"end":{"line":285,"column":5}},"line":270},"25":{"name":"(anonymous_25)","decl":{"start":{"line":281,"column":29},"end":{"line":281,"column":30}},"loc":{"start":{"line":281,"column":40},"end":{"line":281,"column":66}},"line":281},"26":{"name":"(anonymous_26)","decl":{"start":{"line":290,"column":4},"end":{"line":290,"column":5}},"loc":{"start":{"line":290,"column":13},"end":{"line":418,"column":5}},"line":290},"27":{"name":"(anonymous_27)","decl":{"start":{"line":350,"column":71},"end":{"line":350,"column":72}},"loc":{"start":{"line":351,"column":44},"end":{"line":351,"column":92}},"line":351},"28":{"name":"(anonymous_28)","decl":{"start":{"line":352,"column":46},"end":{"line":352,"column":47}},"loc":{"start":{"line":353,"column":44},"end":{"line":353,"column":93}},"line":353},"29":{"name":"(anonymous_29)","decl":{"start":{"line":371,"column":42},"end":{"line":371,"column":43}},"loc":{"start":{"line":372,"column":24},"end":{"line":413,"column":30}},"line":372},"30":{"name":"(anonymous_30)","decl":{"start":{"line":404,"column":60},"end":{"line":404,"column":61}},"loc":{"start":{"line":404,"column":75},"end":{"line":404,"column":90}},"line":404},"31":{"name":"(anonymous_31)","decl":{"start":{"line":421,"column":24},"end":{"line":421,"column":25}},"loc":{"start":{"line":421,"column":36},"end":{"line":423,"column":1}},"line":421}},"branchMap":{"0":{"loc":{"start":{"line":77,"column":8},"end":{"line":78,"column":18}},"type":"if","locations":[{"start":{"line":77,"column":8},"end":{"line":78,"column":18}},{"start":{"line":77,"column":8},"end":{"line":78,"column":18}}],"line":77},"1":{"loc":{"start":{"line":87,"column":8},"end":{"line":90,"column":58}},"type":"if","locations":[{"start":{"line":87,"column":8},"end":{"line":90,"column":58}},{"start":{"line":87,"column":8},"end":{"line":90,"column":58}}],"line":87},"2":{"loc":{"start":{"line":114,"column":8},"end":{"line":123,"column":9}},"type":"if","locations":[{"start":{"line":114,"column":8},"end":{"line":123,"column":9}},{"start":{"line":114,"column":8},"end":{"line":123,"column":9}}],"line":114},"3":{"loc":{"start":{"line":131,"column":8},"end":{"line":132,"column":18}},"type":"if","locations":[{"start":{"line":131,"column":8},"end":{"line":132,"column":18}},{"start":{"line":131,"column":8},"end":{"line":132,"column":18}}],"line":131},"4":{"loc":{"start":{"line":131,"column":12},"end":{"line":131,"column":65}},"type":"binary-expr","locations":[{"start":{"line":131,"column":12},"end":{"line":131,"column":37}},{"start":{"line":131,"column":41},"end":{"line":131,"column":65}}],"line":131},"5":{"loc":{"start":{"line":144,"column":8},"end":{"line":152,"column":9}},"type":"if","locations":[{"start":{"line":144,"column":8},"end":{"line":152,"column":9}},{"start":{"line":144,"column":8},"end":{"line":152,"column":9}}],"line":144},"6":{"loc":{"start":{"line":168,"column":8},"end":{"line":187,"column":9}},"type":"if","locations":[{"start":{"line":168,"column":8},"end":{"line":187,"column":9}},{"start":{"line":168,"column":8},"end":{"line":187,"column":9}}],"line":168},"7":{"loc":{"start":{"line":199,"column":8},"end":{"line":214,"column":9}},"type":"if","locations":[{"start":{"line":199,"column":8},"end":{"line":214,"column":9}},{"start":{"line":199,"column":8},"end":{"line":214,"column":9}}],"line":199},"8":{"loc":{"start":{"line":200,"column":12},"end":{"line":201,"column":23}},"type":"if","locations":[{"start":{"line":200,"column":12},"end":{"line":201,"column":23}},{"start":{"line":200,"column":12},"end":{"line":201,"column":23}}],"line":200},"9":{"loc":{"start":{"line":200,"column":16},"end":{"line":200,"column":99}},"type":"binary-expr","locations":[{"start":{"line":200,"column":16},"end":{"line":200,"column":53}},{"start":{"line":200,"column":57},"end":{"line":200,"column":99}}],"line":200},"10":{"loc":{"start":{"line":210,"column":12},"end":{"line":211,"column":22}},"type":"if","locations":[{"start":{"line":210,"column":12},"end":{"line":211,"column":22}},{"start":{"line":210,"column":12},"end":{"line":211,"column":22}}],"line":210},"11":{"loc":{"start":{"line":229,"column":15},"end":{"line":229,"column":82}},"type":"binary-expr","locations":[{"start":{"line":229,"column":15},"end":{"line":229,"column":47}},{"start":{"line":229,"column":51},"end":{"line":229,"column":82}}],"line":229},"12":{"loc":{"start":{"line":236,"column":8},"end":{"line":237,"column":52}},"type":"if","locations":[{"start":{"line":236,"column":8},"end":{"line":237,"column":52}},{"start":{"line":236,"column":8},"end":{"line":237,"column":52}}],"line":236},"13":{"loc":{"start":{"line":236,"column":12},"end":{"line":236,"column":40}},"type":"binary-expr","locations":[{"start":{"line":236,"column":12},"end":{"line":236,"column":24}},{"start":{"line":236,"column":28},"end":{"line":236,"column":40}}],"line":236},"14":{"loc":{"start":{"line":244,"column":8},"end":{"line":245,"column":50}},"type":"if","locations":[{"start":{"line":244,"column":8},"end":{"line":245,"column":50}},{"start":{"line":244,"column":8},"end":{"line":245,"column":50}}],"line":244},"15":{"loc":{"start":{"line":244,"column":12},"end":{"line":244,"column":36}},"type":"binary-expr","locations":[{"start":{"line":244,"column":12},"end":{"line":244,"column":22}},{"start":{"line":244,"column":26},"end":{"line":244,"column":36}}],"line":244},"16":{"loc":{"start":{"line":261,"column":32},"end":{"line":261,"column":113}},"type":"cond-expr","locations":[{"start":{"line":261,"column":69},"end":{"line":261,"column":89}},{"start":{"line":261,"column":92},"end":{"line":261,"column":113}}],"line":261},"17":{"loc":{"start":{"line":275,"column":8},"end":{"line":276,"column":31}},"type":"if","locations":[{"start":{"line":275,"column":8},"end":{"line":276,"column":31}},{"start":{"line":275,"column":8},"end":{"line":276,"column":31}}],"line":275},"18":{"loc":{"start":{"line":295,"column":29},"end":{"line":295,"column":93}},"type":"cond-expr","locations":[{"start":{"line":295,"column":63},"end":{"line":295,"column":65}},{"start":{"line":295,"column":68},"end":{"line":295,"column":93}}],"line":295},"19":{"loc":{"start":{"line":297,"column":8},"end":{"line":305,"column":69}},"type":"if","locations":[{"start":{"line":297,"column":8},"end":{"line":305,"column":69}},{"start":{"line":297,"column":8},"end":{"line":305,"column":69}}],"line":297},"20":{"loc":{"start":{"line":301,"column":12},"end":{"line":302,"column":76}},"type":"if","locations":[{"start":{"line":301,"column":12},"end":{"line":302,"column":76}},{"start":{"line":301,"column":12},"end":{"line":302,"column":76}}],"line":301},"21":{"loc":{"start":{"line":304,"column":13},"end":{"line":305,"column":69}},"type":"if","locations":[{"start":{"line":304,"column":13},"end":{"line":305,"column":69}},{"start":{"line":304,"column":13},"end":{"line":305,"column":69}}],"line":304},"22":{"loc":{"start":{"line":314,"column":44},"end":{"line":314,"column":135}},"type":"cond-expr","locations":[{"start":{"line":314,"column":89},"end":{"line":314,"column":110}},{"start":{"line":314,"column":113},"end":{"line":314,"column":135}}],"line":314},"23":{"loc":{"start":{"line":319,"column":44},"end":{"line":319,"column":136}},"type":"cond-expr","locations":[{"start":{"line":319,"column":90},"end":{"line":319,"column":111}},{"start":{"line":319,"column":114},"end":{"line":319,"column":136}}],"line":319},"24":{"loc":{"start":{"line":349,"column":48},"end":{"line":349,"column":95}},"type":"cond-expr","locations":[{"start":{"line":349,"column":72},"end":{"line":349,"column":90}},{"start":{"line":349,"column":93},"end":{"line":349,"column":95}}],"line":349},"25":{"loc":{"start":{"line":350,"column":48},"end":{"line":353,"column":93}},"type":"cond-expr","locations":[{"start":{"line":350,"column":71},"end":{"line":351,"column":92}},{"start":{"line":352,"column":46},"end":{"line":353,"column":93}}],"line":350},"26":{"loc":{"start":{"line":394,"column":37},"end":{"line":410,"column":37}},"type":"binary-expr","locations":[{"start":{"line":394,"column":37},"end":{"line":394,"column":72}},{"start":{"line":395,"column":40},"end":{"line":409,"column":46}}],"line":394}},"s":{"0":1,"1":30,"2":30,"3":30,"4":1,"5":1,"6":30,"7":6,"8":1,"9":5,"10":5,"11":5,"12":5,"13":5,"14":5,"15":4,"16":1,"17":5,"18":3,"19":3,"20":5,"21":5,"22":7,"23":7,"24":4,"25":1,"26":2,"27":3,"28":1,"29":2,"30":3,"31":2,"32":1,"33":1,"34":2,"35":2,"36":4,"37":0,"38":0,"39":2,"40":2,"41":2,"42":2,"43":2,"44":2,"45":2,"46":2,"47":1,"48":0,"49":1,"50":1,"51":1,"52":0,"53":1,"54":1,"55":30,"56":4,"57":4,"58":2,"59":1,"60":1,"61":1,"62":1,"63":2,"64":2,"65":1,"66":1,"67":1,"68":2,"69":186,"70":2,"71":1,"72":2,"73":1,"74":316,"75":316,"76":316,"77":63,"78":63,"79":63,"80":315,"81":63,"82":1,"83":63,"84":315,"85":61,"86":61,"87":61,"88":61,"89":61,"90":60,"91":60,"92":0,"93":1,"94":0,"95":61,"96":0,"97":0,"98":15,"99":1,"100":1,"101":30},"f":{"0":30,"1":1,"2":30,"3":6,"4":5,"5":7,"6":1,"7":2,"8":1,"9":2,"10":3,"11":2,"12":4,"13":0,"14":1,"15":0,"16":1,"17":4,"18":1,"19":1,"20":186,"21":2,"22":2,"23":316,"24":63,"25":315,"26":61,"27":0,"28":0,"29":15,"30":1,"31":30},"b":{"0":[1,5],"1":[4,1],"2":[4,3],"3":[2,1],"4":[3,2],"5":[0,2],"6":[1,1],"7":[2,2],"8":[1,1],"9":[2,1],"10":[1,1],"11":[186,14],"12":[1,1],"13":[2,1],"14":[1,1],"15":[2,2],"16":[2,314],"17":[1,62],"18":[60,1],"19":[60,1],"20":[0,60],"21":[0,1],"22":[1,60],"23":[3,58],"24":[1,60],"25":[60,1],"26":[15,1]},"_coverageSchema":"43e27e138ebf9cfc5966b082cf9a028302ed4184","hash":"bf92c075d310f9caae2a1619de2bdd6d8e9d0aa2"}
,"C:\\Users\\Behdad\\Documents\\4th year\\capstone(working on test)\\ToeFX\\toefx-client\\src\\components\\user\\User.js": {"path":"C:\\Users\\Behdad\\Documents\\4th year\\capstone(working on test)\\ToeFX\\toefx-client\\src\\components\\user\\User.js","statementMap":{"0":{"start":{"line":28,"column":8},"end":{"line":28,"column":21}},"1":{"start":{"line":30,"column":8},"end":{"line":40,"column":10}},"2":{"start":{"line":49,"column":8},"end":{"line":74,"column":9}},"3":{"start":{"line":51,"column":12},"end":{"line":54,"column":13}},"4":{"start":{"line":52,"column":16},"end":{"line":52,"column":50}},"5":{"start":{"line":53,"column":16},"end":{"line":53,"column":22}},"6":{"start":{"line":56,"column":12},"end":{"line":64,"column":13}},"7":{"start":{"line":57,"column":16},"end":{"line":62,"column":17}},"8":{"start":{"line":58,"column":20},"end":{"line":58,"column":61}},"9":{"start":{"line":59,"column":20},"end":{"line":59,"column":62}},"10":{"start":{"line":61,"column":20},"end":{"line":61,"column":47}},"11":{"start":{"line":66,"column":12},"end":{"line":71,"column":14}},"12":{"start":{"line":73,"column":12},"end":{"line":73,"column":58}},"13":{"start":{"line":87,"column":21},"end":{"line":87,"column":41}},"14":{"start":{"line":88,"column":29},"end":{"line":88,"column":49}},"15":{"start":{"line":89,"column":20},"end":{"line":89,"column":22}},"16":{"start":{"line":91,"column":8},"end":{"line":115,"column":9}},"17":{"start":{"line":92,"column":12},"end":{"line":114,"column":13}},"18":{"start":{"line":92,"column":29},"end":{"line":92,"column":30}},"19":{"start":{"line":93,"column":26},"end":{"line":93,"column":69}},"20":{"start":{"line":95,"column":16},"end":{"line":113,"column":17}},"21":{"start":{"line":97,"column":20},"end":{"line":98,"column":94}},"22":{"start":{"line":98,"column":24},"end":{"line":98,"column":94}},"23":{"start":{"line":100,"column":31},"end":{"line":100,"column":55}},"24":{"start":{"line":102,"column":20},"end":{"line":102,"column":49}},"25":{"start":{"line":103,"column":20},"end":{"line":103,"column":69}},"26":{"start":{"line":104,"column":20},"end":{"line":104,"column":37}},"27":{"start":{"line":111,"column":20},"end":{"line":112,"column":53}},"28":{"start":{"line":111,"column":33},"end":{"line":111,"column":42}},"29":{"start":{"line":112,"column":24},"end":{"line":112,"column":53}},"30":{"start":{"line":117,"column":8},"end":{"line":121,"column":10}},"31":{"start":{"line":129,"column":8},"end":{"line":161,"column":9}},"32":{"start":{"line":131,"column":34},"end":{"line":131,"column":74}},"33":{"start":{"line":132,"column":35},"end":{"line":132,"column":76}},"34":{"start":{"line":135,"column":31},"end":{"line":135,"column":33}},"35":{"start":{"line":136,"column":32},"end":{"line":136,"column":34}},"36":{"start":{"line":138,"column":12},"end":{"line":152,"column":13}},"37":{"start":{"line":138,"column":25},"end":{"line":138,"column":26}},"38":{"start":{"line":139,"column":16},"end":{"line":144,"column":23}},"39":{"start":{"line":146,"column":16},"end":{"line":151,"column":23}},"40":{"start":{"line":154,"column":12},"end":{"line":160,"column":15}},"41":{"start":{"line":172,"column":29},"end":{"line":172,"column":31}},"42":{"start":{"line":174,"column":8},"end":{"line":183,"column":9}},"43":{"start":{"line":175,"column":12},"end":{"line":175,"column":38}},"44":{"start":{"line":179,"column":12},"end":{"line":180,"column":61}},"45":{"start":{"line":179,"column":25},"end":{"line":179,"column":26}},"46":{"start":{"line":180,"column":16},"end":{"line":180,"column":61}},"47":{"start":{"line":182,"column":12},"end":{"line":182,"column":48}},"48":{"start":{"line":185,"column":8},"end":{"line":190,"column":9}},"49":{"start":{"line":197,"column":23},"end":{"line":197,"column":64}},"50":{"start":{"line":198,"column":23},"end":{"line":198,"column":123}},"51":{"start":{"line":199,"column":32},"end":{"line":199,"column":134}},"52":{"start":{"line":202,"column":26},"end":{"line":202,"column":55}},"53":{"start":{"line":203,"column":8},"end":{"line":206,"column":92}},"54":{"start":{"line":204,"column":12},"end":{"line":204,"column":147}},"55":{"start":{"line":206,"column":12},"end":{"line":206,"column":92}},"56":{"start":{"line":208,"column":8},"end":{"line":266,"column":9}},"57":{"start":{"line":209,"column":12},"end":{"line":249,"column":14}},"58":{"start":{"line":241,"column":48},"end":{"line":241,"column":111}},"59":{"start":{"line":241,"column":96},"end":{"line":241,"column":109}},"60":{"start":{"line":252,"column":12},"end":{"line":265,"column":14}},"61":{"start":{"line":270,"column":24},"end":{"line":273,"column":2}},"62":{"start":{"line":270,"column":36},"end":{"line":273,"column":1}}},"fnMap":{"0":{"name":"(anonymous_0)","decl":{"start":{"line":27,"column":4},"end":{"line":27,"column":5}},"loc":{"start":{"line":27,"column":23},"end":{"line":41,"column":5}},"line":27},"1":{"name":"(anonymous_1)","decl":{"start":{"line":47,"column":4},"end":{"line":47,"column":5}},"loc":{"start":{"line":47,"column":30},"end":{"line":76,"column":5}},"line":47},"2":{"name":"(anonymous_2)","decl":{"start":{"line":86,"column":4},"end":{"line":86,"column":5}},"loc":{"start":{"line":86,"column":34},"end":{"line":122,"column":5}},"line":86},"3":{"name":"(anonymous_3)","decl":{"start":{"line":128,"column":4},"end":{"line":128,"column":5}},"loc":{"start":{"line":128,"column":27},"end":{"line":162,"column":5}},"line":128},"4":{"name":"(anonymous_4)","decl":{"start":{"line":171,"column":4},"end":{"line":171,"column":5}},"loc":{"start":{"line":171,"column":43},"end":{"line":191,"column":5}},"line":171},"5":{"name":"(anonymous_5)","decl":{"start":{"line":196,"column":4},"end":{"line":196,"column":5}},"loc":{"start":{"line":196,"column":13},"end":{"line":267,"column":5}},"line":196},"6":{"name":"(anonymous_6)","decl":{"start":{"line":240,"column":57},"end":{"line":240,"column":58}},"loc":{"start":{"line":241,"column":48},"end":{"line":241,"column":111}},"line":241},"7":{"name":"(anonymous_7)","decl":{"start":{"line":241,"column":88},"end":{"line":241,"column":89}},"loc":{"start":{"line":241,"column":96},"end":{"line":241,"column":109}},"line":241},"8":{"name":"(anonymous_8)","decl":{"start":{"line":270,"column":24},"end":{"line":270,"column":25}},"loc":{"start":{"line":270,"column":36},"end":{"line":273,"column":1}},"line":270}},"branchMap":{"0":{"loc":{"start":{"line":51,"column":12},"end":{"line":54,"column":13}},"type":"if","locations":[{"start":{"line":51,"column":12},"end":{"line":54,"column":13}},{"start":{"line":51,"column":12},"end":{"line":54,"column":13}}],"line":51},"1":{"loc":{"start":{"line":56,"column":12},"end":{"line":64,"column":13}},"type":"if","locations":[{"start":{"line":56,"column":12},"end":{"line":64,"column":13}},{"start":{"line":56,"column":12},"end":{"line":64,"column":13}}],"line":56},"2":{"loc":{"start":{"line":91,"column":8},"end":{"line":115,"column":9}},"type":"if","locations":[{"start":{"line":91,"column":8},"end":{"line":115,"column":9}},{"start":{"line":91,"column":8},"end":{"line":115,"column":9}}],"line":91},"3":{"loc":{"start":{"line":91,"column":12},"end":{"line":91,"column":98}},"type":"binary-expr","locations":[{"start":{"line":91,"column":12},"end":{"line":91,"column":49}},{"start":{"line":91,"column":53},"end":{"line":91,"column":98}}],"line":91},"4":{"loc":{"start":{"line":97,"column":20},"end":{"line":98,"column":94}},"type":"if","locations":[{"start":{"line":97,"column":20},"end":{"line":98,"column":94}},{"start":{"line":97,"column":20},"end":{"line":98,"column":94}}],"line":97},"5":{"loc":{"start":{"line":129,"column":8},"end":{"line":161,"column":9}},"type":"if","locations":[{"start":{"line":129,"column":8},"end":{"line":161,"column":9}},{"start":{"line":129,"column":8},"end":{"line":161,"column":9}}],"line":129},"6":{"loc":{"start":{"line":129,"column":12},"end":{"line":129,"column":132}},"type":"binary-expr","locations":[{"start":{"line":129,"column":12},"end":{"line":129,"column":49}},{"start":{"line":129,"column":54},"end":{"line":129,"column":90}},{"start":{"line":129,"column":94},"end":{"line":129,"column":131}}],"line":129},"7":{"loc":{"start":{"line":174,"column":8},"end":{"line":183,"column":9}},"type":"if","locations":[{"start":{"line":174,"column":8},"end":{"line":183,"column":9}},{"start":{"line":174,"column":8},"end":{"line":183,"column":9}}],"line":174},"8":{"loc":{"start":{"line":198,"column":23},"end":{"line":198,"column":123}},"type":"cond-expr","locations":[{"start":{"line":198,"column":73},"end":{"line":198,"column":96}},{"start":{"line":198,"column":99},"end":{"line":198,"column":123}}],"line":198},"9":{"loc":{"start":{"line":199,"column":32},"end":{"line":199,"column":134}},"type":"cond-expr","locations":[{"start":{"line":199,"column":82},"end":{"line":199,"column":106}},{"start":{"line":199,"column":109},"end":{"line":199,"column":134}}],"line":199},"10":{"loc":{"start":{"line":203,"column":8},"end":{"line":206,"column":92}},"type":"if","locations":[{"start":{"line":203,"column":8},"end":{"line":206,"column":92}},{"start":{"line":203,"column":8},"end":{"line":206,"column":92}}],"line":203},"11":{"loc":{"start":{"line":208,"column":8},"end":{"line":266,"column":9}},"type":"if","locations":[{"start":{"line":208,"column":8},"end":{"line":266,"column":9}},{"start":{"line":208,"column":8},"end":{"line":266,"column":9}}],"line":208}},"s":{"0":19,"1":19,"2":19,"3":19,"4":2,"5":2,"6":17,"7":16,"8":16,"9":16,"10":0,"11":17,"12":0,"13":12,"14":12,"15":12,"16":12,"17":10,"18":10,"19":50,"20":50,"21":28,"22":28,"23":28,"24":28,"25":28,"26":28,"27":28,"28":28,"29":60,"30":12,"31":22,"32":3,"33":3,"34":3,"35":3,"36":3,"37":3,"38":15,"39":15,"40":3,"41":263,"42":263,"43":157,"44":106,"45":106,"46":56,"47":106,"48":263,"49":324,"50":324,"51":324,"52":324,"53":324,"54":272,"55":52,"56":324,"57":52,"58":260,"59":624,"60":272,"61":1,"62":291},"f":{"0":19,"1":19,"2":12,"3":22,"4":263,"5":324,"6":260,"7":624,"8":291},"b":{"0":[2,17],"1":[16,1],"2":[10,2],"3":[12,10],"4":[28,0],"5":[3,19],"6":[22,4,2],"7":[157,106],"8":[324,0],"9":[324,0],"10":[272,52],"11":[52,272]},"_coverageSchema":"43e27e138ebf9cfc5966b082cf9a028302ed4184","hash":"7b379135527f1b390092622d31db84b5447284e9"}
}
