TN:
SF:C:\Users\Behdad\Documents\4th year\capstone(working on test)\ToeFX\toefx-client\src\components\Component404.js
FN:14,(anonymous_0)
FNF:1
FNH:1
FNDA:1,(anonymous_0)
DA:15,1
LF:1
LH:1
BRF:0
BRH:0
end_of_record
TN:
SF:C:\Users\Behdad\Documents\4th year\capstone(working on test)\ToeFX\toefx-client\src\components\FirstPage.js
FN:16,(anonymous_0)
FNF:1
FNH:1
FNDA:1,(anonymous_0)
DA:17,1
LF:1
LH:1
BRF:0
BRH:0
end_of_record
TN:
SF:C:\Users\Behdad\Documents\4th year\capstone(working on test)\ToeFX\toefx-client\src\components\Login.js
FN:23,(anonymous_0)
FN:37,(anonymous_1)
FN:94,(anonymous_2)
FN:124,(anonymous_3)
FN:137,(anonymous_4)
FNF:5
FNH:5
FNDA:20,(anonymous_0)
FNDA:13,(anonymous_1)
FNDA:56,(anonymous_2)
FNDA:4,(anonymous_3)
FNDA:4,(anonymous_4)
DA:24,20
DA:25,20
DA:37,20
DA:38,13
DA:41,13
DA:42,5
DA:43,5
DA:45,8
DA:46,1
DA:47,1
DA:51,7
DA:52,7
DA:57,1
DA:60,1
DA:63,6
DA:64,3
DA:66,3
DA:67,3
DA:69,3
DA:71,3
DA:74,3
DA:77,3
DA:80,3
DA:83,3
DA:85,3
DA:95,56
DA:98,56
DA:126,4
DA:138,4
LF:29
LH:29
BRDA:41,0,0,5
BRDA:41,0,1,8
BRDA:45,1,0,1
BRDA:45,1,1,7
BRDA:63,2,0,3
BRDA:63,2,1,3
BRDA:63,3,0,6
BRDA:63,3,1,4
BRDA:95,4,0,4
BRDA:95,4,1,52
BRF:10
BRH:10
end_of_record
TN:
SF:C:\Users\Behdad\Documents\4th year\capstone(working on test)\ToeFX\toefx-client\src\components\NavigationBar.js
FN:17,(anonymous_0)
FN:25,(anonymous_1)
FN:99,(anonymous_2)
FNF:3
FNH:3
FNDA:10,(anonymous_0)
FNDA:1,(anonymous_1)
FNDA:10,(anonymous_2)
DA:19,10
DA:22,10
DA:23,7
DA:25,1
DA:35,3
DA:37,1
DA:43,2
DA:45,1
DA:49,1
DA:51,1
DA:57,10
DA:58,10
DA:59,10
DA:61,9
DA:67,9
DA:74,10
DA:99,10
LF:17
LH:17
BRDA:22,0,0,7
BRDA:22,0,1,3
BRDA:28,1,0,7
BRDA:28,1,1,6
BRDA:28,1,2,4
BRDA:35,2,0,1
BRDA:35,2,1,2
BRDA:35,3,0,3
BRDA:35,3,1,2
BRDA:43,4,0,1
BRDA:43,4,1,1
BRDA:49,5,0,1
BRDA:49,5,1,0
BRDA:59,6,0,9
BRDA:59,6,1,1
BRDA:77,7,0,9
BRDA:77,7,1,1
BRF:17
BRH:16
end_of_record
TN:
SF:C:\Users\Behdad\Documents\4th year\capstone(working on test)\ToeFX\toefx-client\src\components\Signup.js
FN:18,(anonymous_0)
FN:37,(anonymous_1)
FN:49,(anonymous_2)
FN:57,(anonymous_3)
FN:110,(anonymous_4)
FN:123,(anonymous_5)
FN:147,(anonymous_6)
FN:165,(anonymous_7)
FN:180,(anonymous_8)
FN:195,(anonymous_9)
FN:209,(anonymous_10)
FNF:11
FNH:11
FNDA:22,(anonymous_0)
FNDA:12,(anonymous_1)
FNDA:10,(anonymous_2)
FNDA:8,(anonymous_3)
FNDA:66,(anonymous_4)
FNDA:62,(anonymous_5)
FNDA:4,(anonymous_6)
FNDA:4,(anonymous_7)
FNDA:4,(anonymous_8)
FNDA:4,(anonymous_9)
FNDA:4,(anonymous_10)
DA:19,22
DA:20,22
DA:38,12
DA:50,10
DA:57,22
DA:58,8
DA:60,8
DA:62,1
DA:63,1
DA:66,7
DA:68,1
DA:69,1
DA:72,6
DA:73,2
DA:74,2
DA:77,4
DA:78,1
DA:79,1
DA:83,3
DA:84,3
DA:91,1
DA:92,1
DA:96,2
DA:99,1
DA:102,1
DA:111,66
DA:124,62
DA:126,62
DA:148,4
DA:166,4
DA:181,4
DA:196,4
DA:210,4
LF:33
LH:33
BRDA:38,0,0,12
BRDA:38,0,1,10
BRDA:38,0,2,8
BRDA:38,0,3,8
BRDA:38,0,4,8
BRDA:60,1,0,1
BRDA:60,1,1,7
BRDA:66,2,0,1
BRDA:66,2,1,6
BRDA:72,3,0,2
BRDA:72,3,1,4
BRDA:77,4,0,1
BRDA:77,4,1,3
BRDA:96,5,0,1
BRDA:96,5,1,1
BRDA:111,6,0,3
BRDA:111,6,1,63
BRDA:113,7,0,3
BRDA:113,7,1,60
BRDA:115,8,0,4
BRDA:115,8,1,56
BRDA:150,9,0,5
BRDA:150,9,1,57
BRDA:150,10,0,62
BRDA:150,10,1,2
BRDA:150,10,2,60
BRDA:168,11,0,4
BRDA:168,11,1,58
BRDA:168,12,0,62
BRDA:168,12,1,2
BRDA:168,12,2,60
BRDA:183,13,0,4
BRDA:183,13,1,58
BRDA:183,14,0,62
BRDA:183,14,1,2
BRDA:183,14,2,60
BRDA:198,15,0,2
BRDA:198,15,1,60
BRDA:198,16,0,62
BRDA:198,16,1,2
BRDA:212,17,0,2
BRDA:212,17,1,60
BRDA:212,18,0,62
BRDA:212,18,1,2
BRF:44
BRH:44
end_of_record
TN:
SF:C:\Users\Behdad\Documents\4th year\capstone(working on test)\ToeFX\toefx-client\src\components\user\ApexChart.js
FN:27,(anonymous_0)
FN:42,(anonymous_1)
FN:83,(anonymous_2)
FN:91,(anonymous_3)
FN:112,(anonymous_4)
FN:143,(anonymous_5)
FN:152,(anonymous_6)
FN:167,(anonymous_7)
FN:194,(anonymous_8)
FN:195,(anonymous_9)
FN:202,(anonymous_10)
FN:219,(anonymous_11)
FN:246,(anonymous_12)
FN:255,(anonymous_13)
FN:264,(anonymous_14)
FN:265,(anonymous_15)
FN:289,(anonymous_16)
FN:311,(anonymous_17)
FN:322,(anonymous_18)
FNF:19
FNH:18
FNDA:23,(anonymous_0)
FNDA:0,(anonymous_1)
FNDA:23,(anonymous_2)
FNDA:2,(anonymous_3)
FNDA:28,(anonymous_4)
FNDA:3,(anonymous_5)
FNDA:4,(anonymous_6)
FNDA:2,(anonymous_7)
FNDA:2,(anonymous_8)
FNDA:10,(anonymous_9)
FNDA:602,(anonymous_10)
FNDA:120,(anonymous_11)
FNDA:600,(anonymous_12)
FNDA:12,(anonymous_13)
FNDA:36,(anonymous_14)
FNDA:23,(anonymous_15)
FNDA:2,(anonymous_16)
FNDA:10,(anonymous_17)
FNDA:118,(anonymous_18)
DA:20,2
DA:28,23
DA:31,23
DA:45,0
DA:46,0
DA:84,23
DA:92,2
DA:94,2
DA:105,2
DA:113,28
DA:114,28
DA:115,28
DA:117,28
DA:118,140
DA:119,52
DA:123,88
DA:127,28
DA:144,3
DA:146,3
DA:147,1
DA:149,2
DA:151,2
DA:152,4
DA:154,2
DA:168,2
DA:169,2
DA:171,2
DA:172,6
DA:173,1
DA:174,1
DA:178,2
DA:179,1
DA:181,2
DA:195,10
DA:203,602
DA:204,602
DA:205,602
DA:207,602
DA:208,1
DA:209,601
DA:220,120
DA:221,120
DA:222,120
DA:223,120
DA:224,600
DA:226,120
DA:227,116
DA:229,120
DA:246,600
DA:256,12
DA:258,12
DA:259,60
DA:261,12
DA:262,6
DA:264,36
DA:265,23
DA:266,12
DA:268,12
DA:290,2
DA:291,2
DA:292,2
DA:293,2
DA:295,2
DA:311,10
DA:324,118
DA:325,118
DA:327,118
DA:328,1
DA:331,117
DA:337,118
LF:70
LH:68
BRDA:45,0,0,0
BRDA:45,0,1,0
BRDA:105,1,0,2
BRDA:105,1,1,0
BRDA:114,2,0,28
BRDA:114,2,1,0
BRDA:115,3,0,28
BRDA:115,3,1,0
BRDA:118,4,0,52
BRDA:118,4,1,88
BRDA:118,5,0,140
BRDA:118,5,1,56
BRDA:146,6,0,1
BRDA:146,6,1,2
BRDA:151,7,0,2
BRDA:151,7,1,0
BRDA:172,8,0,1
BRDA:172,8,1,5
BRDA:178,9,0,1
BRDA:178,9,1,1
BRDA:207,10,0,1
BRDA:207,10,1,601
BRDA:211,11,0,268
BRDA:211,11,1,333
BRDA:226,12,0,116
BRDA:226,12,1,4
BRDA:241,13,0,116
BRDA:241,13,1,4
BRDA:242,14,0,116
BRDA:242,14,1,4
BRDA:261,15,0,6
BRDA:261,15,1,6
BRDA:269,16,0,3
BRDA:269,16,1,9
BRDA:269,17,0,12
BRDA:269,17,1,4
BRDA:273,18,0,3
BRDA:273,18,1,0
BRDA:290,19,0,1
BRDA:290,19,1,1
BRDA:291,20,0,1
BRDA:291,20,1,1
BRDA:293,21,0,1
BRDA:293,21,1,1
BRDA:327,22,0,1
BRDA:327,22,1,117
BRDA:342,23,0,115
BRDA:342,23,1,3
BRDA:347,24,0,3
BRDA:347,24,1,115
BRF:50
BRH:43
end_of_record
TN:
SF:C:\Users\Behdad\Documents\4th year\capstone(working on test)\ToeFX\toefx-client\src\components\user\MyAccount.js
FN:25,(anonymous_0)
FN:41,(anonymous_1)
FN:65,(anonymous_2)
FN:73,(anonymous_3)
FN:86,(anonymous_4)
FN:92,(anonymous_5)
FN:108,(anonymous_6)
FN:111,(anonymous_7)
FN:127,(anonymous_8)
FN:174,(anonymous_9)
FN:204,(anonymous_10)
FNF:11
FNH:10
FNDA:10,(anonymous_0)
FNDA:10,(anonymous_1)
FNDA:1,(anonymous_2)
FNDA:1,(anonymous_3)
FNDA:4,(anonymous_4)
FNDA:1,(anonymous_5)
FNDA:2,(anonymous_6)
FNDA:2,(anonymous_7)
FNDA:14,(anonymous_8)
FNDA:0,(anonymous_9)
FNDA:10,(anonymous_10)
DA:26,10
DA:28,10
DA:43,10
DA:44,1
DA:47,10
DA:48,1
DA:49,1
DA:52,10
DA:54,1
DA:66,1
DA:74,1
DA:87,4
DA:88,4
DA:89,4
DA:91,2
DA:93,1
DA:98,1
DA:110,2
DA:112,2
DA:128,14
DA:129,14
DA:130,14
DA:131,14
DA:135,14
DA:145,14
DA:174,0
DA:181,14
DA:204,10
LF:28
LH:27
BRDA:43,0,0,1
BRDA:43,0,1,9
BRDA:47,1,0,1
BRDA:47,1,1,9
BRDA:47,2,0,10
BRDA:47,2,1,1
BRDA:88,3,0,4
BRDA:88,3,1,0
BRDA:88,4,0,4
BRDA:88,4,1,0
BRDA:89,5,0,2
BRDA:89,5,1,2
BRDA:89,6,0,4
BRDA:89,6,1,4
BRDA:131,7,0,14
BRDA:131,7,1,0
BRDA:145,8,0,14
BRDA:145,8,1,0
BRDA:150,9,0,0
BRDA:150,9,1,0
BRDA:155,10,0,0
BRDA:155,10,1,0
BRF:22
BRH:14
end_of_record
TN:
SF:C:\Users\Behdad\Documents\4th year\capstone(working on test)\ToeFX\toefx-client\src\components\user\ResetPassword.js
FN:18,(anonymous_0)
FN:35,(anonymous_1)
FN:45,(anonymous_2)
FN:53,(anonymous_3)
FN:85,(anonymous_4)
FN:106,(anonymous_5)
FN:119,(anonymous_6)
FN:140,(anonymous_7)
FN:153,(anonymous_8)
FN:166,(anonymous_9)
FNF:10
FNH:9
FNDA:19,(anonymous_0)
FNDA:7,(anonymous_1)
FNDA:7,(anonymous_2)
FNDA:5,(anonymous_3)
FNDA:0,(anonymous_4)
FNDA:45,(anonymous_5)
FNDA:41,(anonymous_6)
FNDA:2,(anonymous_7)
FNDA:2,(anonymous_8)
FNDA:2,(anonymous_9)
DA:19,19
DA:21,19
DA:36,7
DA:46,7
DA:54,5
DA:57,5
DA:59,1
DA:61,4
DA:64,1
DA:70,3
DA:72,1
DA:81,2
DA:85,0
DA:87,2
DA:88,1
DA:92,1
DA:107,45
DA:120,41
DA:121,41
DA:141,2
DA:154,2
DA:167,2
LF:22
LH:21
BRDA:36,0,0,7
BRDA:36,0,1,4
BRDA:36,0,2,4
BRDA:57,1,0,1
BRDA:57,1,1,4
BRDA:61,2,0,1
BRDA:61,2,1,3
BRDA:70,3,0,1
BRDA:70,3,1,2
BRDA:87,4,0,1
BRDA:87,4,1,1
BRDA:107,5,0,3
BRDA:107,5,1,42
BRDA:109,6,0,3
BRDA:109,6,1,39
BRDA:111,7,0,3
BRDA:111,7,1,36
BRDA:143,8,0,4
BRDA:143,8,1,37
BRDA:143,9,0,41
BRDA:143,9,1,2
BRDA:143,9,2,39
BRDA:156,10,0,4
BRDA:156,10,1,37
BRDA:156,11,0,41
BRDA:156,11,1,2
BRDA:156,11,2,39
BRDA:169,12,0,4
BRDA:169,12,1,37
BRDA:169,13,0,41
BRDA:169,13,1,2
BRDA:169,13,2,39
BRF:32
BRH:32
end_of_record
TN:
SF:C:\Users\Behdad\Documents\4th year\capstone(working on test)\ToeFX\toefx-client\src\components\user\Schedule.js
FN:19,(anonymous_0)
FN:31,(anonymous_1)
FN:56,(anonymous_2)
FN:70,(anonymous_3)
FN:107,(anonymous_4)
FN:119,(anonymous_5)
FNF:6
FNH:6
FNDA:7,(anonymous_0)
FNDA:7,(anonymous_1)
FNDA:5,(anonymous_2)
FNDA:12,(anonymous_3)
FNDA:4,(anonymous_4)
FNDA:7,(anonymous_5)
DA:20,7
DA:22,7
DA:34,7
DA:35,3
DA:36,1
DA:38,4
DA:40,4
DA:42,3
DA:47,1
DA:57,5
DA:71,12
DA:73,8
DA:85,4
DA:107,4
DA:119,7
LF:15
LH:15
BRDA:34,0,0,3
BRDA:34,0,1,4
BRDA:71,1,0,8
BRDA:71,1,1,4
BRDA:106,2,0,4
BRDA:106,2,1,0
BRF:6
BRH:5
end_of_record
TN:
SF:C:\Users\Behdad\Documents\4th year\capstone(working on test)\ToeFX\toefx-client\src\components\user\Sidebar.js
FN:21,(anonymous_0)
FN:31,(anonymous_1)
FN:39,(anonymous_2)
FN:40,(anonymous_3)
FN:41,(anonymous_4)
FN:56,(anonymous_5)
FN:67,(anonymous_6)
FN:75,(anonymous_7)
FN:83,(anonymous_8)
FN:91,(anonymous_9)
FN:106,(anonymous_10)
FNF:11
FNH:11
FNDA:331,(anonymous_0)
FNDA:1,(anonymous_1)
FNDA:1,(anonymous_2)
FNDA:1,(anonymous_3)
FNDA:1,(anonymous_4)
FNDA:1,(anonymous_5)
FNDA:1,(anonymous_6)
FNDA:1,(anonymous_7)
FNDA:1,(anonymous_8)
FNDA:1,(anonymous_9)
FNDA:331,(anonymous_10)
DA:22,331
DA:23,331
DA:24,331
DA:25,331
DA:27,331
DA:28,10
DA:32,1
DA:33,1
DA:39,1
DA:40,1
DA:42,1
DA:43,1
DA:51,321
DA:57,1
DA:58,1
DA:67,1
DA:75,1
DA:83,1
DA:92,1
DA:93,1
DA:106,331
LF:21
LH:21
BRDA:27,0,0,10
BRDA:27,0,1,321
BRDA:66,1,0,2
BRDA:66,1,1,319
BRDA:74,2,0,2
BRDA:74,2,1,319
BRDA:82,3,0,1
BRDA:82,3,1,320
BRF:8
BRH:8
end_of_record
TN:
SF:C:\Users\Behdad\Documents\4th year\capstone(working on test)\ToeFX\toefx-client\src\components\user\Upload.js
FN:26,(anonymous_0)
FN:60,(anonymous_1)
FN:68,(anonymous_2)
FN:76,(anonymous_3)
FN:102,(anonymous_4)
FN:111,(anonymous_5)
FN:116,(anonymous_6)
FN:117,(anonymous_7)
FN:121,(anonymous_8)
FN:122,(anonymous_9)
FN:130,(anonymous_10)
FN:141,(anonymous_11)
FN:144,(anonymous_12)
FN:170,(anonymous_13)
FN:171,(anonymous_14)
FN:180,(anonymous_15)
FN:181,(anonymous_16)
FN:195,(anonymous_17)
FN:205,(anonymous_18)
FN:213,(anonymous_19)
FN:228,(anonymous_20)
FN:235,(anonymous_21)
FN:243,(anonymous_22)
FN:255,(anonymous_23)
FN:270,(anonymous_24)
FN:281,(anonymous_25)
FN:290,(anonymous_26)
FN:350,(anonymous_27)
FN:352,(anonymous_28)
FN:371,(anonymous_29)
FN:404,(anonymous_30)
FN:421,(anonymous_31)
FNF:32
FNH:28
FNDA:30,(anonymous_0)
FNDA:1,(anonymous_1)
FNDA:30,(anonymous_2)
FNDA:6,(anonymous_3)
FNDA:5,(anonymous_4)
FNDA:7,(anonymous_5)
FNDA:1,(anonymous_6)
FNDA:2,(anonymous_7)
FNDA:1,(anonymous_8)
FNDA:2,(anonymous_9)
FNDA:3,(anonymous_10)
FNDA:2,(anonymous_11)
FNDA:4,(anonymous_12)
FNDA:0,(anonymous_13)
FNDA:1,(anonymous_14)
FNDA:0,(anonymous_15)
FNDA:1,(anonymous_16)
FNDA:4,(anonymous_17)
FNDA:1,(anonymous_18)
FNDA:1,(anonymous_19)
FNDA:186,(anonymous_20)
FNDA:2,(anonymous_21)
FNDA:2,(anonymous_22)
FNDA:316,(anonymous_23)
FNDA:63,(anonymous_24)
FNDA:315,(anonymous_25)
FNDA:61,(anonymous_26)
FNDA:0,(anonymous_27)
FNDA:0,(anonymous_28)
FNDA:15,(anonymous_29)
FNDA:1,(anonymous_30)
FNDA:30,(anonymous_31)
DA:14,1
DA:27,30
DA:29,30
DA:44,30
DA:61,1
DA:62,1
DA:69,30
DA:77,6
DA:78,1
DA:81,5
DA:82,5
DA:83,5
DA:84,5
DA:85,5
DA:87,5
DA:88,4
DA:90,1
DA:93,5
DA:94,3
DA:95,3
DA:103,5
DA:104,5
DA:112,7
DA:114,7
DA:115,4
DA:116,1
DA:117,2
DA:120,3
DA:121,1
DA:122,2
DA:131,3
DA:132,2
DA:133,1
DA:134,1
DA:142,2
DA:144,4
DA:146,0
DA:147,0
DA:151,2
DA:154,2
DA:163,2
DA:164,2
DA:165,2
DA:166,2
DA:167,2
DA:168,2
DA:169,1
DA:170,0
DA:172,1
DA:173,1
DA:179,1
DA:180,0
DA:182,1
DA:183,1
DA:195,30
DA:196,4
DA:199,4
DA:200,2
DA:201,1
DA:203,1
DA:204,1
DA:205,1
DA:209,2
DA:210,2
DA:211,1
DA:212,1
DA:213,1
DA:216,2
DA:229,186
DA:236,2
DA:237,1
DA:244,2
DA:245,1
DA:256,316
DA:257,316
DA:259,316
DA:271,63
DA:272,63
DA:273,315
DA:275,63
DA:276,1
DA:278,63
DA:281,315
DA:292,61
DA:293,61
DA:294,61
DA:295,61
DA:297,61
DA:299,60
DA:301,60
DA:302,0
DA:304,1
DA:305,0
DA:307,61
DA:351,0
DA:353,0
DA:372,15
DA:404,1
DA:421,30
LF:99
LH:91
BRDA:77,0,0,1
BRDA:77,0,1,5
BRDA:87,1,0,4
BRDA:87,1,1,1
BRDA:114,2,0,4
BRDA:114,2,1,3
BRDA:131,3,0,2
BRDA:131,3,1,1
BRDA:131,4,0,3
BRDA:131,4,1,2
BRDA:144,5,0,0
BRDA:144,5,1,2
BRDA:168,6,0,1
BRDA:168,6,1,1
BRDA:199,7,0,2
BRDA:199,7,1,2
BRDA:200,8,0,1
BRDA:200,8,1,1
BRDA:200,9,0,2
BRDA:200,9,1,1
BRDA:210,10,0,1
BRDA:210,10,1,1
BRDA:229,11,0,186
BRDA:229,11,1,14
BRDA:236,12,0,1
BRDA:236,12,1,1
BRDA:236,13,0,2
BRDA:236,13,1,1
BRDA:244,14,0,1
BRDA:244,14,1,1
BRDA:244,15,0,2
BRDA:244,15,1,2
BRDA:261,16,0,2
BRDA:261,16,1,314
BRDA:275,17,0,1
BRDA:275,17,1,62
BRDA:295,18,0,60
BRDA:295,18,1,1
BRDA:297,19,0,60
BRDA:297,19,1,1
BRDA:301,20,0,0
BRDA:301,20,1,60
BRDA:304,21,0,0
BRDA:304,21,1,1
BRDA:314,22,0,1
BRDA:314,22,1,60
BRDA:319,23,0,3
BRDA:319,23,1,58
BRDA:349,24,0,1
BRDA:349,24,1,60
BRDA:350,25,0,60
BRDA:350,25,1,1
BRDA:394,26,0,15
BRDA:394,26,1,1
BRF:54
BRH:51
end_of_record
TN:
SF:C:\Users\Behdad\Documents\4th year\capstone(working on test)\ToeFX\toefx-client\src\components\user\User.js
FN:27,(anonymous_0)
FN:47,(anonymous_1)
FN:86,(anonymous_2)
FN:128,(anonymous_3)
FN:171,(anonymous_4)
FN:196,(anonymous_5)
FN:240,(anonymous_6)
FN:241,(anonymous_7)
FN:270,(anonymous_8)
FNF:9
FNH:9
FNDA:19,(anonymous_0)
FNDA:19,(anonymous_1)
FNDA:12,(anonymous_2)
FNDA:22,(anonymous_3)
FNDA:263,(anonymous_4)
FNDA:324,(anonymous_5)
FNDA:260,(anonymous_6)
FNDA:624,(anonymous_7)
FNDA:291,(anonymous_8)
DA:28,19
DA:30,19
DA:49,19
DA:51,19
DA:52,2
DA:53,2
DA:56,17
DA:57,16
DA:58,16
DA:59,16
DA:61,0
DA:66,17
DA:73,0
DA:87,12
DA:88,12
DA:89,12
DA:91,12
DA:92,10
DA:93,50
DA:95,50
DA:97,28
DA:98,28
DA:100,28
DA:102,28
DA:103,28
DA:104,28
DA:111,28
DA:112,60
DA:117,12
DA:129,22
DA:131,3
DA:132,3
DA:135,3
DA:136,3
DA:138,3
DA:139,15
DA:146,15
DA:154,3
DA:172,263
DA:174,263
DA:175,157
DA:179,106
DA:180,56
DA:182,106
DA:185,263
DA:197,324
DA:198,324
DA:199,324
DA:202,324
DA:203,324
DA:204,272
DA:206,52
DA:208,324
DA:209,52
DA:241,624
DA:252,272
DA:270,291
LF:57
LH:55
BRDA:51,0,0,2
BRDA:51,0,1,17
BRDA:56,1,0,16
BRDA:56,1,1,1
BRDA:91,2,0,10
BRDA:91,2,1,2
BRDA:91,3,0,12
BRDA:91,3,1,10
BRDA:97,4,0,28
BRDA:97,4,1,0
BRDA:129,5,0,3
BRDA:129,5,1,19
BRDA:129,6,0,22
BRDA:129,6,1,4
BRDA:129,6,2,2
BRDA:174,7,0,157
BRDA:174,7,1,106
BRDA:198,8,0,324
BRDA:198,8,1,0
BRDA:199,9,0,324
BRDA:199,9,1,0
BRDA:203,10,0,272
BRDA:203,10,1,52
BRDA:208,11,0,52
BRDA:208,11,1,272
BRF:25
BRH:22
end_of_record
