{"D:\\ToeFX\\TOEFXLATEST\\ToeFX\\toefx-server\\app.js": {"path":"D:\\ToeFX\\TOEFXLATEST\\ToeFX\\toefx-server\\app.js","statementMap":{"0":{"start":{"line":1,"column":16},"end":{"line":1,"column":34}},"1":{"start":{"line":2,"column":12},"end":{"line":2,"column":21}},"2":{"start":{"line":3,"column":19},"end":{"line":3,"column":41}},"3":{"start":{"line":4,"column":13},"end":{"line":4,"column":28}},"4":{"start":{"line":5,"column":19},"end":{"line":5,"column":48}},"5":{"start":{"line":6,"column":19},"end":{"line":6,"column":37}},"6":{"start":{"line":7,"column":24},"end":{"line":7,"column":42}},"7":{"start":{"line":8,"column":15},"end":{"line":8,"column":34}},"8":{"start":{"line":9,"column":12},"end":{"line":9,"column":35}},"9":{"start":{"line":10,"column":15},"end":{"line":10,"column":34}},"10":{"start":{"line":11,"column":14},"end":{"line":11,"column":32}},"11":{"start":{"line":12,"column":20},"end":{"line":12,"column":51}},"12":{"start":{"line":13,"column":30},"end":{"line":13,"column":65}},"13":{"start":{"line":14,"column":23},"end":{"line":14,"column":51}},"14":{"start":{"line":15,"column":19},"end":{"line":15,"column":43}},"15":{"start":{"line":17,"column":0},"end":{"line":17,"column":16}},"16":{"start":{"line":18,"column":0},"end":{"line":18,"column":22}},"17":{"start":{"line":19,"column":0},"end":{"line":19,"column":36}},"18":{"start":{"line":20,"column":0},"end":{"line":20,"column":27}},"19":{"start":{"line":21,"column":0},"end":{"line":21,"column":51}},"20":{"start":{"line":23,"column":17},"end":{"line":23,"column":36}},"21":{"start":{"line":29,"column":19},"end":{"line":29,"column":51}},"22":{"start":{"line":30,"column":23},"end":{"line":30,"column":59}},"23":{"start":{"line":33,"column":0},"end":{"line":39,"column":5}},"24":{"start":{"line":34,"column":4},"end":{"line":38,"column":5}},"25":{"start":{"line":35,"column":8},"end":{"line":35,"column":101}},"26":{"start":{"line":37,"column":8},"end":{"line":37,"column":16}},"27":{"start":{"line":47,"column":4},"end":{"line":51,"column":6}},"28":{"start":{"line":48,"column":8},"end":{"line":50,"column":10}},"29":{"start":{"line":49,"column":12},"end":{"line":49,"column":22}},"30":{"start":{"line":63,"column":4},"end":{"line":80,"column":7}},"31":{"start":{"line":65,"column":23},"end":{"line":65,"column":25}},"32":{"start":{"line":67,"column":8},"end":{"line":79,"column":11}},"33":{"start":{"line":68,"column":12},"end":{"line":78,"column":15}},"34":{"start":{"line":69,"column":16},"end":{"line":69,"column":35}},"35":{"start":{"line":69,"column":25},"end":{"line":69,"column":35}},"36":{"start":{"line":72,"column":32},"end":{"line":72,"column":114}},"37":{"start":{"line":73,"column":16},"end":{"line":77,"column":50}},"38":{"start":{"line":74,"column":20},"end":{"line":74,"column":56}},"39":{"start":{"line":75,"column":20},"end":{"line":75,"column":37}},"40":{"start":{"line":77,"column":32},"end":{"line":77,"column":48}},"41":{"start":{"line":87,"column":22},"end":{"line":87,"column":37}},"42":{"start":{"line":88,"column":23},"end":{"line":91,"column":6}},"43":{"start":{"line":93,"column":4},"end":{"line":97,"column":7}},"44":{"start":{"line":94,"column":8},"end":{"line":96,"column":11}},"45":{"start":{"line":95,"column":12},"end":{"line":95,"column":22}},"46":{"start":{"line":106,"column":4},"end":{"line":111,"column":7}},"47":{"start":{"line":107,"column":8},"end":{"line":110,"column":14}},"48":{"start":{"line":109,"column":16},"end":{"line":109,"column":31}},"49":{"start":{"line":121,"column":0},"end":{"line":155,"column":3}},"50":{"start":{"line":122,"column":32},"end":{"line":122,"column":40}},"51":{"start":{"line":123,"column":4},"end":{"line":123,"column":103}},"52":{"start":{"line":123,"column":40},"end":{"line":123,"column":102}},"53":{"start":{"line":125,"column":4},"end":{"line":154,"column":5}},"54":{"start":{"line":126,"column":8},"end":{"line":150,"column":11}},"55":{"start":{"line":127,"column":12},"end":{"line":149,"column":13}},"56":{"start":{"line":128,"column":16},"end":{"line":144,"column":19}},"57":{"start":{"line":129,"column":20},"end":{"line":143,"column":21}},"58":{"start":{"line":130,"column":40},"end":{"line":133,"column":25}},"59":{"start":{"line":135,"column":36},"end":{"line":135,"column":95}},"60":{"start":{"line":136,"column":24},"end":{"line":139,"column":27}},"61":{"start":{"line":142,"column":24},"end":{"line":142,"column":63}},"62":{"start":{"line":148,"column":16},"end":{"line":148,"column":48}},"63":{"start":{"line":153,"column":8},"end":{"line":153,"column":36}},"64":{"start":{"line":162,"column":4},"end":{"line":171,"column":5}},"65":{"start":{"line":163,"column":8},"end":{"line":163,"column":43}},"66":{"start":{"line":166,"column":9},"end":{"line":171,"column":5}},"67":{"start":{"line":167,"column":8},"end":{"line":167,"column":47}},"68":{"start":{"line":170,"column":8},"end":{"line":170,"column":27}},"69":{"start":{"line":182,"column":0},"end":{"line":214,"column":3}},"70":{"start":{"line":183,"column":43},"end":{"line":183,"column":51}},"71":{"start":{"line":184,"column":26},"end":{"line":184,"column":64}},"72":{"start":{"line":185,"column":4},"end":{"line":187,"column":5}},"73":{"start":{"line":186,"column":8},"end":{"line":186,"column":60}},"74":{"start":{"line":188,"column":4},"end":{"line":213,"column":5}},"75":{"start":{"line":189,"column":8},"end":{"line":209,"column":11}},"76":{"start":{"line":191,"column":12},"end":{"line":208,"column":13}},"77":{"start":{"line":192,"column":16},"end":{"line":192,"column":79}},"78":{"start":{"line":195,"column":16},"end":{"line":207,"column":17}},"79":{"start":{"line":197,"column":33},"end":{"line":197,"column":80}},"80":{"start":{"line":199,"column":20},"end":{"line":203,"column":22}},"81":{"start":{"line":200,"column":24},"end":{"line":202,"column":27}},"82":{"start":{"line":201,"column":28},"end":{"line":201,"column":53}},"83":{"start":{"line":206,"column":20},"end":{"line":206,"column":43}},"84":{"start":{"line":212,"column":8},"end":{"line":212,"column":61}},"85":{"start":{"line":221,"column":0},"end":{"line":239,"column":3}},"86":{"start":{"line":222,"column":4},"end":{"line":238,"column":5}},"87":{"start":{"line":224,"column":25},"end":{"line":224,"column":61}},"88":{"start":{"line":225,"column":19},"end":{"line":225,"column":34}},"89":{"start":{"line":226,"column":21},"end":{"line":226,"column":34}},"90":{"start":{"line":227,"column":24},"end":{"line":227,"column":43}},"91":{"start":{"line":230,"column":8},"end":{"line":233,"column":61}},"92":{"start":{"line":231,"column":12},"end":{"line":231,"column":71}},"93":{"start":{"line":233,"column":12},"end":{"line":233,"column":61}},"94":{"start":{"line":237,"column":8},"end":{"line":237,"column":79}},"95":{"start":{"line":249,"column":0},"end":{"line":295,"column":3}},"96":{"start":{"line":250,"column":4},"end":{"line":294,"column":5}},"97":{"start":{"line":251,"column":25},"end":{"line":251,"column":61}},"98":{"start":{"line":252,"column":19},"end":{"line":252,"column":34}},"99":{"start":{"line":253,"column":21},"end":{"line":253,"column":34}},"100":{"start":{"line":255,"column":8},"end":{"line":257,"column":9}},"101":{"start":{"line":256,"column":12},"end":{"line":256,"column":79}},"102":{"start":{"line":259,"column":26},"end":{"line":259,"column":45}},"103":{"start":{"line":260,"column":25},"end":{"line":260,"column":43}},"104":{"start":{"line":261,"column":27},"end":{"line":261,"column":47}},"105":{"start":{"line":262,"column":26},"end":{"line":262,"column":45}},"106":{"start":{"line":265,"column":24},"end":{"line":265,"column":54}},"107":{"start":{"line":266,"column":8},"end":{"line":275,"column":9}},"108":{"start":{"line":267,"column":12},"end":{"line":271,"column":13}},"109":{"start":{"line":268,"column":16},"end":{"line":268,"column":84}},"110":{"start":{"line":270,"column":16},"end":{"line":270,"column":93}},"111":{"start":{"line":274,"column":12},"end":{"line":274,"column":62}},"112":{"start":{"line":278,"column":8},"end":{"line":278,"column":80}},"113":{"start":{"line":278,"column":57},"end":{"line":278,"column":74}},"114":{"start":{"line":281,"column":22},"end":{"line":281,"column":56}},"115":{"start":{"line":282,"column":8},"end":{"line":283,"column":59}},"116":{"start":{"line":283,"column":12},"end":{"line":283,"column":59}},"117":{"start":{"line":284,"column":8},"end":{"line":284,"column":34}},"118":{"start":{"line":287,"column":8},"end":{"line":287,"column":23}},"119":{"start":{"line":288,"column":8},"end":{"line":288,"column":20}},"120":{"start":{"line":290,"column":8},"end":{"line":290,"column":73}},"121":{"start":{"line":293,"column":8},"end":{"line":293,"column":122}},"122":{"start":{"line":301,"column":0},"end":{"line":319,"column":3}},"123":{"start":{"line":303,"column":4},"end":{"line":318,"column":5}},"124":{"start":{"line":304,"column":25},"end":{"line":304,"column":61}},"125":{"start":{"line":305,"column":21},"end":{"line":305,"column":34}},"126":{"start":{"line":308,"column":8},"end":{"line":314,"column":11}},"127":{"start":{"line":309,"column":12},"end":{"line":313,"column":13}},"128":{"start":{"line":310,"column":16},"end":{"line":310,"column":31}},"129":{"start":{"line":312,"column":16},"end":{"line":312,"column":59}},"130":{"start":{"line":317,"column":8},"end":{"line":317,"column":99}},"131":{"start":{"line":324,"column":0},"end":{"line":333,"column":3}},"132":{"start":{"line":325,"column":4},"end":{"line":332,"column":5}},"133":{"start":{"line":326,"column":25},"end":{"line":326,"column":61}},"134":{"start":{"line":327,"column":19},"end":{"line":327,"column":34}},"135":{"start":{"line":328,"column":8},"end":{"line":328,"column":29}},"136":{"start":{"line":331,"column":8},"end":{"line":331,"column":79}},"137":{"start":{"line":338,"column":0},"end":{"line":338,"column":32}},"138":{"start":{"line":339,"column":0},"end":{"line":339,"column":51}},"139":{"start":{"line":340,"column":0},"end":{"line":340,"column":37}},"140":{"start":{"line":341,"column":0},"end":{"line":341,"column":29}},"141":{"start":{"line":343,"column":0},"end":{"line":343,"column":21}}},"fnMap":{"0":{"name":"(anonymous_0)","decl":{"start":{"line":33,"column":1},"end":{"line":33,"column":2}},"loc":{"start":{"line":33,"column":13},"end":{"line":39,"column":1}},"line":33},"1":{"name":"createImageFolder","decl":{"start":{"line":46,"column":9},"end":{"line":46,"column":26}},"loc":{"start":{"line":46,"column":35},"end":{"line":52,"column":1}},"line":46},"2":{"name":"(anonymous_2)","decl":{"start":{"line":47,"column":23},"end":{"line":47,"column":24}},"loc":{"start":{"line":47,"column":44},"end":{"line":51,"column":5}},"line":47},"3":{"name":"(anonymous_3)","decl":{"start":{"line":48,"column":62},"end":{"line":48,"column":63}},"loc":{"start":{"line":48,"column":68},"end":{"line":50,"column":9}},"line":48},"4":{"name":"createNewUser","decl":{"start":{"line":62,"column":9},"end":{"line":62,"column":22}},"loc":{"start":{"line":62,"column":51},"end":{"line":81,"column":1}},"line":62},"5":{"name":"(anonymous_5)","decl":{"start":{"line":63,"column":23},"end":{"line":63,"column":24}},"loc":{"start":{"line":63,"column":44},"end":{"line":80,"column":5}},"line":63},"6":{"name":"(anonymous_6)","decl":{"start":{"line":67,"column":31},"end":{"line":67,"column":32}},"loc":{"start":{"line":67,"column":46},"end":{"line":79,"column":9}},"line":67},"7":{"name":"(anonymous_7)","decl":{"start":{"line":68,"column":40},"end":{"line":68,"column":41}},"loc":{"start":{"line":68,"column":55},"end":{"line":78,"column":13}},"line":68},"8":{"name":"(anonymous_8)","decl":{"start":{"line":73,"column":36},"end":{"line":73,"column":37}},"loc":{"start":{"line":73,"column":42},"end":{"line":77,"column":17}},"line":73},"9":{"name":"(anonymous_9)","decl":{"start":{"line":77,"column":25},"end":{"line":77,"column":26}},"loc":{"start":{"line":77,"column":32},"end":{"line":77,"column":48}},"line":77},"10":{"name":"createEmptyToeEntery","decl":{"start":{"line":86,"column":9},"end":{"line":86,"column":29}},"loc":{"start":{"line":86,"column":38},"end":{"line":98,"column":1}},"line":86},"11":{"name":"(anonymous_11)","decl":{"start":{"line":93,"column":23},"end":{"line":93,"column":24}},"loc":{"start":{"line":93,"column":44},"end":{"line":97,"column":5}},"line":93},"12":{"name":"(anonymous_12)","decl":{"start":{"line":94,"column":31},"end":{"line":94,"column":32}},"loc":{"start":{"line":94,"column":37},"end":{"line":96,"column":9}},"line":94},"13":{"name":"createSignedToken","decl":{"start":{"line":105,"column":9},"end":{"line":105,"column":26}},"loc":{"start":{"line":105,"column":52},"end":{"line":112,"column":1}},"line":105},"14":{"name":"(anonymous_14)","decl":{"start":{"line":106,"column":23},"end":{"line":106,"column":24}},"loc":{"start":{"line":106,"column":44},"end":{"line":111,"column":5}},"line":106},"15":{"name":"(anonymous_15)","decl":{"start":{"line":108,"column":12},"end":{"line":108,"column":13}},"loc":{"start":{"line":108,"column":28},"end":{"line":110,"column":13}},"line":108},"16":{"name":"(anonymous_16)","decl":{"start":{"line":121,"column":19},"end":{"line":121,"column":20}},"loc":{"start":{"line":121,"column":33},"end":{"line":155,"column":1}},"line":121},"17":{"name":"(anonymous_17)","decl":{"start":{"line":126,"column":50},"end":{"line":126,"column":51}},"loc":{"start":{"line":126,"column":58},"end":{"line":150,"column":9}},"line":126},"18":{"name":"(anonymous_18)","decl":{"start":{"line":128,"column":61},"end":{"line":128,"column":62}},"loc":{"start":{"line":128,"column":78},"end":{"line":144,"column":17}},"line":128},"19":{"name":"checkInput","decl":{"start":{"line":160,"column":9},"end":{"line":160,"column":19}},"loc":{"start":{"line":160,"column":48},"end":{"line":172,"column":1}},"line":160},"20":{"name":"(anonymous_20)","decl":{"start":{"line":182,"column":20},"end":{"line":182,"column":21}},"loc":{"start":{"line":182,"column":34},"end":{"line":214,"column":1}},"line":182},"21":{"name":"(anonymous_21)","decl":{"start":{"line":189,"column":50},"end":{"line":189,"column":51}},"loc":{"start":{"line":189,"column":66},"end":{"line":209,"column":9}},"line":189},"22":{"name":"(anonymous_22)","decl":{"start":{"line":199,"column":52},"end":{"line":199,"column":53}},"loc":{"start":{"line":199,"column":58},"end":{"line":203,"column":21}},"line":199},"23":{"name":"(anonymous_23)","decl":{"start":{"line":200,"column":59},"end":{"line":200,"column":60}},"loc":{"start":{"line":200,"column":65},"end":{"line":202,"column":25}},"line":200},"24":{"name":"(anonymous_24)","decl":{"start":{"line":221,"column":21},"end":{"line":221,"column":22}},"loc":{"start":{"line":221,"column":41},"end":{"line":239,"column":1}},"line":221},"25":{"name":"(anonymous_25)","decl":{"start":{"line":249,"column":24},"end":{"line":249,"column":25}},"loc":{"start":{"line":249,"column":44},"end":{"line":295,"column":1}},"line":249},"26":{"name":"(anonymous_26)","decl":{"start":{"line":278,"column":49},"end":{"line":278,"column":50}},"loc":{"start":{"line":278,"column":57},"end":{"line":278,"column":74}},"line":278},"27":{"name":"(anonymous_27)","decl":{"start":{"line":301,"column":19},"end":{"line":301,"column":20}},"loc":{"start":{"line":301,"column":39},"end":{"line":319,"column":1}},"line":301},"28":{"name":"(anonymous_28)","decl":{"start":{"line":308,"column":56},"end":{"line":308,"column":57}},"loc":{"start":{"line":308,"column":64},"end":{"line":314,"column":9}},"line":308},"29":{"name":"(anonymous_29)","decl":{"start":{"line":324,"column":26},"end":{"line":324,"column":27}},"loc":{"start":{"line":324,"column":46},"end":{"line":333,"column":1}},"line":324}},"branchMap":{"0":{"loc":{"start":{"line":69,"column":16},"end":{"line":69,"column":35}},"type":"if","locations":[{"start":{"line":69,"column":16},"end":{"line":69,"column":35}},{"start":{"line":69,"column":16},"end":{"line":69,"column":35}}],"line":69},"1":{"loc":{"start":{"line":123,"column":4},"end":{"line":123,"column":103}},"type":"if","locations":[{"start":{"line":123,"column":4},"end":{"line":123,"column":103}},{"start":{"line":123,"column":4},"end":{"line":123,"column":103}}],"line":123},"2":{"loc":{"start":{"line":123,"column":7},"end":{"line":123,"column":38}},"type":"binary-expr","locations":[{"start":{"line":123,"column":7},"end":{"line":123,"column":19}},{"start":{"line":123,"column":23},"end":{"line":123,"column":38}}],"line":123},"3":{"loc":{"start":{"line":127,"column":12},"end":{"line":149,"column":13}},"type":"if","locations":[{"start":{"line":127,"column":12},"end":{"line":149,"column":13}},{"start":{"line":127,"column":12},"end":{"line":149,"column":13}}],"line":127},"4":{"loc":{"start":{"line":129,"column":20},"end":{"line":143,"column":21}},"type":"if","locations":[{"start":{"line":129,"column":20},"end":{"line":143,"column":21}},{"start":{"line":129,"column":20},"end":{"line":143,"column":21}}],"line":129},"5":{"loc":{"start":{"line":162,"column":4},"end":{"line":171,"column":5}},"type":"if","locations":[{"start":{"line":162,"column":4},"end":{"line":171,"column":5}},{"start":{"line":162,"column":4},"end":{"line":171,"column":5}}],"line":162},"6":{"loc":{"start":{"line":162,"column":8},"end":{"line":162,"column":68}},"type":"binary-expr","locations":[{"start":{"line":162,"column":8},"end":{"line":162,"column":19}},{"start":{"line":162,"column":23},"end":{"line":162,"column":35}},{"start":{"line":162,"column":39},"end":{"line":162,"column":54}},{"start":{"line":162,"column":58},"end":{"line":162,"column":68}}],"line":162},"7":{"loc":{"start":{"line":166,"column":9},"end":{"line":171,"column":5}},"type":"if","locations":[{"start":{"line":166,"column":9},"end":{"line":171,"column":5}},{"start":{"line":166,"column":9},"end":{"line":171,"column":5}}],"line":166},"8":{"loc":{"start":{"line":166,"column":13},"end":{"line":166,"column":101}},"type":"binary-expr","locations":[{"start":{"line":166,"column":13},"end":{"line":166,"column":31}},{"start":{"line":166,"column":35},"end":{"line":166,"column":54}},{"start":{"line":166,"column":58},"end":{"line":166,"column":80}},{"start":{"line":166,"column":84},"end":{"line":166,"column":101}}],"line":166},"9":{"loc":{"start":{"line":185,"column":4},"end":{"line":187,"column":5}},"type":"if","locations":[{"start":{"line":185,"column":4},"end":{"line":187,"column":5}},{"start":{"line":185,"column":4},"end":{"line":187,"column":5}}],"line":185},"10":{"loc":{"start":{"line":191,"column":12},"end":{"line":208,"column":13}},"type":"if","locations":[{"start":{"line":191,"column":12},"end":{"line":208,"column":13}},{"start":{"line":191,"column":12},"end":{"line":208,"column":13}}],"line":191},"11":{"loc":{"start":{"line":230,"column":8},"end":{"line":233,"column":61}},"type":"if","locations":[{"start":{"line":230,"column":8},"end":{"line":233,"column":61}},{"start":{"line":230,"column":8},"end":{"line":233,"column":61}}],"line":230},"12":{"loc":{"start":{"line":255,"column":8},"end":{"line":257,"column":9}},"type":"if","locations":[{"start":{"line":255,"column":8},"end":{"line":257,"column":9}},{"start":{"line":255,"column":8},"end":{"line":257,"column":9}}],"line":255},"13":{"loc":{"start":{"line":255,"column":11},"end":{"line":255,"column":155}},"type":"binary-expr","locations":[{"start":{"line":255,"column":11},"end":{"line":255,"column":44}},{"start":{"line":255,"column":48},"end":{"line":255,"column":80}},{"start":{"line":255,"column":84},"end":{"line":255,"column":118}},{"start":{"line":255,"column":122},"end":{"line":255,"column":155}}],"line":255},"14":{"loc":{"start":{"line":266,"column":8},"end":{"line":275,"column":9}},"type":"if","locations":[{"start":{"line":266,"column":8},"end":{"line":275,"column":9}},{"start":{"line":266,"column":8},"end":{"line":275,"column":9}}],"line":266},"15":{"loc":{"start":{"line":282,"column":8},"end":{"line":283,"column":59}},"type":"if","locations":[{"start":{"line":282,"column":8},"end":{"line":283,"column":59}},{"start":{"line":282,"column":8},"end":{"line":283,"column":59}}],"line":282},"16":{"loc":{"start":{"line":309,"column":12},"end":{"line":313,"column":13}},"type":"if","locations":[{"start":{"line":309,"column":12},"end":{"line":313,"column":13}},{"start":{"line":309,"column":12},"end":{"line":313,"column":13}}],"line":309}},"s":{"0":5,"1":5,"2":5,"3":5,"4":5,"5":5,"6":5,"7":5,"8":5,"9":5,"10":5,"11":5,"12":5,"13":5,"14":5,"15":5,"16":5,"17":5,"18":5,"19":5,"20":5,"21":5,"22":5,"23":5,"24":5,"25":5,"26":0,"27":0,"28":0,"29":0,"30":0,"31":0,"32":0,"33":0,"34":0,"35":0,"36":0,"37":0,"38":0,"39":0,"40":0,"41":0,"42":0,"43":0,"44":0,"45":0,"46":2,"47":2,"48":2,"49":5,"50":4,"51":4,"52":1,"53":3,"54":3,"55":3,"56":2,"57":2,"58":2,"59":2,"60":2,"61":0,"62":1,"63":0,"64":7,"65":5,"66":2,"67":1,"68":1,"69":5,"70":7,"71":7,"72":7,"73":6,"74":1,"75":1,"76":1,"77":1,"78":0,"79":0,"80":0,"81":0,"82":0,"83":0,"84":0,"85":5,"86":3,"87":3,"88":2,"89":2,"90":2,"91":2,"92":1,"93":1,"94":1,"95":5,"96":8,"97":8,"98":7,"99":7,"100":7,"101":1,"102":6,"103":6,"104":6,"105":6,"106":6,"107":6,"108":6,"109":6,"110":4,"111":0,"112":2,"113":2,"114":2,"115":2,"116":2,"117":2,"118":2,"119":2,"120":2,"121":1,"122":5,"123":0,"124":0,"125":0,"126":0,"127":0,"128":0,"129":0,"130":0,"131":5,"132":0,"133":0,"134":0,"135":0,"136":0,"137":5,"138":5,"139":5,"140":5,"141":5},"f":{"0":5,"1":0,"2":0,"3":0,"4":0,"5":0,"6":0,"7":0,"8":0,"9":0,"10":0,"11":0,"12":0,"13":2,"14":2,"15":2,"16":4,"17":3,"18":2,"19":7,"20":7,"21":1,"22":0,"23":0,"24":3,"25":8,"26":2,"27":0,"28":0,"29":0},"b":{"0":[0,0],"1":[1,3],"2":[4,3],"3":[2,1],"4":[2,0],"5":[5,2],"6":[7,5,4,3],"7":[1,1],"8":[2,1,1,1],"9":[6,1],"10":[1,0],"11":[1,1],"12":[1,6],"13":[7,6,6,6],"14":[6,0],"15":[2,0],"16":[0,0]},"_coverageSchema":"1a1c01bbd47fc00a2c39e90264f33305004495a9","hash":"e2fd43043a0783cb1706b5b5d11a53de8f401485"}
,"D:\\ToeFX\\TOEFXLATEST\\ToeFX\\toefx-server\\config.js": {"path":"D:\\ToeFX\\TOEFXLATEST\\ToeFX\\toefx-server\\config.js","statementMap":{"0":{"start":{"line":1,"column":9},"end":{"line":1,"column":22}},"1":{"start":{"line":3,"column":15},"end":{"line":7,"column":1}},"2":{"start":{"line":9,"column":0},"end":{"line":9,"column":24}}},"fnMap":{},"branchMap":{},"s":{"0":5,"1":5,"2":5},"f":{},"b":{},"_coverageSchema":"1a1c01bbd47fc00a2c39e90264f33305004495a9","hash":"d8985f731afc5536d6cc040b36ea7ce061674152"}
,"D:\\ToeFX\\TOEFXLATEST\\ToeFX\\toefx-server\\utils.js": {"path":"D:\\ToeFX\\TOEFXLATEST\\ToeFX\\toefx-server\\utils.js","statementMap":{"0":{"start":{"line":5,"column":12},"end":{"line":5,"column":35}},"1":{"start":{"line":6,"column":15},"end":{"line":6,"column":39}},"2":{"start":{"line":7,"column":19},"end":{"line":7,"column":51}},"3":{"start":{"line":8,"column":22},"end":{"line":8,"column":58}},"4":{"start":{"line":9,"column":15},"end":{"line":9,"column":34}},"5":{"start":{"line":19,"column":4},"end":{"line":29,"column":6}},"6":{"start":{"line":20,"column":8},"end":{"line":28,"column":10}},"7":{"start":{"line":21,"column":12},"end":{"line":27,"column":13}},"8":{"start":{"line":22,"column":16},"end":{"line":22,"column":30}},"9":{"start":{"line":25,"column":16},"end":{"line":25,"column":48}},"10":{"start":{"line":26,"column":16},"end":{"line":26,"column":25}},"11":{"start":{"line":39,"column":17},"end":{"line":39,"column":78}},"12":{"start":{"line":41,"column":4},"end":{"line":42,"column":53}},"13":{"start":{"line":42,"column":8},"end":{"line":42,"column":53}},"14":{"start":{"line":44,"column":4},"end":{"line":44,"column":19}},"15":{"start":{"line":54,"column":18},"end":{"line":54,"column":43}},"16":{"start":{"line":55,"column":17},"end":{"line":55,"column":47}},"17":{"start":{"line":56,"column":15},"end":{"line":56,"column":49}},"18":{"start":{"line":58,"column":4},"end":{"line":61,"column":5}},"19":{"start":{"line":70,"column":4},"end":{"line":77,"column":7}},"20":{"start":{"line":71,"column":8},"end":{"line":76,"column":11}},"21":{"start":{"line":72,"column":12},"end":{"line":75,"column":25}},"22":{"start":{"line":73,"column":16},"end":{"line":73,"column":30}},"23":{"start":{"line":75,"column":16},"end":{"line":75,"column":25}},"24":{"start":{"line":86,"column":4},"end":{"line":96,"column":7}},"25":{"start":{"line":87,"column":8},"end":{"line":95,"column":11}},"26":{"start":{"line":88,"column":12},"end":{"line":94,"column":13}},"27":{"start":{"line":89,"column":16},"end":{"line":89,"column":33}},"28":{"start":{"line":90,"column":16},"end":{"line":90,"column":25}},"29":{"start":{"line":93,"column":16},"end":{"line":93,"column":32}},"30":{"start":{"line":100,"column":16},"end":{"line":119,"column":1}},"31":{"start":{"line":122,"column":0},"end":{"line":122,"column":47}},"32":{"start":{"line":123,"column":0},"end":{"line":123,"column":39}},"33":{"start":{"line":124,"column":0},"end":{"line":124,"column":39}},"34":{"start":{"line":125,"column":0},"end":{"line":125,"column":37}}},"fnMap":{"0":{"name":"getUserByUserId","decl":{"start":{"line":18,"column":9},"end":{"line":18,"column":24}},"loc":{"start":{"line":18,"column":38},"end":{"line":30,"column":1}},"line":18},"1":{"name":"(anonymous_1)","decl":{"start":{"line":19,"column":23},"end":{"line":19,"column":24}},"loc":{"start":{"line":19,"column":44},"end":{"line":29,"column":5}},"line":19},"2":{"name":"(anonymous_2)","decl":{"start":{"line":20,"column":49},"end":{"line":20,"column":50}},"loc":{"start":{"line":20,"column":57},"end":{"line":28,"column":9}},"line":20},"3":{"name":"getUserIdFromToken","decl":{"start":{"line":38,"column":9},"end":{"line":38,"column":27}},"loc":{"start":{"line":38,"column":43},"end":{"line":45,"column":1}},"line":38},"4":{"name":"loadUserObject","decl":{"start":{"line":53,"column":15},"end":{"line":53,"column":29}},"loc":{"start":{"line":53,"column":40},"end":{"line":62,"column":1}},"line":53},"5":{"name":"getToeData","decl":{"start":{"line":69,"column":9},"end":{"line":69,"column":19}},"loc":{"start":{"line":69,"column":28},"end":{"line":78,"column":1}},"line":69},"6":{"name":"(anonymous_6)","decl":{"start":{"line":70,"column":23},"end":{"line":70,"column":24}},"loc":{"start":{"line":70,"column":44},"end":{"line":77,"column":5}},"line":70},"7":{"name":"(anonymous_7)","decl":{"start":{"line":71,"column":53},"end":{"line":71,"column":54}},"loc":{"start":{"line":71,"column":61},"end":{"line":76,"column":9}},"line":71},"8":{"name":"runCommand","decl":{"start":{"line":85,"column":9},"end":{"line":85,"column":19}},"loc":{"start":{"line":85,"column":29},"end":{"line":97,"column":1}},"line":85},"9":{"name":"(anonymous_9)","decl":{"start":{"line":86,"column":23},"end":{"line":86,"column":24}},"loc":{"start":{"line":86,"column":44},"end":{"line":96,"column":5}},"line":86},"10":{"name":"(anonymous_10)","decl":{"start":{"line":87,"column":22},"end":{"line":87,"column":23}},"loc":{"start":{"line":87,"column":47},"end":{"line":95,"column":9}},"line":87}},"branchMap":{"0":{"loc":{"start":{"line":21,"column":12},"end":{"line":27,"column":13}},"type":"if","locations":[{"start":{"line":21,"column":12},"end":{"line":27,"column":13}},{"start":{"line":21,"column":12},"end":{"line":27,"column":13}}],"line":21},"1":{"loc":{"start":{"line":41,"column":4},"end":{"line":42,"column":53}},"type":"if","locations":[{"start":{"line":41,"column":4},"end":{"line":42,"column":53}},{"start":{"line":41,"column":4},"end":{"line":42,"column":53}}],"line":41},"2":{"loc":{"start":{"line":72,"column":12},"end":{"line":75,"column":25}},"type":"if","locations":[{"start":{"line":72,"column":12},"end":{"line":75,"column":25}},{"start":{"line":72,"column":12},"end":{"line":75,"column":25}}],"line":72},"3":{"loc":{"start":{"line":88,"column":12},"end":{"line":94,"column":13}},"type":"if","locations":[{"start":{"line":88,"column":12},"end":{"line":94,"column":13}},{"start":{"line":88,"column":12},"end":{"line":94,"column":13}}],"line":88}},"s":{"0":5,"1":5,"2":5,"3":5,"4":5,"5":9,"6":9,"7":9,"8":9,"9":0,"10":0,"11":14,"12":9,"13":0,"14":9,"15":14,"16":14,"17":9,"18":9,"19":0,"20":0,"21":0,"22":0,"23":0,"24":0,"25":0,"26":0,"27":0,"28":0,"29":0,"30":5,"31":5,"32":5,"33":5,"34":5},"f":{"0":9,"1":9,"2":9,"3":14,"4":14,"5":0,"6":0,"7":0,"8":0,"9":0,"10":0},"b":{"0":[9,0],"1":[0,9],"2":[0,0],"3":[0,0]},"_coverageSchema":"1a1c01bbd47fc00a2c39e90264f33305004495a9","hash":"bc8e71246df8d453004d565410163d63dda21b02"}
,"D:\\ToeFX\\TOEFXLATEST\\ToeFX\\toefx-server\\database\\toe-dataSchema.js": {"path":"D:\\ToeFX\\TOEFXLATEST\\ToeFX\\toefx-server\\database\\toe-dataSchema.js","statementMap":{"0":{"start":{"line":1,"column":17},"end":{"line":1,"column":39}},"1":{"start":{"line":2,"column":21},"end":{"line":2,"column":39}},"2":{"start":{"line":3,"column":17},"end":{"line":3,"column":36}},"3":{"start":{"line":5,"column":15},"end":{"line":5,"column":30}},"4":{"start":{"line":86,"column":23},"end":{"line":139,"column":2}},"5":{"start":{"line":141,"column":0},"end":{"line":141,"column":66}}},"fnMap":{},"branchMap":{},"s":{"0":5,"1":5,"2":5,"3":5,"4":5,"5":5},"f":{},"b":{},"_coverageSchema":"1a1c01bbd47fc00a2c39e90264f33305004495a9","hash":"b4cbe5c0f203f132a5dfc3434388f0222d7c782d"}
,"D:\\ToeFX\\TOEFXLATEST\\ToeFX\\toefx-server\\database\\userSchema.js": {"path":"D:\\ToeFX\\TOEFXLATEST\\ToeFX\\toefx-server\\database\\userSchema.js","statementMap":{"0":{"start":{"line":1,"column":17},"end":{"line":1,"column":39}},"1":{"start":{"line":2,"column":17},"end":{"line":2,"column":36}},"2":{"start":{"line":4,"column":15},"end":{"line":4,"column":30}},"3":{"start":{"line":7,"column":19},"end":{"line":41,"column":2}},"4":{"start":{"line":43,"column":0},"end":{"line":43,"column":60}}},"fnMap":{},"branchMap":{},"s":{"0":5,"1":5,"2":5,"3":5,"4":5},"f":{},"b":{},"_coverageSchema":"1a1c01bbd47fc00a2c39e90264f33305004495a9","hash":"29e80dac8cd968a1349a11a257608178c2fc2aa6"}
,"D:\\ToeFX\\TOEFXLATEST\\ToeFX\\toefx-server\\routes\\ImageValidation.js": {"path":"D:\\ToeFX\\TOEFXLATEST\\ToeFX\\toefx-server\\routes\\ImageValidation.js","statementMap":{"0":{"start":{"line":5,"column":16},"end":{"line":5,"column":34}},"1":{"start":{"line":6,"column":30},"end":{"line":6,"column":46}},"2":{"start":{"line":7,"column":14},"end":{"line":7,"column":33}},"3":{"start":{"line":17,"column":4},"end":{"line":17,"column":47}},"4":{"start":{"line":18,"column":4},"end":{"line":18,"column":23}},"5":{"start":{"line":28,"column":17},"end":{"line":28,"column":58}},"6":{"start":{"line":29,"column":4},"end":{"line":29,"column":21}},"7":{"start":{"line":41,"column":0},"end":{"line":61,"column":3}},"8":{"start":{"line":42,"column":4},"end":{"line":60,"column":5}},"9":{"start":{"line":44,"column":25},"end":{"line":44,"column":61}},"10":{"start":{"line":45,"column":19},"end":{"line":45,"column":34}},"11":{"start":{"line":46,"column":21},"end":{"line":46,"column":34}},"12":{"start":{"line":49,"column":24},"end":{"line":49,"column":59}},"13":{"start":{"line":50,"column":32},"end":{"line":50,"column":117}},"14":{"start":{"line":51,"column":8},"end":{"line":51,"column":47}},"15":{"start":{"line":52,"column":8},"end":{"line":52,"column":40}},"16":{"start":{"line":53,"column":8},"end":{"line":53,"column":46}},"17":{"start":{"line":56,"column":8},"end":{"line":56,"column":59}},"18":{"start":{"line":59,"column":8},"end":{"line":59,"column":37}},"19":{"start":{"line":70,"column":0},"end":{"line":81,"column":3}},"20":{"start":{"line":71,"column":20},"end":{"line":71,"column":34}},"21":{"start":{"line":72,"column":28},"end":{"line":72,"column":107}},"22":{"start":{"line":73,"column":4},"end":{"line":73,"column":43}},"23":{"start":{"line":75,"column":4},"end":{"line":80,"column":5}},"24":{"start":{"line":76,"column":8},"end":{"line":76,"column":59}},"25":{"start":{"line":79,"column":8},"end":{"line":79,"column":37}},"26":{"start":{"line":83,"column":0},"end":{"line":83,"column":39}}},"fnMap":{"0":{"name":"PrintImageValidationError","decl":{"start":{"line":16,"column":9},"end":{"line":16,"column":34}},"loc":{"start":{"line":16,"column":42},"end":{"line":19,"column":1}},"line":16},"1":{"name":"GetAndSendValidationOutput","decl":{"start":{"line":26,"column":15},"end":{"line":26,"column":41}},"loc":{"start":{"line":27,"column":0},"end":{"line":30,"column":1}},"line":27},"2":{"name":"(anonymous_2)","decl":{"start":{"line":41,"column":45},"end":{"line":41,"column":46}},"loc":{"start":{"line":41,"column":65},"end":{"line":61,"column":1}},"line":41},"3":{"name":"(anonymous_3)","decl":{"start":{"line":70,"column":49},"end":{"line":70,"column":50}},"loc":{"start":{"line":70,"column":69},"end":{"line":81,"column":1}},"line":70}},"branchMap":{},"s":{"0":5,"1":5,"2":5,"3":0,"4":0,"5":0,"6":0,"7":5,"8":0,"9":0,"10":0,"11":0,"12":0,"13":0,"14":0,"15":0,"16":0,"17":0,"18":0,"19":5,"20":0,"21":0,"22":0,"23":0,"24":0,"25":0,"26":5},"f":{"0":0,"1":0,"2":0,"3":0},"b":{},"_coverageSchema":"1a1c01bbd47fc00a2c39e90264f33305004495a9","hash":"5416430e9375cfdf65fa36d9fe06d250e2be94c9"}
,"D:\\ToeFX\\TOEFXLATEST\\ToeFX\\toefx-server\\routes\\diagnose.js": {"path":"D:\\ToeFX\\TOEFXLATEST\\ToeFX\\toefx-server\\routes\\diagnose.js","statementMap":{"0":{"start":{"line":5,"column":16},"end":{"line":5,"column":34}},"1":{"start":{"line":6,"column":23},"end":{"line":6,"column":39}},"2":{"start":{"line":7,"column":14},"end":{"line":7,"column":33}},"3":{"start":{"line":18,"column":4},"end":{"line":18,"column":47}},"4":{"start":{"line":19,"column":4},"end":{"line":19,"column":23}},"5":{"start":{"line":29,"column":17},"end":{"line":29,"column":58}},"6":{"start":{"line":30,"column":4},"end":{"line":30,"column":35}},"7":{"start":{"line":41,"column":0},"end":{"line":59,"column":3}},"8":{"start":{"line":42,"column":4},"end":{"line":58,"column":5}},"9":{"start":{"line":44,"column":25},"end":{"line":44,"column":61}},"10":{"start":{"line":45,"column":19},"end":{"line":45,"column":34}},"11":{"start":{"line":46,"column":21},"end":{"line":46,"column":34}},"12":{"start":{"line":49,"column":24},"end":{"line":49,"column":59}},"13":{"start":{"line":50,"column":8},"end":{"line":50,"column":47}},"14":{"start":{"line":51,"column":32},"end":{"line":51,"column":107}},"15":{"start":{"line":54,"column":8},"end":{"line":54,"column":64}},"16":{"start":{"line":57,"column":8},"end":{"line":57,"column":36}},"17":{"start":{"line":69,"column":0},"end":{"line":81,"column":3}},"18":{"start":{"line":71,"column":20},"end":{"line":71,"column":39}},"19":{"start":{"line":72,"column":28},"end":{"line":72,"column":97}},"20":{"start":{"line":73,"column":4},"end":{"line":73,"column":43}},"21":{"start":{"line":75,"column":4},"end":{"line":80,"column":5}},"22":{"start":{"line":76,"column":8},"end":{"line":76,"column":64}},"23":{"start":{"line":79,"column":8},"end":{"line":79,"column":36}},"24":{"start":{"line":83,"column":0},"end":{"line":83,"column":32}}},"fnMap":{"0":{"name":"PrintImageDiagnosisError","decl":{"start":{"line":17,"column":9},"end":{"line":17,"column":33}},"loc":{"start":{"line":17,"column":41},"end":{"line":20,"column":1}},"line":17},"1":{"name":"GetAndSendDiagnosisOutput","decl":{"start":{"line":27,"column":15},"end":{"line":27,"column":40}},"loc":{"start":{"line":28,"column":0},"end":{"line":31,"column":1}},"line":28},"2":{"name":"(anonymous_2)","decl":{"start":{"line":41,"column":38},"end":{"line":41,"column":39}},"loc":{"start":{"line":41,"column":58},"end":{"line":59,"column":1}},"line":41},"3":{"name":"(anonymous_3)","decl":{"start":{"line":69,"column":41},"end":{"line":69,"column":42}},"loc":{"start":{"line":69,"column":61},"end":{"line":81,"column":1}},"line":69}},"branchMap":{},"s":{"0":5,"1":5,"2":5,"3":0,"4":0,"5":0,"6":0,"7":5,"8":0,"9":0,"10":0,"11":0,"12":0,"13":0,"14":0,"15":0,"16":0,"17":5,"18":0,"19":0,"20":0,"21":0,"22":0,"23":0,"24":5},"f":{"0":0,"1":0,"2":0,"3":0},"b":{},"_coverageSchema":"1a1c01bbd47fc00a2c39e90264f33305004495a9","hash":"2fd15f625245dbc6c85f2a0d4b80557e986e59b2"}
,"D:\\ToeFX\\TOEFXLATEST\\ToeFX\\toefx-server\\routes\\uploadImage.js": {"path":"D:\\ToeFX\\TOEFXLATEST\\ToeFX\\toefx-server\\routes\\uploadImage.js","statementMap":{"0":{"start":{"line":1,"column":16},"end":{"line":1,"column":34}},"1":{"start":{"line":2,"column":20},"end":{"line":2,"column":36}},"2":{"start":{"line":3,"column":14},"end":{"line":3,"column":33}},"3":{"start":{"line":4,"column":14},"end":{"line":4,"column":51}},"4":{"start":{"line":6,"column":9},"end":{"line":6,"column":22}},"5":{"start":{"line":7,"column":20},"end":{"line":7,"column":35}},"6":{"start":{"line":23,"column":4},"end":{"line":33,"column":7}},"7":{"start":{"line":24,"column":8},"end":{"line":32,"column":9}},"8":{"start":{"line":25,"column":12},"end":{"line":29,"column":14}},"9":{"start":{"line":31,"column":12},"end":{"line":31,"column":24}},"10":{"start":{"line":41,"column":4},"end":{"line":41,"column":61}},"11":{"start":{"line":42,"column":4},"end":{"line":42,"column":23}},"12":{"start":{"line":53,"column":4},"end":{"line":68,"column":7}},"13":{"start":{"line":54,"column":8},"end":{"line":67,"column":9}},"14":{"start":{"line":55,"column":12},"end":{"line":63,"column":15}},"15":{"start":{"line":56,"column":16},"end":{"line":62,"column":17}},"16":{"start":{"line":57,"column":20},"end":{"line":57,"column":49}},"17":{"start":{"line":58,"column":20},"end":{"line":58,"column":29}},"18":{"start":{"line":61,"column":20},"end":{"line":61,"column":30}},"19":{"start":{"line":66,"column":12},"end":{"line":66,"column":39}},"20":{"start":{"line":79,"column":4},"end":{"line":98,"column":7}},"21":{"start":{"line":80,"column":8},"end":{"line":97,"column":9}},"22":{"start":{"line":82,"column":12},"end":{"line":83,"column":45}},"23":{"start":{"line":83,"column":16},"end":{"line":83,"column":45}},"24":{"start":{"line":85,"column":12},"end":{"line":93,"column":15}},"25":{"start":{"line":86,"column":16},"end":{"line":92,"column":17}},"26":{"start":{"line":87,"column":20},"end":{"line":87,"column":51}},"27":{"start":{"line":88,"column":20},"end":{"line":88,"column":29}},"28":{"start":{"line":91,"column":20},"end":{"line":91,"column":30}},"29":{"start":{"line":96,"column":12},"end":{"line":96,"column":39}},"30":{"start":{"line":107,"column":27},"end":{"line":107,"column":48}},"31":{"start":{"line":108,"column":20},"end":{"line":108,"column":65}},"32":{"start":{"line":109,"column":4},"end":{"line":109,"column":21}},"33":{"start":{"line":122,"column":0},"end":{"line":151,"column":2}},"34":{"start":{"line":123,"column":18},"end":{"line":123,"column":32}},"35":{"start":{"line":124,"column":21},"end":{"line":124,"column":57}},"36":{"start":{"line":125,"column":15},"end":{"line":125,"column":30}},"37":{"start":{"line":126,"column":17},"end":{"line":126,"column":30}},"38":{"start":{"line":127,"column":20},"end":{"line":127,"column":44}},"39":{"start":{"line":132,"column":22},"end":{"line":132,"column":58}},"40":{"start":{"line":135,"column":4},"end":{"line":135,"column":32}},"41":{"start":{"line":136,"column":4},"end":{"line":136,"column":15}},"42":{"start":{"line":139,"column":15},"end":{"line":139,"column":25}},"43":{"start":{"line":140,"column":23},"end":{"line":140,"column":38}},"44":{"start":{"line":141,"column":20},"end":{"line":141,"column":43}},"45":{"start":{"line":142,"column":19},"end":{"line":142,"column":41}},"46":{"start":{"line":145,"column":4},"end":{"line":145,"column":69}},"47":{"start":{"line":148,"column":4},"end":{"line":150,"column":65}},"48":{"start":{"line":149,"column":8},"end":{"line":149,"column":35}},"49":{"start":{"line":150,"column":19},"end":{"line":150,"column":63}},"50":{"start":{"line":162,"column":0},"end":{"line":174,"column":2}},"51":{"start":{"line":163,"column":18},"end":{"line":163,"column":32}},"52":{"start":{"line":164,"column":20},"end":{"line":164,"column":44}},"53":{"start":{"line":165,"column":19},"end":{"line":165,"column":39}},"54":{"start":{"line":168,"column":22},"end":{"line":168,"column":48}},"55":{"start":{"line":171,"column":4},"end":{"line":173,"column":67}},"56":{"start":{"line":172,"column":8},"end":{"line":172,"column":51}},"57":{"start":{"line":173,"column":19},"end":{"line":173,"column":65}},"58":{"start":{"line":176,"column":0},"end":{"line":176,"column":29}}},"fnMap":{"0":{"name":"SaveToeData","decl":{"start":{"line":20,"column":9},"end":{"line":20,"column":20}},"loc":{"start":{"line":20,"column":67},"end":{"line":34,"column":1}},"line":20},"1":{"name":"(anonymous_1)","decl":{"start":{"line":23,"column":38},"end":{"line":23,"column":39}},"loc":{"start":{"line":23,"column":53},"end":{"line":33,"column":5}},"line":23},"2":{"name":"PrintImageMovementError","decl":{"start":{"line":40,"column":9},"end":{"line":40,"column":32}},"loc":{"start":{"line":40,"column":40},"end":{"line":43,"column":1}},"line":40},"3":{"name":"moveImageToUserImages","decl":{"start":{"line":52,"column":9},"end":{"line":52,"column":30}},"loc":{"start":{"line":52,"column":57},"end":{"line":69,"column":1}},"line":52},"4":{"name":"(anonymous_4)","decl":{"start":{"line":53,"column":23},"end":{"line":53,"column":24}},"loc":{"start":{"line":53,"column":44},"end":{"line":68,"column":5}},"line":53},"5":{"name":"(anonymous_5)","decl":{"start":{"line":55,"column":56},"end":{"line":55,"column":57}},"loc":{"start":{"line":55,"column":65},"end":{"line":63,"column":13}},"line":55},"6":{"name":"moveImageToTempFolder","decl":{"start":{"line":78,"column":9},"end":{"line":78,"column":30}},"loc":{"start":{"line":78,"column":49},"end":{"line":99,"column":1}},"line":78},"7":{"name":"(anonymous_7)","decl":{"start":{"line":79,"column":23},"end":{"line":79,"column":24}},"loc":{"start":{"line":79,"column":44},"end":{"line":98,"column":5}},"line":79},"8":{"name":"(anonymous_8)","decl":{"start":{"line":85,"column":50},"end":{"line":85,"column":51}},"loc":{"start":{"line":85,"column":59},"end":{"line":93,"column":13}},"line":85},"9":{"name":"GetImageExtension","decl":{"start":{"line":106,"column":9},"end":{"line":106,"column":26}},"loc":{"start":{"line":106,"column":34},"end":{"line":110,"column":1}},"line":106},"10":{"name":"(anonymous_10)","decl":{"start":{"line":122,"column":36},"end":{"line":122,"column":37}},"loc":{"start":{"line":122,"column":56},"end":{"line":151,"column":1}},"line":122},"11":{"name":"(anonymous_11)","decl":{"start":{"line":148,"column":57},"end":{"line":148,"column":58}},"loc":{"start":{"line":148,"column":63},"end":{"line":150,"column":5}},"line":148},"12":{"name":"(anonymous_12)","decl":{"start":{"line":150,"column":13},"end":{"line":150,"column":14}},"loc":{"start":{"line":150,"column":19},"end":{"line":150,"column":63}},"line":150},"13":{"name":"(anonymous_13)","decl":{"start":{"line":162,"column":39},"end":{"line":162,"column":40}},"loc":{"start":{"line":162,"column":59},"end":{"line":174,"column":1}},"line":162},"14":{"name":"(anonymous_14)","decl":{"start":{"line":171,"column":49},"end":{"line":171,"column":50}},"loc":{"start":{"line":171,"column":55},"end":{"line":173,"column":5}},"line":171},"15":{"name":"(anonymous_15)","decl":{"start":{"line":173,"column":13},"end":{"line":173,"column":14}},"loc":{"start":{"line":173,"column":19},"end":{"line":173,"column":65}},"line":173}},"branchMap":{"0":{"loc":{"start":{"line":24,"column":8},"end":{"line":32,"column":9}},"type":"if","locations":[{"start":{"line":24,"column":8},"end":{"line":32,"column":9}},{"start":{"line":24,"column":8},"end":{"line":32,"column":9}}],"line":24},"1":{"loc":{"start":{"line":56,"column":16},"end":{"line":62,"column":17}},"type":"if","locations":[{"start":{"line":56,"column":16},"end":{"line":62,"column":17}},{"start":{"line":56,"column":16},"end":{"line":62,"column":17}}],"line":56},"2":{"loc":{"start":{"line":82,"column":12},"end":{"line":83,"column":45}},"type":"if","locations":[{"start":{"line":82,"column":12},"end":{"line":83,"column":45}},{"start":{"line":82,"column":12},"end":{"line":83,"column":45}}],"line":82},"3":{"loc":{"start":{"line":86,"column":16},"end":{"line":92,"column":17}},"type":"if","locations":[{"start":{"line":86,"column":16},"end":{"line":92,"column":17}},{"start":{"line":86,"column":16},"end":{"line":92,"column":17}}],"line":86}},"s":{"0":5,"1":5,"2":5,"3":5,"4":5,"5":5,"6":0,"7":0,"8":0,"9":0,"10":0,"11":0,"12":0,"13":0,"14":0,"15":0,"16":0,"17":0,"18":0,"19":0,"20":0,"21":0,"22":0,"23":0,"24":0,"25":0,"26":0,"27":0,"28":0,"29":0,"30":0,"31":0,"32":0,"33":5,"34":0,"35":0,"36":0,"37":0,"38":0,"39":0,"40":0,"41":0,"42":0,"43":0,"44":0,"45":0,"46":0,"47":0,"48":0,"49":0,"50":5,"51":0,"52":0,"53":0,"54":0,"55":0,"56":0,"57":0,"58":5},"f":{"0":0,"1":0,"2":0,"3":0,"4":0,"5":0,"6":0,"7":0,"8":0,"9":0,"10":0,"11":0,"12":0,"13":0,"14":0,"15":0},"b":{"0":[0,0],"1":[0,0],"2":[0,0],"3":[0,0]},"_coverageSchema":"1a1c01bbd47fc00a2c39e90264f33305004495a9","hash":"0fa33ccee185d55c1de8453d7e667b61079b470a"}
,"D:\\ToeFX\\TOEFXLATEST\\ToeFX\\toefx-server\\routes\\user.js": {"path":"D:\\ToeFX\\TOEFXLATEST\\ToeFX\\toefx-server\\routes\\user.js","statementMap":{"0":{"start":{"line":5,"column":16},"end":{"line":5,"column":34}},"1":{"start":{"line":6,"column":19},"end":{"line":6,"column":41}},"2":{"start":{"line":7,"column":19},"end":{"line":7,"column":35}},"3":{"start":{"line":8,"column":15},"end":{"line":8,"column":34}},"4":{"start":{"line":9,"column":12},"end":{"line":9,"column":35}},"5":{"start":{"line":10,"column":15},"end":{"line":10,"column":35}},"6":{"start":{"line":11,"column":14},"end":{"line":11,"column":33}},"7":{"start":{"line":12,"column":19},"end":{"line":12,"column":52}},"8":{"start":{"line":22,"column":4},"end":{"line":32,"column":7}},"9":{"start":{"line":23,"column":8},"end":{"line":31,"column":11}},"10":{"start":{"line":24,"column":12},"end":{"line":30,"column":15}},"11":{"start":{"line":25,"column":16},"end":{"line":26,"column":32}},"12":{"start":{"line":26,"column":20},"end":{"line":26,"column":32}},"13":{"start":{"line":29,"column":16},"end":{"line":29,"column":30}},"14":{"start":{"line":44,"column":0},"end":{"line":55,"column":3}},"15":{"start":{"line":45,"column":4},"end":{"line":54,"column":5}},"16":{"start":{"line":47,"column":19},"end":{"line":47,"column":62}},"17":{"start":{"line":50,"column":8},"end":{"line":50,"column":53}},"18":{"start":{"line":53,"column":8},"end":{"line":53,"column":80}},"19":{"start":{"line":64,"column":0},"end":{"line":75,"column":3}},"20":{"start":{"line":65,"column":4},"end":{"line":74,"column":5}},"21":{"start":{"line":67,"column":19},"end":{"line":67,"column":62}},"22":{"start":{"line":70,"column":8},"end":{"line":70,"column":32}},"23":{"start":{"line":73,"column":8},"end":{"line":73,"column":137}},"24":{"start":{"line":86,"column":0},"end":{"line":123,"column":3}},"25":{"start":{"line":87,"column":4},"end":{"line":122,"column":5}},"26":{"start":{"line":88,"column":62},"end":{"line":88,"column":70}},"27":{"start":{"line":89,"column":8},"end":{"line":89,"column":153}},"28":{"start":{"line":89,"column":82},"end":{"line":89,"column":152}},"29":{"start":{"line":91,"column":19},"end":{"line":91,"column":62}},"30":{"start":{"line":92,"column":8},"end":{"line":118,"column":9}},"31":{"start":{"line":93,"column":12},"end":{"line":114,"column":13}},"32":{"start":{"line":94,"column":16},"end":{"line":113,"column":19}},"33":{"start":{"line":95,"column":20},"end":{"line":112,"column":21}},"34":{"start":{"line":96,"column":24},"end":{"line":108,"column":25}},"35":{"start":{"line":98,"column":43},"end":{"line":98,"column":45}},"36":{"start":{"line":99,"column":28},"end":{"line":99,"column":85}},"37":{"start":{"line":102,"column":28},"end":{"line":104,"column":62}},"38":{"start":{"line":103,"column":32},"end":{"line":103,"column":80}},"39":{"start":{"line":104,"column":44},"end":{"line":104,"column":60}},"40":{"start":{"line":107,"column":28},"end":{"line":107,"column":91}},"41":{"start":{"line":111,"column":24},"end":{"line":111,"column":79}},"42":{"start":{"line":117,"column":12},"end":{"line":117,"column":66}},"43":{"start":{"line":121,"column":8},"end":{"line":121,"column":66}},"44":{"start":{"line":125,"column":0},"end":{"line":125,"column":28}}},"fnMap":{"0":{"name":"hashPassword","decl":{"start":{"line":21,"column":9},"end":{"line":21,"column":21}},"loc":{"start":{"line":21,"column":44},"end":{"line":33,"column":1}},"line":21},"1":{"name":"(anonymous_1)","decl":{"start":{"line":22,"column":23},"end":{"line":22,"column":24}},"loc":{"start":{"line":22,"column":44},"end":{"line":32,"column":5}},"line":22},"2":{"name":"(anonymous_2)","decl":{"start":{"line":23,"column":35},"end":{"line":23,"column":36}},"loc":{"start":{"line":23,"column":52},"end":{"line":31,"column":9}},"line":23},"3":{"name":"(anonymous_3)","decl":{"start":{"line":24,"column":40},"end":{"line":24,"column":41}},"loc":{"start":{"line":24,"column":57},"end":{"line":30,"column":13}},"line":24},"4":{"name":"(anonymous_4)","decl":{"start":{"line":44,"column":37},"end":{"line":44,"column":38}},"loc":{"start":{"line":44,"column":57},"end":{"line":55,"column":1}},"line":44},"5":{"name":"(anonymous_5)","decl":{"start":{"line":64,"column":37},"end":{"line":64,"column":38}},"loc":{"start":{"line":64,"column":57},"end":{"line":75,"column":1}},"line":64},"6":{"name":"(anonymous_6)","decl":{"start":{"line":86,"column":34},"end":{"line":86,"column":35}},"loc":{"start":{"line":86,"column":54},"end":{"line":123,"column":1}},"line":86},"7":{"name":"(anonymous_7)","decl":{"start":{"line":94,"column":68},"end":{"line":94,"column":69}},"loc":{"start":{"line":94,"column":85},"end":{"line":113,"column":17}},"line":94},"8":{"name":"(anonymous_8)","decl":{"start":{"line":102,"column":45},"end":{"line":102,"column":46}},"loc":{"start":{"line":102,"column":51},"end":{"line":104,"column":29}},"line":102},"9":{"name":"(anonymous_9)","decl":{"start":{"line":104,"column":37},"end":{"line":104,"column":38}},"loc":{"start":{"line":104,"column":44},"end":{"line":104,"column":60}},"line":104}},"branchMap":{"0":{"loc":{"start":{"line":25,"column":16},"end":{"line":26,"column":32}},"type":"if","locations":[{"start":{"line":25,"column":16},"end":{"line":26,"column":32}},{"start":{"line":25,"column":16},"end":{"line":26,"column":32}}],"line":25},"1":{"loc":{"start":{"line":89,"column":8},"end":{"line":89,"column":153}},"type":"if","locations":[{"start":{"line":89,"column":8},"end":{"line":89,"column":153}},{"start":{"line":89,"column":8},"end":{"line":89,"column":153}}],"line":89},"2":{"loc":{"start":{"line":89,"column":12},"end":{"line":89,"column":80}},"type":"binary-expr","locations":[{"start":{"line":89,"column":12},"end":{"line":89,"column":34}},{"start":{"line":89,"column":38},"end":{"line":89,"column":57}},{"start":{"line":89,"column":61},"end":{"line":89,"column":80}}],"line":89},"3":{"loc":{"start":{"line":93,"column":12},"end":{"line":114,"column":13}},"type":"if","locations":[{"start":{"line":93,"column":12},"end":{"line":114,"column":13}},{"start":{"line":93,"column":12},"end":{"line":114,"column":13}}],"line":93},"4":{"loc":{"start":{"line":95,"column":20},"end":{"line":112,"column":21}},"type":"if","locations":[{"start":{"line":95,"column":20},"end":{"line":112,"column":21}},{"start":{"line":95,"column":20},"end":{"line":112,"column":21}}],"line":95},"5":{"loc":{"start":{"line":96,"column":24},"end":{"line":108,"column":25}},"type":"if","locations":[{"start":{"line":96,"column":24},"end":{"line":108,"column":25}},{"start":{"line":96,"column":24},"end":{"line":108,"column":25}}],"line":96}},"s":{"0":5,"1":5,"2":5,"3":5,"4":5,"5":5,"6":5,"7":5,"8":0,"9":0,"10":0,"11":0,"12":0,"13":0,"14":5,"15":3,"16":3,"17":2,"18":1,"19":5,"20":3,"21":3,"22":2,"23":1,"24":5,"25":6,"26":6,"27":6,"28":3,"29":3,"30":2,"31":2,"32":2,"33":2,"34":1,"35":0,"36":0,"37":0,"38":0,"39":0,"40":1,"41":1,"42":0,"43":1,"44":5},"f":{"0":0,"1":0,"2":0,"3":0,"4":3,"5":3,"6":6,"7":2,"8":0,"9":0},"b":{"0":[0,0],"1":[3,3],"2":[6,5,4],"3":[2,0],"4":[1,1],"5":[0,1]},"_coverageSchema":"1a1c01bbd47fc00a2c39e90264f33305004495a9","hash":"9554aefd827a23947338500127ffd3867c5545d4"}
,"D:\\ToeFX\\TOEFXLATEST\\ToeFX\\toefx-server\\tests\\jest.config.js": {"path":"D:\\ToeFX\\TOEFXLATEST\\ToeFX\\toefx-server\\tests\\jest.config.js","statementMap":{"0":{"start":{"line":1,"column":0},"end":{"line":4,"column":2}}},"fnMap":{},"branchMap":{},"s":{"0":3},"f":{},"b":{},"_coverageSchema":"1a1c01bbd47fc00a2c39e90264f33305004495a9","hash":"211005493229fabaa306c9dc2adc3859b5b69166"}
,"D:\\ToeFX\\TOEFXLATEST\\ToeFX\\toefx-server\\tests\\mongodb-config.js": {"path":"D:\\ToeFX\\TOEFXLATEST\\ToeFX\\toefx-server\\tests\\mongodb-config.js","statementMap":{"0":{"start":{"line":1,"column":0},"end":{"line":12,"column":2}}},"fnMap":{},"branchMap":{},"s":{"0":1},"f":{},"b":{},"_coverageSchema":"1a1c01bbd47fc00a2c39e90264f33305004495a9","hash":"5ead2ece5b707364b4f0f0aca5e8f51d38521956"}
}
