TN:
SF:app.js
FN:33,(anonymous_0)
FN:46,createImageFolder
FN:47,(anonymous_2)
FN:48,(anonymous_3)
FN:62,createNewUser
FN:63,(anonymous_5)
FN:67,(anonymous_6)
FN:68,(anonymous_7)
FN:72,(anonymous_8)
FN:76,(anonymous_9)
FN:85,createEmptyToeEntery
FN:92,(anonymous_11)
FN:93,(anonymous_12)
FN:104,createSignedToken
FN:105,(anonymous_14)
FN:107,(anonymous_15)
FN:120,(anonymous_16)
FN:125,(anonymous_17)
FN:127,(anonymous_18)
FN:159,checkInput
FN:173,validateEmail
FN:187,(anonymous_21)
FN:198,(anonymous_22)
FN:208,(anonymous_23)
FN:209,(anonymous_24)
FN:230,(anonymous_25)
FN:258,(anonymous_26)
FN:287,(anonymous_27)
FN:310,(anonymous_28)
FN:317,(anonymous_29)
FN:333,(anonymous_30)
FNF:31
FNH:30
FNDA:9,(anonymous_0)
FNDA:1,createImageFolder
FNDA:1,(anonymous_2)
FNDA:1,(anonymous_3)
FNDA:1,createNewUser
FNDA:1,(anonymous_5)
FNDA:1,(anonymous_6)
FNDA:1,(anonymous_7)
FNDA:1,(anonymous_8)
FNDA:0,(anonymous_9)
FNDA:1,createEmptyToeEntery
FNDA:1,(anonymous_11)
FNDA:1,(anonymous_12)
FNDA:2,createSignedToken
FNDA:2,(anonymous_14)
FNDA:2,(anonymous_15)
FNDA:4,(anonymous_16)
FNDA:3,(anonymous_17)
FNDA:2,(anonymous_18)
FNDA:9,checkInput
FNDA:3,validateEmail
FNDA:9,(anonymous_21)
FNDA:2,(anonymous_22)
FNDA:1,(anonymous_23)
FNDA:1,(anonymous_24)
FNDA:3,(anonymous_25)
FNDA:8,(anonymous_26)
FNDA:2,(anonymous_27)
FNDA:3,(anonymous_28)
FNDA:2,(anonymous_29)
FNDA:2,(anonymous_30)
DA:1,9
DA:2,9
DA:3,9
DA:4,9
DA:5,9
DA:6,9
DA:7,9
DA:8,9
DA:9,9
DA:10,9
DA:11,9
DA:12,9
DA:13,9
DA:14,9
DA:15,9
DA:17,9
DA:18,9
DA:19,9
DA:20,9
DA:21,9
DA:23,9
DA:29,9
DA:30,9
DA:33,9
DA:34,9
DA:35,9
DA:37,0
DA:47,1
DA:48,1
DA:49,1
DA:63,1
DA:65,1
DA:67,1
DA:68,1
DA:69,1
DA:71,1
DA:72,1
DA:73,1
DA:74,1
DA:76,0
DA:86,1
DA:87,1
DA:92,1
DA:93,1
DA:94,1
DA:105,2
DA:106,2
DA:108,2
DA:120,9
DA:121,4
DA:122,4
DA:124,3
DA:125,3
DA:126,3
DA:127,2
DA:128,2
DA:129,2
DA:134,2
DA:135,2
DA:141,0
DA:147,1
DA:152,0
DA:161,9
DA:162,5
DA:165,4
DA:166,1
DA:169,3
DA:174,3
DA:175,3
DA:187,9
DA:188,9
DA:189,9
DA:190,9
DA:191,6
DA:193,3
DA:194,1
DA:197,2
DA:198,2
DA:200,2
DA:201,1
DA:204,1
DA:206,1
DA:208,1
DA:209,1
DA:210,1
DA:215,0
DA:221,0
DA:230,9
DA:231,3
DA:233,3
DA:234,2
DA:235,2
DA:236,2
DA:237,2
DA:239,1
DA:240,0
DA:242,1
DA:246,1
DA:258,9
DA:259,8
DA:260,8
DA:261,7
DA:262,7
DA:264,7
DA:265,1
DA:268,6
DA:269,6
DA:270,6
DA:271,6
DA:274,6
DA:275,6
DA:276,6
DA:277,6
DA:279,4
DA:283,0
DA:287,2
DA:290,2
DA:291,2
DA:292,2
DA:293,2
DA:296,2
DA:297,2
DA:299,2
DA:302,1
DA:310,9
DA:312,3
DA:313,3
DA:314,2
DA:317,2
DA:318,2
DA:319,1
DA:321,1
DA:326,1
DA:333,9
DA:334,2
DA:335,2
DA:336,2
DA:337,1
DA:340,1
DA:347,9
DA:348,9
DA:349,9
DA:350,9
DA:352,9
LF:144
LH:136
BRDA:69,0,0,0
BRDA:69,0,1,1
BRDA:122,1,0,1
BRDA:122,1,1,3
BRDA:122,2,0,4
BRDA:122,2,1,3
BRDA:126,3,0,2
BRDA:126,3,1,1
BRDA:128,4,0,2
BRDA:128,4,1,0
BRDA:161,5,0,5
BRDA:161,5,1,4
BRDA:161,6,0,9
BRDA:161,6,1,7
BRDA:161,6,2,6
BRDA:161,6,3,5
BRDA:165,7,0,1
BRDA:165,7,1,3
BRDA:165,8,0,4
BRDA:165,8,1,3
BRDA:165,8,2,3
BRDA:165,8,3,3
BRDA:190,9,0,6
BRDA:190,9,1,3
BRDA:193,10,0,1
BRDA:193,10,1,2
BRDA:200,11,0,1
BRDA:200,11,1,1
BRDA:237,12,0,1
BRDA:237,12,1,1
BRDA:239,13,0,0
BRDA:239,13,1,1
BRDA:264,14,0,1
BRDA:264,14,1,6
BRDA:264,15,0,7
BRDA:264,15,1,6
BRDA:264,15,2,6
BRDA:264,15,3,6
BRDA:275,16,0,6
BRDA:275,16,1,0
BRDA:291,17,0,2
BRDA:291,17,1,0
BRDA:318,18,0,1
BRDA:318,18,1,1
BRF:44
BRH:39
end_of_record
TN:
SF:config.js
FNF:0
FNH:0
DA:1,10
DA:3,10
DA:9,10
LF:3
LH:3
BRF:0
BRH:0
end_of_record
TN:
SF:utils.js
FN:18,getUserByUserId
FN:19,(anonymous_1)
FN:20,(anonymous_2)
FN:38,getUserIdFromToken
FN:53,loadUserObject
FN:69,getToeData
FN:70,(anonymous_6)
FN:71,(anonymous_7)
FN:85,runCommand
FN:86,(anonymous_9)
FN:87,(anonymous_10)
FNF:11
FNH:11
FNDA:8,getUserByUserId
FNDA:8,(anonymous_1)
FNDA:8,(anonymous_2)
FNDA:17,getUserIdFromToken
FNDA:17,loadUserObject
FNDA:2,getToeData
FNDA:2,(anonymous_6)
FNDA:2,(anonymous_7)
FNDA:2,runCommand
FNDA:2,(anonymous_9)
FNDA:1,(anonymous_10)
DA:5,10
DA:6,10
DA:7,10
DA:8,10
DA:9,10
DA:19,8
DA:20,8
DA:21,8
DA:22,8
DA:25,0
DA:26,0
DA:39,17
DA:41,8
DA:42,0
DA:44,8
DA:54,17
DA:55,17
DA:56,8
DA:58,8
DA:70,2
DA:71,2
DA:72,2
DA:73,2
DA:75,0
DA:86,2
DA:87,2
DA:88,1
DA:89,0
DA:90,0
DA:93,1
DA:100,10
DA:122,10
DA:123,10
DA:124,10
DA:125,10
LF:35
LH:29
BRDA:21,0,0,8
BRDA:21,0,1,0
BRDA:41,1,0,0
BRDA:41,1,1,8
BRDA:72,2,0,2
BRDA:72,2,1,0
BRDA:88,3,0,0
BRDA:88,3,1,1
BRF:8
BRH:4
end_of_record
TN:
SF:database\toe-dataSchema.js
FNF:0
FNH:0
DA:1,10
DA:2,10
DA:3,10
DA:5,10
DA:86,10
DA:141,10
LF:6
LH:6
BRF:0
BRH:0
end_of_record
TN:
SF:database\userSchema.js
FNF:0
FNH:0
DA:1,10
DA:2,10
DA:4,10
DA:7,10
DA:43,10
LF:5
LH:5
BRF:0
BRH:0
end_of_record
TN:
SF:routes\ImageValidation.js
FN:16,PrintImageValidationError
FN:26,GetAndSendValidationOutput
FN:41,(anonymous_2)
FN:72,(anonymous_3)
FNF:4
FNH:4
FNDA:1,PrintImageValidationError
FNDA:3,GetAndSendValidationOutput
FNDA:4,(anonymous_2)
FNDA:2,(anonymous_3)
DA:5,9
DA:6,9
DA:7,9
DA:17,1
DA:18,1
DA:28,3
DA:29,3
DA:41,9
DA:42,4
DA:44,4
DA:45,3
DA:46,3
DA:49,3
DA:50,3
DA:51,2
DA:52,2
DA:53,2
DA:54,2
DA:57,2
DA:60,1
DA:61,1
DA:72,9
DA:73,2
DA:74,2
DA:75,1
DA:76,1
DA:78,1
DA:79,1
DA:82,0
DA:86,9
LF:30
LH:29
BRDA:50,0,0,1
BRDA:50,0,1,2
BRDA:74,1,0,1
BRDA:74,1,1,1
BRF:4
BRH:4
end_of_record
TN:
SF:routes\diagnose.js
FN:17,PrintImageDiagnosisError
FN:27,GetAndSendDiagnosisOutput
FN:41,(anonymous_2)
FN:71,(anonymous_3)
FNF:4
FNH:4
FNDA:1,PrintImageDiagnosisError
FNDA:3,GetAndSendDiagnosisOutput
FNDA:4,(anonymous_2)
FNDA:2,(anonymous_3)
DA:5,9
DA:6,9
DA:7,9
DA:18,1
DA:19,1
DA:29,3
DA:30,3
DA:41,9
DA:42,4
DA:44,4
DA:45,3
DA:46,3
DA:48,3
DA:49,3
DA:50,2
DA:52,2
DA:55,2
DA:58,1
DA:59,1
DA:71,9
DA:73,2
DA:74,2
DA:75,1
DA:76,1
DA:78,1
DA:79,1
DA:82,0
DA:86,9
LF:28
LH:27
BRDA:49,0,0,1
BRDA:49,0,1,2
BRDA:74,1,0,1
BRDA:74,1,1,1
BRF:4
BRH:4
end_of_record
TN:
SF:routes\uploadImage.js
FN:19,SaveToeData
FN:22,(anonymous_1)
FN:44,PrintImageMovementError
FN:56,moveImageToUserImages
FN:57,(anonymous_4)
FN:59,(anonymous_5)
FN:82,moveImageToTempFolder
FN:83,(anonymous_7)
FN:89,(anonymous_8)
FN:110,GetImageExtension
FN:126,(anonymous_10)
FN:155,(anonymous_11)
FN:157,(anonymous_12)
FN:174,(anonymous_13)
FN:183,(anonymous_14)
FN:185,(anonymous_15)
FNF:16
FNH:8
FNDA:1,SaveToeData
FNDA:0,(anonymous_1)
FNDA:1,PrintImageMovementError
FNDA:1,moveImageToUserImages
FNDA:1,(anonymous_4)
FNDA:1,(anonymous_5)
FNDA:0,moveImageToTempFolder
FNDA:0,(anonymous_7)
FNDA:0,(anonymous_8)
FNDA:2,GetImageExtension
FNDA:4,(anonymous_10)
FNDA:0,(anonymous_11)
FNDA:1,(anonymous_12)
FNDA:0,(anonymous_13)
FNDA:0,(anonymous_14)
FNDA:0,(anonymous_15)
DA:1,9
DA:2,9
DA:3,9
DA:4,9
DA:5,9
DA:6,9
DA:22,1
DA:23,0
DA:24,0
DA:30,0
DA:33,0
DA:34,0
DA:45,1
DA:46,1
DA:57,1
DA:58,1
DA:59,1
DA:60,1
DA:61,1
DA:62,1
DA:65,0
DA:70,0
DA:83,0
DA:84,0
DA:86,0
DA:87,0
DA:89,0
DA:90,0
DA:91,0
DA:92,0
DA:95,0
DA:100,0
DA:111,2
DA:112,2
DA:113,2
DA:126,9
DA:127,4
DA:128,4
DA:129,3
DA:130,3
DA:131,2
DA:132,2
DA:133,2
DA:138,2
DA:141,2
DA:142,2
DA:145,2
DA:146,2
DA:147,1
DA:148,1
DA:149,1
DA:152,1
DA:155,1
DA:156,0
DA:157,1
DA:160,2
DA:174,9
DA:175,0
DA:176,0
DA:177,0
DA:180,0
DA:183,0
DA:184,0
DA:185,0
DA:188,9
LF:65
LH:40
BRDA:19,0,0,0
BRDA:23,1,0,0
BRDA:23,1,1,0
BRDA:33,2,0,0
BRDA:33,2,1,0
BRDA:60,3,0,1
BRDA:60,3,1,0
BRDA:86,4,0,0
BRDA:86,4,1,0
BRDA:90,5,0,0
BRDA:90,5,1,0
BRDA:128,6,0,0
BRDA:128,6,1,3
BRDA:146,7,0,1
BRDA:146,7,1,1
BRDA:146,8,0,2
BRDA:146,8,1,1
BRF:17
BRH:6
end_of_record
TN:
SF:routes\user.js
FN:21,hashPassword
FN:22,(anonymous_1)
FN:23,(anonymous_2)
FN:24,(anonymous_3)
FN:44,(anonymous_4)
FN:64,(anonymous_5)
FN:86,(anonymous_6)
FN:94,(anonymous_7)
FN:102,(anonymous_8)
FN:104,(anonymous_9)
FNF:10
FNH:4
FNDA:0,hashPassword
FNDA:0,(anonymous_1)
FNDA:0,(anonymous_2)
FNDA:0,(anonymous_3)
FNDA:3,(anonymous_4)
FNDA:3,(anonymous_5)
FNDA:6,(anonymous_6)
FNDA:2,(anonymous_7)
FNDA:0,(anonymous_8)
FNDA:0,(anonymous_9)
DA:5,9
DA:6,9
DA:7,9
DA:8,9
DA:9,9
DA:10,9
DA:11,9
DA:12,9
DA:22,0
DA:23,0
DA:24,0
DA:25,0
DA:26,0
DA:29,0
DA:44,9
DA:45,3
DA:47,3
DA:50,2
DA:53,1
DA:64,9
DA:65,3
DA:67,3
DA:70,2
DA:73,1
DA:86,9
DA:87,6
DA:88,6
DA:89,6
DA:91,3
DA:92,2
DA:93,2
DA:94,2
DA:95,2
DA:96,1
DA:98,0
DA:99,0
DA:102,0
DA:103,0
DA:104,0
DA:107,1
DA:111,1
DA:117,0
DA:121,1
DA:125,9
LF:44
LH:32
BRDA:25,0,0,0
BRDA:25,0,1,0
BRDA:89,1,0,3
BRDA:89,1,1,3
BRDA:89,2,0,6
BRDA:89,2,1,5
BRDA:89,2,2,4
BRDA:93,3,0,2
BRDA:93,3,1,0
BRDA:95,4,0,1
BRDA:95,4,1,1
BRDA:96,5,0,0
BRDA:96,5,1,1
BRF:13
BRH:9
end_of_record
TN:
SF:tests\jest.config.js
FNF:0
FNH:0
DA:1,9
LF:1
LH:1
BRF:0
BRH:0
end_of_record
TN:
SF:tests\mongodb-config.js
FNF:0
FNH:0
DA:1,1
LF:1
LH:1
BRF:0
BRH:0
end_of_record
