TN:
SF:app.js
FN:33,(anonymous_0)
FN:46,createImageFolder
FN:47,(anonymous_2)
FN:48,(anonymous_3)
FN:62,createNewUser
FN:63,(anonymous_5)
FN:67,(anonymous_6)
FN:68,(anonymous_7)
FN:73,(anonymous_8)
FN:77,(anonymous_9)
FN:86,createEmptyToeEntery
FN:93,(anonymous_11)
FN:94,(anonymous_12)
FN:105,createSignedToken
FN:106,(anonymous_14)
FN:108,(anonymous_15)
FN:121,(anonymous_16)
FN:126,(anonymous_17)
FN:128,(anonymous_18)
FN:160,checkInput
FN:182,(anonymous_20)
FN:189,(anonymous_21)
FN:199,(anonymous_22)
FN:200,(anonymous_23)
FN:221,(anonymous_24)
FN:249,(anonymous_25)
FN:278,(anonymous_26)
FN:301,(anonymous_27)
FN:308,(anonymous_28)
FN:324,(anonymous_29)
FNF:30
FNH:16
FNDA:8,(anonymous_0)
FNDA:0,createImageFolder
FNDA:0,(anonymous_2)
FNDA:0,(anonymous_3)
FNDA:0,createNewUser
FNDA:0,(anonymous_5)
FNDA:0,(anonymous_6)
FNDA:0,(anonymous_7)
FNDA:0,(anonymous_8)
FNDA:0,(anonymous_9)
FNDA:0,createEmptyToeEntery
FNDA:0,(anonymous_11)
FNDA:0,(anonymous_12)
FNDA:2,createSignedToken
FNDA:2,(anonymous_14)
FNDA:2,(anonymous_15)
FNDA:4,(anonymous_16)
FNDA:3,(anonymous_17)
FNDA:2,(anonymous_18)
FNDA:7,checkInput
FNDA:7,(anonymous_20)
FNDA:1,(anonymous_21)
FNDA:0,(anonymous_22)
FNDA:0,(anonymous_23)
FNDA:3,(anonymous_24)
FNDA:8,(anonymous_25)
FNDA:2,(anonymous_26)
FNDA:3,(anonymous_27)
FNDA:2,(anonymous_28)
FNDA:2,(anonymous_29)
DA:1,8
DA:2,8
DA:3,8
DA:4,8
DA:5,8
DA:6,8
DA:7,8
DA:8,8
DA:9,8
DA:10,8
DA:11,8
DA:12,8
DA:13,8
DA:14,8
DA:15,8
DA:17,8
DA:18,8
DA:19,8
DA:20,8
DA:21,8
DA:23,8
DA:29,8
DA:30,8
DA:33,8
DA:34,8
DA:35,8
DA:37,0
DA:47,0
DA:48,0
DA:49,0
DA:63,0
DA:65,0
DA:67,0
DA:68,0
DA:69,0
DA:72,0
DA:73,0
DA:74,0
DA:75,0
DA:77,0
DA:87,0
DA:88,0
DA:93,0
DA:94,0
DA:95,0
DA:106,2
DA:107,2
DA:109,2
DA:121,8
DA:122,4
DA:123,4
DA:125,3
DA:126,3
DA:127,3
DA:128,2
DA:129,2
DA:130,2
DA:135,2
DA:136,2
DA:142,0
DA:148,1
DA:153,0
DA:162,7
DA:163,5
DA:166,2
DA:167,1
DA:170,1
DA:182,8
DA:183,7
DA:184,7
DA:185,7
DA:186,6
DA:188,1
DA:189,1
DA:191,1
DA:192,1
DA:195,0
DA:197,0
DA:199,0
DA:200,0
DA:201,0
DA:206,0
DA:212,0
DA:221,8
DA:222,3
DA:224,3
DA:225,2
DA:226,2
DA:227,2
DA:228,2
DA:230,1
DA:231,0
DA:233,1
DA:237,1
DA:249,8
DA:250,8
DA:251,8
DA:252,7
DA:253,7
DA:255,7
DA:256,1
DA:259,6
DA:260,6
DA:261,6
DA:262,6
DA:265,6
DA:266,6
DA:267,6
DA:268,6
DA:270,4
DA:274,0
DA:278,2
DA:281,2
DA:282,2
DA:283,2
DA:284,2
DA:287,2
DA:288,2
DA:290,2
DA:293,1
DA:301,8
DA:303,3
DA:304,3
DA:305,2
DA:308,2
DA:309,2
DA:310,1
DA:312,1
DA:317,1
DA:324,8
DA:325,2
DA:326,2
DA:327,2
DA:328,1
DA:331,1
DA:338,8
DA:339,8
DA:340,8
DA:341,8
DA:343,8
LF:140
LH:110
BRDA:69,0,0,0
BRDA:69,0,1,0
BRDA:123,1,0,1
BRDA:123,1,1,3
BRDA:123,2,0,4
BRDA:123,2,1,3
BRDA:127,3,0,2
BRDA:127,3,1,1
BRDA:129,4,0,2
BRDA:129,4,1,0
BRDA:162,5,0,5
BRDA:162,5,1,2
BRDA:162,6,0,7
BRDA:162,6,1,5
BRDA:162,6,2,4
BRDA:162,6,3,3
BRDA:166,7,0,1
BRDA:166,7,1,1
BRDA:166,8,0,2
BRDA:166,8,1,1
BRDA:166,8,2,1
BRDA:166,8,3,1
BRDA:185,9,0,6
BRDA:185,9,1,1
BRDA:191,10,0,1
BRDA:191,10,1,0
BRDA:228,11,0,1
BRDA:228,11,1,1
BRDA:230,12,0,0
BRDA:230,12,1,1
BRDA:255,13,0,1
BRDA:255,13,1,6
BRDA:255,14,0,7
BRDA:255,14,1,6
BRDA:255,14,2,6
BRDA:255,14,3,6
BRDA:266,15,0,6
BRDA:266,15,1,0
BRDA:282,16,0,2
BRDA:282,16,1,0
BRDA:309,17,0,1
BRDA:309,17,1,1
BRF:42
BRH:35
end_of_record
TN:
SF:config.js
FNF:0
FNH:0
DA:1,8
DA:3,8
DA:9,8
LF:3
LH:3
BRF:0
BRH:0
end_of_record
TN:
SF:utils.js
FN:18,getUserByUserId
FN:19,(anonymous_1)
FN:20,(anonymous_2)
FN:38,getUserIdFromToken
FN:53,loadUserObject
FN:69,getToeData
FN:70,(anonymous_6)
FN:71,(anonymous_7)
FN:85,runCommand
FN:86,(anonymous_9)
FN:87,(anonymous_10)
FNF:11
FNH:5
FNDA:8,getUserByUserId
FNDA:8,(anonymous_1)
FNDA:8,(anonymous_2)
FNDA:16,getUserIdFromToken
FNDA:16,loadUserObject
FNDA:0,getToeData
FNDA:0,(anonymous_6)
FNDA:0,(anonymous_7)
FNDA:0,runCommand
FNDA:0,(anonymous_9)
FNDA:0,(anonymous_10)
DA:5,8
DA:6,8
DA:7,8
DA:8,8
DA:9,8
DA:19,8
DA:20,8
DA:21,8
DA:22,8
DA:25,0
DA:26,0
DA:39,16
DA:41,8
DA:42,0
DA:44,8
DA:54,16
DA:55,16
DA:56,8
DA:58,8
DA:70,0
DA:71,0
DA:72,0
DA:73,0
DA:75,0
DA:86,0
DA:87,0
DA:88,0
DA:89,0
DA:90,0
DA:93,0
DA:100,8
DA:122,8
DA:123,8
DA:124,8
DA:125,8
LF:35
LH:21
BRDA:21,0,0,8
BRDA:21,0,1,0
BRDA:41,1,0,0
BRDA:41,1,1,8
BRDA:72,2,0,0
BRDA:72,2,1,0
BRDA:88,3,0,0
BRDA:88,3,1,0
BRF:8
BRH:2
end_of_record
TN:
SF:database\toe-dataSchema.js
FNF:0
FNH:0
DA:1,8
DA:2,8
DA:3,8
DA:5,8
DA:86,8
DA:141,8
LF:6
LH:6
BRF:0
BRH:0
end_of_record
TN:
SF:database\userSchema.js
FNF:0
FNH:0
DA:1,8
DA:2,8
DA:4,8
DA:7,8
DA:43,8
LF:5
LH:5
BRF:0
BRH:0
end_of_record
TN:
SF:routes\ImageValidation.js
FN:16,PrintImageValidationError
FN:26,GetAndSendValidationOutput
FN:41,(anonymous_2)
FN:72,(anonymous_3)
FNF:4
FNH:4
FNDA:1,PrintImageValidationError
FNDA:3,GetAndSendValidationOutput
FNDA:4,(anonymous_2)
FNDA:2,(anonymous_3)
DA:5,8
DA:6,8
DA:7,8
DA:17,1
DA:18,1
DA:28,3
DA:29,3
DA:41,8
DA:42,4
DA:44,4
DA:45,3
DA:46,3
DA:49,3
DA:50,3
DA:51,2
DA:52,2
DA:53,2
DA:54,2
DA:57,2
DA:60,1
DA:61,1
DA:72,8
DA:73,2
DA:74,2
DA:75,1
DA:76,1
DA:78,1
DA:79,1
DA:82,0
DA:86,8
LF:30
LH:29
BRDA:50,0,0,1
BRDA:50,0,1,2
BRDA:74,1,0,1
BRDA:74,1,1,1
BRF:4
BRH:4
end_of_record
TN:
SF:routes\diagnose.js
FN:17,PrintImageDiagnosisError
FN:27,GetAndSendDiagnosisOutput
FN:41,(anonymous_2)
FN:71,(anonymous_3)
FNF:4
FNH:4
FNDA:1,PrintImageDiagnosisError
FNDA:3,GetAndSendDiagnosisOutput
FNDA:4,(anonymous_2)
FNDA:2,(anonymous_3)
DA:5,8
DA:6,8
DA:7,8
DA:18,1
DA:19,1
DA:29,3
DA:30,3
DA:41,8
DA:42,4
DA:44,4
DA:45,3
DA:46,3
DA:48,3
DA:49,3
DA:50,2
DA:52,2
DA:55,2
DA:58,1
DA:59,1
DA:71,8
DA:73,2
DA:74,2
DA:75,1
DA:76,1
DA:78,1
DA:79,1
DA:82,0
DA:86,8
LF:28
LH:27
BRDA:49,0,0,1
BRDA:49,0,1,2
BRDA:74,1,0,1
BRDA:74,1,1,1
BRF:4
BRH:4
end_of_record
TN:
SF:routes\uploadImage.js
FN:20,SaveToeData
FN:23,(anonymous_1)
FN:40,PrintImageMovementError
FN:52,moveImageToUserImages
FN:53,(anonymous_4)
FN:55,(anonymous_5)
FN:78,moveImageToTempFolder
FN:79,(anonymous_7)
FN:85,(anonymous_8)
FN:106,GetImageExtension
FN:122,(anonymous_10)
FN:148,(anonymous_11)
FN:150,(anonymous_12)
FN:162,(anonymous_13)
FN:171,(anonymous_14)
FN:173,(anonymous_15)
FNF:16
FNH:0
FNDA:0,SaveToeData
FNDA:0,(anonymous_1)
FNDA:0,PrintImageMovementError
FNDA:0,moveImageToUserImages
FNDA:0,(anonymous_4)
FNDA:0,(anonymous_5)
FNDA:0,moveImageToTempFolder
FNDA:0,(anonymous_7)
FNDA:0,(anonymous_8)
FNDA:0,GetImageExtension
FNDA:0,(anonymous_10)
FNDA:0,(anonymous_11)
FNDA:0,(anonymous_12)
FNDA:0,(anonymous_13)
FNDA:0,(anonymous_14)
FNDA:0,(anonymous_15)
DA:1,8
DA:2,8
DA:3,8
DA:4,8
DA:6,8
DA:7,8
DA:23,0
DA:24,0
DA:25,0
DA:31,0
DA:41,0
DA:42,0
DA:53,0
DA:54,0
DA:55,0
DA:56,0
DA:57,0
DA:58,0
DA:61,0
DA:66,0
DA:79,0
DA:80,0
DA:82,0
DA:83,0
DA:85,0
DA:86,0
DA:87,0
DA:88,0
DA:91,0
DA:96,0
DA:107,0
DA:108,0
DA:109,0
DA:122,8
DA:123,0
DA:124,0
DA:125,0
DA:126,0
DA:127,0
DA:132,0
DA:135,0
DA:136,0
DA:139,0
DA:140,0
DA:141,0
DA:142,0
DA:145,0
DA:148,0
DA:149,0
DA:150,0
DA:162,8
DA:163,0
DA:164,0
DA:165,0
DA:168,0
DA:171,0
DA:172,0
DA:173,0
DA:176,8
LF:59
LH:9
BRDA:24,0,0,0
BRDA:24,0,1,0
BRDA:56,1,0,0
BRDA:56,1,1,0
BRDA:82,2,0,0
BRDA:82,2,1,0
BRDA:86,3,0,0
BRDA:86,3,1,0
BRF:8
BRH:0
end_of_record
TN:
SF:routes\user.js
FN:21,hashPassword
FN:22,(anonymous_1)
FN:23,(anonymous_2)
FN:24,(anonymous_3)
FN:44,(anonymous_4)
FN:64,(anonymous_5)
FN:86,(anonymous_6)
FN:94,(anonymous_7)
FN:102,(anonymous_8)
FN:104,(anonymous_9)
FNF:10
FNH:4
FNDA:0,hashPassword
FNDA:0,(anonymous_1)
FNDA:0,(anonymous_2)
FNDA:0,(anonymous_3)
FNDA:3,(anonymous_4)
FNDA:3,(anonymous_5)
FNDA:6,(anonymous_6)
FNDA:2,(anonymous_7)
FNDA:0,(anonymous_8)
FNDA:0,(anonymous_9)
DA:5,8
DA:6,8
DA:7,8
DA:8,8
DA:9,8
DA:10,8
DA:11,8
DA:12,8
DA:22,0
DA:23,0
DA:24,0
DA:25,0
DA:26,0
DA:29,0
DA:44,8
DA:45,3
DA:47,3
DA:50,2
DA:53,1
DA:64,8
DA:65,3
DA:67,3
DA:70,2
DA:73,1
DA:86,8
DA:87,6
DA:88,6
DA:89,6
DA:91,3
DA:92,2
DA:93,2
DA:94,2
DA:95,2
DA:96,1
DA:98,0
DA:99,0
DA:102,0
DA:103,0
DA:104,0
DA:107,1
DA:111,1
DA:117,0
DA:121,1
DA:125,8
LF:44
LH:32
BRDA:25,0,0,0
BRDA:25,0,1,0
BRDA:89,1,0,3
BRDA:89,1,1,3
BRDA:89,2,0,6
BRDA:89,2,1,5
BRDA:89,2,2,4
BRDA:93,3,0,2
BRDA:93,3,1,0
BRDA:95,4,0,1
BRDA:95,4,1,1
BRDA:96,5,0,0
BRDA:96,5,1,1
BRF:13
BRH:9
end_of_record
TN:
SF:tests\jest.config.js
FNF:0
FNH:0
DA:1,6
LF:1
LH:1
BRF:0
BRH:0
end_of_record
TN:
SF:tests\mongodb-config.js
FNF:0
FNH:0
DA:1,1
LF:1
LH:1
BRF:0
BRH:0
end_of_record
